   1               		.file	"CameraControl_DeviceInfo.c"
   2               	__SREG__ = 0x3f
   3               	__SP_H__ = 0x3e
   4               	__SP_L__ = 0x3d
   5               	__CCP__ = 0x34
   6               	__tmp_reg__ = 0
   7               	__zero_reg__ = 1
  15               	.Ltext0:
  16               		.section	.text.CameraControl_DeviceInfo_PrintString,"ax",@progbits
  17               	.global	CameraControl_DeviceInfo_PrintString
  19               	CameraControl_DeviceInfo_PrintString:
  20               	.LFB140:
  21               	.LSM0:
  22               	.LVL0:
  23 0000 DF92      		push r13
  24 0002 EF92      		push r14
  25 0004 FF92      		push r15
  26 0006 0F93      		push r16
  27 0008 1F93      		push r17
  28 000a CF93      		push r28
  29 000c DF93      		push r29
  30               	/* prologue: function */
  31               	/* frame size = 0 */
  32               	/* stack size = 7 */
  33               	.L__stack_usage = 7
  34 000e EC01      		movw r28,r24
  35 0010 8B01      		movw r16,r22
  36               	.LSM1:
  37 0012 E881      		ld r30,Y
  38 0014 F981      		ldd r31,Y+1
  39 0016 D080      		ld r13,Z
  40               	.LVL1:
  41               	.LSM2:
  42 0018 00D0      		rcall .
  43 001a 00D0      		rcall .
  44 001c EDB7      		in r30,__SP_L__
  45 001e FEB7      		in r31,__SP_H__
  46 0020 3196      		adiw r30,1
  47 0022 80E0      		ldi r24,lo8(__c.4448)
  48 0024 90E0      		ldi r25,hi8(__c.4448)
  49               	.LVL2:
  50 0026 ADB7      		in r26,__SP_L__
  51 0028 BEB7      		in r27,__SP_H__
  52 002a 1296      		adiw r26,1+1
  53 002c 9C93      		st X,r25
  54 002e 8E93      		st -X,r24
  55 0030 1197      		sbiw r26,1
  56 0032 D282      		std Z+2,r13
  57 0034 1382      		std Z+3,__zero_reg__
  58 0036 0E94 0000 		call printf_P
  59               	.LVL3:
  60               	.LSM3:
  61 003a 8881      		ld r24,Y
  62 003c 9981      		ldd r25,Y+1
  63 003e 0196      		adiw r24,1
  64 0040 9983      		std Y+1,r25
  65 0042 8883      		st Y,r24
  66 0044 F801      		movw r30,r16
  67 0046 8081      		ld r24,Z
  68 0048 9181      		ldd r25,Z+1
  69 004a 0197      		sbiw r24,1
  70 004c 9183      		std Z+1,r25
  71 004e 8083      		st Z,r24
  72               	.LSM4:
  73 0050 0F90      		pop __tmp_reg__
  74 0052 0F90      		pop __tmp_reg__
  75 0054 0F90      		pop __tmp_reg__
  76 0056 0F90      		pop __tmp_reg__
  77               	.LSM5:
  78 0058 80E0      		ldi r24,lo8(__c.4450)
  79 005a E82E      		mov r14,r24
  80 005c 80E0      		ldi r24,hi8(__c.4450)
  81 005e F82E      		mov r15,r24
  82               	.LSM6:
  83 0060 00C0      		rjmp .L2
  84               	.L3:
  85               	.LSM7:
  86 0062 00D0      		rcall .
  87 0064 00D0      		rcall .
  88 0066 EDB7      		in r30,__SP_L__
  89 0068 FEB7      		in r31,__SP_H__
  90 006a 3196      		adiw r30,1
  91 006c ADB7      		in r26,__SP_L__
  92 006e BEB7      		in r27,__SP_H__
  93 0070 1296      		adiw r26,1+1
  94 0072 FC92      		st X,r15
  95 0074 EE92      		st -X,r14
  96 0076 1197      		sbiw r26,1
  97 0078 A881      		ld r26,Y
  98 007a B981      		ldd r27,Y+1
  99 007c 8C91      		ld r24,X
 100 007e 8283      		std Z+2,r24
 101 0080 1382      		std Z+3,__zero_reg__
 102 0082 0E94 0000 		call printf_P
 103               	.LSM8:
 104 0086 DA94      		dec r13
 105               	.LVL4:
 106 0088 F801      		movw r30,r16
 107 008a 8081      		ld r24,Z
 108 008c 9181      		ldd r25,Z+1
 109 008e 0297      		sbiw r24,2
 110 0090 9183      		std Z+1,r25
 111 0092 8083      		st Z,r24
 112 0094 8881      		ld r24,Y
 113 0096 9981      		ldd r25,Y+1
 114 0098 0296      		adiw r24,2
 115 009a 9983      		std Y+1,r25
 116 009c 8883      		st Y,r24
 117 009e 0F90      		pop __tmp_reg__
 118 00a0 0F90      		pop __tmp_reg__
 119 00a2 0F90      		pop __tmp_reg__
 120 00a4 0F90      		pop __tmp_reg__
 121               	.L2:
 122               	.LSM9:
 123 00a6 DD20      		tst r13
 124 00a8 01F4      		brne .L3
 125               	.LSM10:
 126 00aa 81E0      		ldi r24,lo8(1)
 127               	/* epilogue start */
 128 00ac DF91      		pop r29
 129 00ae CF91      		pop r28
 130               	.LVL5:
 131 00b0 1F91      		pop r17
 132 00b2 0F91      		pop r16
 133               	.LVL6:
 134 00b4 FF90      		pop r15
 135 00b6 EF90      		pop r14
 136 00b8 DF90      		pop r13
 137               	.LVL7:
 138 00ba 0895      		ret
 139               	.LFE140:
 141               		.section	.text.CameraControl_DeviceInfo_CopyString,"ax",@progbits
 142               	.global	CameraControl_DeviceInfo_CopyString
 144               	CameraControl_DeviceInfo_CopyString:
 145               	.LFB141:
 146               	.LSM11:
 147               	.LVL8:
 148 0000 EF92      		push r14
 149 0002 FF92      		push r15
 150 0004 0F93      		push r16
 151 0006 1F93      		push r17
 152 0008 CF93      		push r28
 153 000a DF93      		push r29
 154               	/* prologue: function */
 155               	/* frame size = 0 */
 156               	/* stack size = 6 */
 157               	.L__stack_usage = 6
 158 000c FC01      		movw r30,r24
 159 000e DB01      		movw r26,r22
 160               	.LSM12:
 161 0010 C081      		ld r28,Z
 162 0012 D181      		ldd r29,Z+1
 163 0014 1991      		ld r17,Y+
 164               	.LVL9:
 165               	.LSM13:
 166 0016 D183      		std Z+1,r29
 167 0018 C083      		st Z,r28
 168 001a 8D91      		ld r24,X+
 169 001c 9C91      		ld r25,X
 170 001e 1197      		sbiw r26,1
 171               	.LVL10:
 172 0020 0197      		sbiw r24,1
 173 0022 1196      		adiw r26,1
 174 0024 9C93      		st X,r25
 175 0026 8E93      		st -X,r24
 176 0028 7A01      		movw r14,r20
 177               	.LSM14:
 178 002a 80E0      		ldi r24,lo8(0)
 179 002c 90E0      		ldi r25,hi8(0)
 180               	.LSM15:
 181 002e 30E0      		ldi r19,lo8(0)
 182 0030 2150      		subi r18,lo8(-(-1))
 183 0032 3040      		sbci r19,hi8(-(-1))
 184               	.LVL11:
 185               	.LSM16:
 186 0034 00C0      		rjmp .L5
 187               	.LVL12:
 188               	.L7:
 189               	.LSM17:
 190 0036 8217      		cp r24,r18
 191 0038 9307      		cpc r25,r19
 192 003a 01F0      		breq .L6
 193               	.LSM18:
 194 003c 6081      		ld r22,Z
 195 003e 7181      		ldd r23,Z+1
 196 0040 EB01      		movw r28,r22
 197 0042 6881      		ld r22,Y
 198 0044 E701      		movw r28,r14
 199 0046 6993      		st Y+,r22
 200 0048 7E01      		movw r14,r28
 201               	.LSM19:
 202 004a 1150      		subi r17,lo8(-(-1))
 203               	.LVL13:
 204 004c 6D91      		ld r22,X+
 205 004e 7C91      		ld r23,X
 206 0050 1197      		sbiw r26,1
 207 0052 6250      		subi r22,lo8(-(-2))
 208 0054 7040      		sbci r23,hi8(-(-2))
 209 0056 1196      		adiw r26,1
 210 0058 7C93      		st X,r23
 211 005a 6E93      		st -X,r22
 212 005c 6081      		ld r22,Z
 213 005e 7181      		ldd r23,Z+1
 214 0060 6E5F      		subi r22,lo8(-(2))
 215 0062 7F4F      		sbci r23,hi8(-(2))
 216 0064 7183      		std Z+1,r23
 217 0066 6083      		st Z,r22
 218               	.LVL14:
 219 0068 0196      		adiw r24,1
 220               	.L5:
 221               	.LSM20:
 222 006a 082F      		mov r16,r24
 223               	.LVL15:
 224 006c 1123      		tst r17
 225 006e 01F4      		brne .L7
 226               	.L6:
 227               	.LSM21:
 228 0070 212F      		mov r18,r17
 229 0072 30E0      		ldi r19,lo8(0)
 230 0074 B901      		movw r22,r18
 231 0076 660F      		lsl r22
 232 0078 771F      		rol r23
 233 007a 8D91      		ld r24,X+
 234 007c 9C91      		ld r25,X
 235 007e 1197      		sbiw r26,1
 236               	.LVL16:
 237 0080 861B      		sub r24,r22
 238 0082 970B      		sbc r25,r23
 239 0084 1196      		adiw r26,1
 240 0086 9C93      		st X,r25
 241 0088 8E93      		st -X,r24
 242               	.LSM22:
 243 008a 8081      		ld r24,Z
 244 008c 9181      		ldd r25,Z+1
 245 008e 860F      		add r24,r22
 246 0090 971F      		adc r25,r23
 247 0092 9183      		std Z+1,r25
 248 0094 8083      		st Z,r24
 249               	.LSM23:
 250 0096 400F      		add r20,r16
 251 0098 511D      		adc r21,__zero_reg__
 252               	.LVL17:
 253 009a FA01      		movw r30,r20
 254               	.LVL18:
 255 009c 1082      		st Z,__zero_reg__
 256               	.LSM24:
 257 009e 81E0      		ldi r24,lo8(1)
 258 00a0 1111      		cpse r17,__zero_reg__
 259 00a2 80E0      		ldi r24,lo8(0)
 260               	.L8:
 261               	/* epilogue start */
 262               	.LSM25:
 263 00a4 DF91      		pop r29
 264 00a6 CF91      		pop r28
 265 00a8 1F91      		pop r17
 266               	.LVL19:
 267 00aa 0F91      		pop r16
 268               	.LVL20:
 269 00ac FF90      		pop r15
 270 00ae EF90      		pop r14
 271 00b0 0895      		ret
 272               	.LFE141:
 274               		.section	.text.CameraControl_DeviceInfo_CopyArray,"ax",@progbits
 275               	.global	CameraControl_DeviceInfo_CopyArray
 277               	CameraControl_DeviceInfo_CopyArray:
 278               	.LFB142:
 279               	.LSM26:
 280               	.LVL21:
 281 0000 2F92      		push r2
 282 0002 3F92      		push r3
 283 0004 4F92      		push r4
 284 0006 5F92      		push r5
 285 0008 6F92      		push r6
 286 000a 7F92      		push r7
 287 000c 8F92      		push r8
 288 000e 9F92      		push r9
 289 0010 AF92      		push r10
 290 0012 BF92      		push r11
 291 0014 CF92      		push r12
 292 0016 DF92      		push r13
 293 0018 EF92      		push r14
 294 001a FF92      		push r15
 295 001c 0F93      		push r16
 296 001e 1F93      		push r17
 297 0020 DF93      		push r29
 298 0022 CF93      		push r28
 299 0024 00D0      		rcall .
 300 0026 00D0      		rcall .
 301 0028 CDB7      		in r28,__SP_L__
 302 002a DEB7      		in r29,__SP_H__
 303               	/* prologue: function */
 304               	/* frame size = 4 */
 305               	/* stack size = 22 */
 306               	.L__stack_usage = 22
 307 002c 7C01      		movw r14,r24
 308 002e 7A83      		std Y+2,r23
 309 0030 6983      		std Y+1,r22
 310 0032 3C83      		std Y+4,r19
 311 0034 2B83      		std Y+3,r18
 312               	.LVL22:
 313               	.LSM27:
 314 0036 DC01      		movw r26,r24
 315 0038 2D91      		ld r18,X+
 316 003a 3C91      		ld r19,X
 317               	.LVL23:
 318 003c F901      		movw r30,r18
 319 003e 8191      		ld r24,Z+
 320 0040 9191      		ld r25,Z+
 321 0042 A191      		ld r26,Z+
 322 0044 B191      		ld r27,Z+
 323               	.LVL24:
 324 0046 9F01      		movw r18,r30
 325               	.LVL25:
 326               	.LSM28:
 327 0048 F701      		movw r30,r14
 328 004a 3183      		std Z+1,r19
 329 004c 2083      		st Z,r18
 330 004e E981      		ldd r30,Y+1
 331 0050 FA81      		ldd r31,Y+2
 332 0052 2081      		ld r18,Z
 333 0054 3181      		ldd r19,Z+1
 334 0056 2450      		subi r18,lo8(-(-4))
 335 0058 3040      		sbci r19,hi8(-(-4))
 336 005a 3183      		std Z+1,r19
 337 005c 2083      		st Z,r18
 338               	.LSM29:
 339 005e EB81      		ldd r30,Y+3
 340 0060 FC81      		ldd r31,Y+4
 341 0062 1082      		st Z,__zero_reg__
 342 0064 1182      		std Z+1,__zero_reg__
 343 0066 1282      		std Z+2,__zero_reg__
 344 0068 1382      		std Z+3,__zero_reg__
 345 006a 1482      		std Z+4,__zero_reg__
 346 006c 1582      		std Z+5,__zero_reg__
 347 006e 1682      		std Z+6,__zero_reg__
 348 0070 1782      		std Z+7,__zero_reg__
 349               	.LSM30:
 350 0072 2224      		clr r2
 351 0074 3324      		clr r3
 352 0076 2101      		movw r4,r2
 353               	.LSM31:
 354 0078 AA24      		clr r10
 355 007a BB24      		clr r11
 356 007c 6501      		movw r12,r10
 357               	.LBB6:
 358               	.LSM32:
 359 007e 21E0      		ldi r18,lo8(1)
 360 0080 822E      		mov r8,r18
 361 0082 912C      		mov r9,__zero_reg__
 362               	.LBE6:
 363               	.LSM33:
 364 0084 642E      		mov r6,r20
 365 0086 7724      		clr r7
 366 0088 00C0      		rjmp .L10
 367               	.LVL26:
 368               	.L13:
 369               	.LBB7:
 370               	.LSM34:
 371 008a F701      		movw r30,r14
 372 008c 6081      		ld r22,Z
 373 008e 7181      		ldd r23,Z+1
 374 0090 FB01      		movw r30,r22
 375 0092 2081      		ld r18,Z
 376 0094 3181      		ldd r19,Z+1
 377               	.LVL27:
 378               	.LSM35:
 379 0096 2017      		cp r18,r16
 380 0098 3107      		cpc r19,r17
 381 009a 00F0      		brlo .L11
 382               	.LSM36:
 383 009c 201B      		sub r18,r16
 384 009e 310B      		sbc r19,r17
 385               	.LVL28:
 386               	.LSM37:
 387 00a0 2032      		cpi r18,32
 388 00a2 3105      		cpc r19,__zero_reg__
 389 00a4 00F4      		brsh .L12
 390               	.LSM38:
 391 00a6 A401      		movw r20,r8
 392 00a8 00C0      		rjmp 2f
 393 00aa 440F      	1:	lsl r20
 394 00ac 551F      		rol r21
 395 00ae 2A95      	2:	dec r18
 396 00b0 02F4      		brpl 1b
 397 00b2 9A01      		movw r18,r20
 398               	.LVL29:
 399 00b4 4427      		clr r20
 400 00b6 37FD      		sbrc r19,7
 401 00b8 4095      		com r20
 402 00ba 542F      		mov r21,r20
 403 00bc 222A      		or r2,r18
 404 00be 332A      		or r3,r19
 405 00c0 442A      		or r4,r20
 406 00c2 552A      		or r5,r21
 407               	.LVL30:
 408 00c4 00C0      		rjmp .L11
 409               	.LVL31:
 410               	.L12:
 411               	.LSM39:
 412 00c6 2034      		cpi r18,64
 413 00c8 3105      		cpc r19,__zero_reg__
 414 00ca 00F4      		brsh .L11
 415               	.LSM40:
 416 00cc 2052      		subi r18,lo8(-(-32))
 417 00ce 3040      		sbci r19,hi8(-(-32))
 418               	.LVL32:
 419 00d0 F401      		movw r30,r8
 420 00d2 00C0      		rjmp 2f
 421 00d4 EE0F      	1:	lsl r30
 422 00d6 FF1F      		rol r31
 423 00d8 2A95      	2:	dec r18
 424 00da 02F4      		brpl 1b
 425 00dc 9F01      		movw r18,r30
 426               	.LVL33:
 427 00de 4427      		clr r20
 428 00e0 37FD      		sbrc r19,7
 429 00e2 4095      		com r20
 430 00e4 542F      		mov r21,r20
 431 00e6 A22A      		or r10,r18
 432 00e8 B32A      		or r11,r19
 433 00ea C42A      		or r12,r20
 434 00ec D52A      		or r13,r21
 435               	.LVL34:
 436               	.L11:
 437               	.LBE7:
 438               	.LSM41:
 439 00ee 0197      		sbiw r24,1
 440 00f0 A109      		sbc r26,__zero_reg__
 441 00f2 B109      		sbc r27,__zero_reg__
 442               	.LVL35:
 443 00f4 9B01      		movw r18,r22
 444 00f6 260D      		add r18,r6
 445 00f8 371D      		adc r19,r7
 446 00fa F701      		movw r30,r14
 447 00fc 3183      		std Z+1,r19
 448 00fe 2083      		st Z,r18
 449 0100 E981      		ldd r30,Y+1
 450 0102 FA81      		ldd r31,Y+2
 451 0104 2081      		ld r18,Z
 452 0106 3181      		ldd r19,Z+1
 453 0108 2619      		sub r18,r6
 454 010a 3709      		sbc r19,r7
 455 010c 3183      		std Z+1,r19
 456 010e 2083      		st Z,r18
 457               	.LVL36:
 458               	.L10:
 459               	.LSM42:
 460 0110 0097      		sbiw r24,0
 461 0112 A105      		cpc r26,__zero_reg__
 462 0114 B105      		cpc r27,__zero_reg__
 463 0116 01F0      		breq .+2
 464 0118 00C0      		rjmp .L13
 465               	.LSM43:
 466 011a 9501      		movw r18,r10
 467 011c A601      		movw r20,r12
 468 011e 60E0      		ldi r22,lo8(0)
 469 0120 70E0      		ldi r23,lo8(0)
 470 0122 80E0      		ldi r24,lo8(0)
 471               	.LVL37:
 472 0124 90E0      		ldi r25,lo8(0)
 473 0126 00E2      		ldi r16,lo8(32)
 474               	.LVL38:
 475 0128 0E94 0000 		call __ashldi3
 476 012c 822E      		mov r8,r18
 477 012e 632E      		mov r6,r19
 478               	.LVL39:
 479 0130 DA01      		movw r26,r20
 480 0132 9201      		movw r18,r4
 481 0134 8101      		movw r16,r2
 482 0136 8228      		or r8,r2
 483 0138 EB81      		ldd r30,Y+3
 484 013a FC81      		ldd r31,Y+4
 485 013c 8082      		st Z,r8
 486 013e 612A      		or r6,r17
 487 0140 6182      		std Z+1,r6
 488 0142 A22B      		or r26,r18
 489 0144 A283      		std Z+2,r26
 490 0146 B32B      		or r27,r19
 491 0148 B383      		std Z+3,r27
 492 014a 6483      		std Z+4,r22
 493 014c 7583      		std Z+5,r23
 494 014e 8683      		std Z+6,r24
 495 0150 9783      		std Z+7,r25
 496               	.LSM44:
 497 0152 81E0      		ldi r24,lo8(1)
 498               	/* epilogue start */
 499 0154 0F90      		pop __tmp_reg__
 500 0156 0F90      		pop __tmp_reg__
 501 0158 0F90      		pop __tmp_reg__
 502 015a 0F90      		pop __tmp_reg__
 503               	.LVL40:
 504 015c CF91      		pop r28
 505 015e DF91      		pop r29
 506               	.LVL41:
 507 0160 1F91      		pop r17
 508 0162 0F91      		pop r16
 509 0164 FF90      		pop r15
 510 0166 EF90      		pop r14
 511               	.LVL42:
 512 0168 DF90      		pop r13
 513 016a CF90      		pop r12
 514 016c BF90      		pop r11
 515 016e AF90      		pop r10
 516               	.LVL43:
 517 0170 9F90      		pop r9
 518 0172 8F90      		pop r8
 519 0174 7F90      		pop r7
 520 0176 6F90      		pop r6
 521 0178 5F90      		pop r5
 522 017a 4F90      		pop r4
 523 017c 3F90      		pop r3
 524 017e 2F90      		pop r2
 525               	.LVL44:
 526 0180 0895      		ret
 527               	.LFE142:
 529               		.section	.text.CameraControl_DeviceInfo_PrintArray,"ax",@progbits
 530               	.global	CameraControl_DeviceInfo_PrintArray
 532               	CameraControl_DeviceInfo_PrintArray:
 533               	.LFB143:
 534               	.LSM45:
 535               	.LVL45:
 536 0000 8F92      		push r8
 537 0002 9F92      		push r9
 538 0004 AF92      		push r10
 539 0006 BF92      		push r11
 540 0008 CF92      		push r12
 541 000a DF92      		push r13
 542 000c EF92      		push r14
 543 000e FF92      		push r15
 544 0010 0F93      		push r16
 545 0012 1F93      		push r17
 546 0014 CF93      		push r28
 547 0016 DF93      		push r29
 548               	/* prologue: function */
 549               	/* frame size = 0 */
 550               	/* stack size = 12 */
 551               	.L__stack_usage = 12
 552 0018 EC01      		movw r28,r24
 553 001a 6B01      		movw r12,r22
 554 001c A42E      		mov r10,r20
 555               	.LSM46:
 556 001e E881      		ld r30,Y
 557 0020 F981      		ldd r31,Y+1
 558 0022 E080      		ld r14,Z
 559 0024 F180      		ldd r15,Z+1
 560 0026 0281      		ldd r16,Z+2
 561 0028 1381      		ldd r17,Z+3
 562               	.LVL46:
 563               	.LSM47:
 564 002a 00D0      		rcall .
 565 002c 00D0      		rcall .
 566 002e 00D0      		rcall .
 567 0030 80E0      		ldi r24,lo8(__c.4488)
 568 0032 90E0      		ldi r25,hi8(__c.4488)
 569               	.LVL47:
 570 0034 EDB7      		in r30,__SP_L__
 571 0036 FEB7      		in r31,__SP_H__
 572 0038 9283      		std Z+2,r25
 573 003a 8183      		std Z+1,r24
 574 003c E382      		std Z+3,r14
 575 003e F482      		std Z+4,r15
 576 0040 0583      		std Z+5,r16
 577 0042 1683      		std Z+6,r17
 578 0044 0E94 0000 		call printf_P
 579               	.LVL48:
 580               	.LSM48:
 581 0048 8881      		ld r24,Y
 582 004a 9981      		ldd r25,Y+1
 583 004c 0496      		adiw r24,4
 584 004e 9983      		std Y+1,r25
 585 0050 8883      		st Y,r24
 586 0052 F601      		movw r30,r12
 587 0054 8081      		ld r24,Z
 588 0056 9181      		ldd r25,Z+1
 589 0058 0497      		sbiw r24,4
 590 005a 9183      		std Z+1,r25
 591 005c 8083      		st Z,r24
 592               	.LSM49:
 593 005e 8DB7      		in r24,__SP_L__
 594 0060 9EB7      		in r25,__SP_H__
 595 0062 0696      		adiw r24,6
 596               	.LVL49:
 597 0064 0FB6      		in __tmp_reg__,__SREG__
 598 0066 F894      		cli
 599 0068 9EBF      		out __SP_H__,r25
 600 006a 0FBE      		out __SREG__,__tmp_reg__
 601 006c 8DBF      		out __SP_L__,r24
 602               	.LSM50:
 603 006e 30E0      		ldi r19,lo8(__c.4490)
 604 0070 832E      		mov r8,r19
 605 0072 30E0      		ldi r19,hi8(__c.4490)
 606 0074 932E      		mov r9,r19
 607               	.LSM51:
 608 0076 BB24      		clr r11
 609 0078 00C0      		rjmp .L15
 610               	.L16:
 611               	.LSM52:
 612 007a 00D0      		rcall .
 613 007c 00D0      		rcall .
 614 007e EDB7      		in r30,__SP_L__
 615 0080 FEB7      		in r31,__SP_H__
 616 0082 9282      		std Z+2,r9
 617 0084 8182      		std Z+1,r8
 618 0086 E881      		ld r30,Y
 619 0088 F981      		ldd r31,Y+1
 620 008a 8081      		ld r24,Z
 621 008c 9181      		ldd r25,Z+1
 622 008e EDB7      		in r30,__SP_L__
 623 0090 FEB7      		in r31,__SP_H__
 624 0092 9483      		std Z+4,r25
 625 0094 8383      		std Z+3,r24
 626 0096 0E94 0000 		call printf_P
 627               	.LSM53:
 628 009a 0894      		sec
 629 009c E108      		sbc r14,__zero_reg__
 630 009e F108      		sbc r15,__zero_reg__
 631 00a0 0109      		sbc r16,__zero_reg__
 632 00a2 1109      		sbc r17,__zero_reg__
 633               	.LVL50:
 634 00a4 8881      		ld r24,Y
 635 00a6 9981      		ldd r25,Y+1
 636 00a8 8A0D      		add r24,r10
 637 00aa 9B1D      		adc r25,r11
 638 00ac 9983      		std Y+1,r25
 639 00ae 8883      		st Y,r24
 640 00b0 F601      		movw r30,r12
 641 00b2 8081      		ld r24,Z
 642 00b4 9181      		ldd r25,Z+1
 643 00b6 8A19      		sub r24,r10
 644 00b8 9B09      		sbc r25,r11
 645 00ba 9183      		std Z+1,r25
 646 00bc 8083      		st Z,r24
 647 00be 0F90      		pop __tmp_reg__
 648 00c0 0F90      		pop __tmp_reg__
 649 00c2 0F90      		pop __tmp_reg__
 650 00c4 0F90      		pop __tmp_reg__
 651               	.L15:
 652               	.LSM54:
 653 00c6 E114      		cp r14,__zero_reg__
 654 00c8 F104      		cpc r15,__zero_reg__
 655 00ca 0105      		cpc r16,__zero_reg__
 656 00cc 1105      		cpc r17,__zero_reg__
 657 00ce 01F4      		brne .L16
 658               	.LSM55:
 659 00d0 81E0      		ldi r24,lo8(1)
 660               	/* epilogue start */
 661 00d2 DF91      		pop r29
 662 00d4 CF91      		pop r28
 663               	.LVL51:
 664 00d6 1F91      		pop r17
 665 00d8 0F91      		pop r16
 666 00da FF90      		pop r15
 667 00dc EF90      		pop r14
 668               	.LVL52:
 669 00de DF90      		pop r13
 670 00e0 CF90      		pop r12
 671               	.LVL53:
 672 00e2 BF90      		pop r11
 673 00e4 AF90      		pop r10
 674               	.LVL54:
 675 00e6 9F90      		pop r9
 676 00e8 8F90      		pop r8
 677 00ea 0895      		ret
 678               	.LFE143:
 680               		.section	.text.CameraControl_DeviceInfo_Parse,"ax",@progbits
 681               	.global	CameraControl_DeviceInfo_Parse
 683               	CameraControl_DeviceInfo_Parse:
 684               	.LFB144:
 685               	.LSM56:
 686               	.LVL55:
 687 0000 0F93      		push r16
 688 0002 1F93      		push r17
 689 0004 DF93      		push r29
 690 0006 CF93      		push r28
 691 0008 00D0      		rcall .
 692 000a 00D0      		rcall .
 693 000c CDB7      		in r28,__SP_L__
 694 000e DEB7      		in r29,__SP_H__
 695               	/* prologue: function */
 696               	/* frame size = 4 */
 697               	/* stack size = 8 */
 698               	.L__stack_usage = 8
 699 0010 FB01      		movw r30,r22
 700               	.LSM57:
 701 0012 9A83      		std Y+2,r25
 702 0014 8983      		std Y+1,r24
 703               	.LVL56:
 704               	.LSM58:
 705 0016 7C83      		std Y+4,r23
 706 0018 6B83      		std Y+3,r22
 707               	.LVL57:
 708               	.LSM59:
 709 001a 2091 0000 		lds r18,g_nStage
 710 001e 2530      		cpi r18,lo8(5)
 711 0020 01F4      		brne .+2
 712 0022 00C0      		rjmp .L24
 713 0024 2630      		cpi r18,lo8(6)
 714 0026 00F4      		brsh .L31
 715 0028 2230      		cpi r18,lo8(2)
 716 002a 01F4      		brne .+2
 717 002c 00C0      		rjmp .L21
 718 002e 2330      		cpi r18,lo8(3)
 719 0030 00F4      		brsh .L32
 720 0032 2223      		tst r18
 721 0034 01F0      		breq .L19
 722 0036 2130      		cpi r18,lo8(1)
 723 0038 01F0      		breq .+2
 724 003a 00C0      		rjmp .L17
 725 003c 00C0      		rjmp .L20
 726               	.L32:
 727 003e 2330      		cpi r18,lo8(3)
 728 0040 01F4      		brne .+2
 729 0042 00C0      		rjmp .L22
 730 0044 2430      		cpi r18,lo8(4)
 731 0046 01F0      		breq .+2
 732 0048 00C0      		rjmp .L17
 733 004a 00C0      		rjmp .L23
 734               	.L31:
 735 004c 2830      		cpi r18,lo8(8)
 736 004e 01F4      		brne .+2
 737 0050 00C0      		rjmp .L27
 738 0052 2930      		cpi r18,lo8(9)
 739 0054 00F4      		brsh .L33
 740 0056 2630      		cpi r18,lo8(6)
 741 0058 01F4      		brne .+2
 742 005a 00C0      		rjmp .L25
 743 005c 2730      		cpi r18,lo8(7)
 744 005e 01F0      		breq .+2
 745 0060 00C0      		rjmp .L17
 746 0062 00C0      		rjmp .L26
 747               	.L33:
 748 0064 2A30      		cpi r18,lo8(10)
 749 0066 01F4      		brne .+2
 750 0068 00C0      		rjmp .L29
 751 006a 2A30      		cpi r18,lo8(10)
 752 006c 00F4      		brsh .+2
 753 006e 00C0      		rjmp .L28
 754 0070 2B30      		cpi r18,lo8(11)
 755 0072 01F0      		breq .+2
 756 0074 00C0      		rjmp .L17
 757 0076 00C0      		rjmp .L30
 758               	.L19:
 759               	.LSM60:
 760 0078 2081      		ld r18,Z
 761 007a 3181      		ldd r19,Z+1
 762 007c 3093 0000 		sts g_stDeviceInfo+1,r19
 763 0080 2093 0000 		sts g_stDeviceInfo,r18
 764               	.LSM61:
 765 0084 2281      		ldd r18,Z+2
 766 0086 3381      		ldd r19,Z+3
 767 0088 4481      		ldd r20,Z+4
 768 008a 5581      		ldd r21,Z+5
 769 008c 2093 0000 		sts g_stDeviceInfo+2,r18
 770 0090 3093 0000 		sts g_stDeviceInfo+2+1,r19
 771 0094 4093 0000 		sts g_stDeviceInfo+2+2,r20
 772 0098 5093 0000 		sts g_stDeviceInfo+2+3,r21
 773               	.LSM62:
 774 009c 2681      		ldd r18,Z+6
 775 009e 3781      		ldd r19,Z+7
 776 00a0 3093 0000 		sts g_stDeviceInfo+6+1,r19
 777 00a4 2093 0000 		sts g_stDeviceInfo+6,r18
 778               	.LSM63:
 779 00a8 3896      		adiw r30,8
 780 00aa FC83      		std Y+4,r31
 781 00ac EB83      		std Y+3,r30
 782 00ae 0897      		sbiw r24,8
 783               	.LVL58:
 784 00b0 9A83      		std Y+2,r25
 785 00b2 8983      		std Y+1,r24
 786               	.LSM64:
 787 00b4 8091 0000 		lds r24,g_nStage
 788 00b8 8F5F      		subi r24,lo8(-(1))
 789 00ba 8093 0000 		sts g_nStage,r24
 790               	.L20:
 791               	.LSM65:
 792 00be CE01      		movw r24,r28
 793 00c0 0396      		adiw r24,3
 794 00c2 BE01      		movw r22,r28
 795               	.LVL59:
 796 00c4 6F5F      		subi r22,lo8(-(1))
 797 00c6 7F4F      		sbci r23,hi8(-(1))
 798 00c8 40E0      		ldi r20,lo8(g_stDeviceInfo+8)
 799 00ca 50E0      		ldi r21,hi8(g_stDeviceInfo+8)
 800 00cc 24E1      		ldi r18,lo8(20)
 801 00ce 0E94 0000 		call CameraControl_DeviceInfo_CopyString
 802               	.LVL60:
 803               	.LSM66:
 804 00d2 8091 0000 		lds r24,g_nStage
 805 00d6 8F5F      		subi r24,lo8(-(1))
 806 00d8 8093 0000 		sts g_nStage,r24
 807               	.L21:
 808               	.LSM67:
 809 00dc EB81      		ldd r30,Y+3
 810 00de FC81      		ldd r31,Y+4
 811 00e0 8191      		ld r24,Z+
 812 00e2 9191      		ld r25,Z+
 813 00e4 9093 0000 		sts g_stDeviceInfo+28+1,r25
 814 00e8 8093 0000 		sts g_stDeviceInfo+28,r24
 815               	.LSM68:
 816 00ec FC83      		std Y+4,r31
 817 00ee EB83      		std Y+3,r30
 818 00f0 8981      		ldd r24,Y+1
 819 00f2 9A81      		ldd r25,Y+2
 820 00f4 0297      		sbiw r24,2
 821 00f6 9A83      		std Y+2,r25
 822 00f8 8983      		std Y+1,r24
 823               	.LSM69:
 824 00fa 8091 0000 		lds r24,g_nStage
 825 00fe 8F5F      		subi r24,lo8(-(1))
 826 0100 8093 0000 		sts g_nStage,r24
 827               	.L22:
 828               	.LSM70:
 829 0104 CE01      		movw r24,r28
 830 0106 0396      		adiw r24,3
 831 0108 BE01      		movw r22,r28
 832 010a 6F5F      		subi r22,lo8(-(1))
 833 010c 7F4F      		sbci r23,hi8(-(1))
 834 010e 42E0      		ldi r20,lo8(2)
 835 0110 20E0      		ldi r18,lo8(g_stDeviceInfo+30)
 836 0112 30E0      		ldi r19,hi8(g_stDeviceInfo+30)
 837 0114 00E0      		ldi r16,lo8(4096)
 838 0116 10E1      		ldi r17,hi8(4096)
 839 0118 0E94 0000 		call CameraControl_DeviceInfo_CopyArray
 840               	.LSM71:
 841 011c 8091 0000 		lds r24,g_nStage
 842 0120 8F5F      		subi r24,lo8(-(1))
 843 0122 8093 0000 		sts g_nStage,r24
 844               	.L23:
 845               	.LSM72:
 846 0126 CE01      		movw r24,r28
 847 0128 0396      		adiw r24,3
 848 012a BE01      		movw r22,r28
 849 012c 6F5F      		subi r22,lo8(-(1))
 850 012e 7F4F      		sbci r23,hi8(-(1))
 851 0130 42E0      		ldi r20,lo8(2)
 852 0132 20E0      		ldi r18,lo8(g_stDeviceInfo+38)
 853 0134 30E0      		ldi r19,hi8(g_stDeviceInfo+38)
 854 0136 00E0      		ldi r16,lo8(16384)
 855 0138 10E4      		ldi r17,hi8(16384)
 856 013a 0E94 0000 		call CameraControl_DeviceInfo_CopyArray
 857               	.LSM73:
 858 013e 8091 0000 		lds r24,g_nStage
 859 0142 8F5F      		subi r24,lo8(-(1))
 860 0144 8093 0000 		sts g_nStage,r24
 861               	.L24:
 862               	.LSM74:
 863 0148 CE01      		movw r24,r28
 864 014a 0396      		adiw r24,3
 865 014c BE01      		movw r22,r28
 866 014e 6F5F      		subi r22,lo8(-(1))
 867 0150 7F4F      		sbci r23,hi8(-(1))
 868 0152 42E0      		ldi r20,lo8(2)
 869 0154 20E0      		ldi r18,lo8(g_stDeviceInfo+46)
 870 0156 30E0      		ldi r19,hi8(g_stDeviceInfo+46)
 871 0158 00E0      		ldi r16,lo8(20480)
 872 015a 10E5      		ldi r17,hi8(20480)
 873 015c 0E94 0000 		call CameraControl_DeviceInfo_CopyArray
 874               	.LSM75:
 875 0160 8091 0000 		lds r24,g_nStage
 876 0164 8F5F      		subi r24,lo8(-(1))
 877 0166 8093 0000 		sts g_nStage,r24
 878               	.L25:
 879               	.LSM76:
 880 016a CE01      		movw r24,r28
 881 016c 0396      		adiw r24,3
 882 016e BE01      		movw r22,r28
 883 0170 6F5F      		subi r22,lo8(-(1))
 884 0172 7F4F      		sbci r23,hi8(-(1))
 885 0174 42E0      		ldi r20,lo8(2)
 886 0176 20E0      		ldi r18,lo8(g_stDeviceInfo+54)
 887 0178 30E0      		ldi r19,hi8(g_stDeviceInfo+54)
 888 017a 00E0      		ldi r16,lo8(12288)
 889 017c 10E3      		ldi r17,hi8(12288)
 890 017e 0E94 0000 		call CameraControl_DeviceInfo_CopyArray
 891               	.LSM77:
 892 0182 8091 0000 		lds r24,g_nStage
 893 0186 8F5F      		subi r24,lo8(-(1))
 894 0188 8093 0000 		sts g_nStage,r24
 895               	.L26:
 896               	.LSM78:
 897 018c CE01      		movw r24,r28
 898 018e 0396      		adiw r24,3
 899 0190 BE01      		movw r22,r28
 900 0192 6F5F      		subi r22,lo8(-(1))
 901 0194 7F4F      		sbci r23,hi8(-(1))
 902 0196 42E0      		ldi r20,lo8(2)
 903 0198 20E0      		ldi r18,lo8(g_stDeviceInfo+62)
 904 019a 30E0      		ldi r19,hi8(g_stDeviceInfo+62)
 905 019c 00E0      		ldi r16,lo8(14336)
 906 019e 18E3      		ldi r17,hi8(14336)
 907 01a0 0E94 0000 		call CameraControl_DeviceInfo_CopyArray
 908               	.LSM79:
 909 01a4 8091 0000 		lds r24,g_nStage
 910 01a8 8F5F      		subi r24,lo8(-(1))
 911 01aa 8093 0000 		sts g_nStage,r24
 912               	.L27:
 913               	.LSM80:
 914 01ae CE01      		movw r24,r28
 915 01b0 0396      		adiw r24,3
 916 01b2 BE01      		movw r22,r28
 917 01b4 6F5F      		subi r22,lo8(-(1))
 918 01b6 7F4F      		sbci r23,hi8(-(1))
 919 01b8 40E0      		ldi r20,lo8(g_stDeviceInfo+70)
 920 01ba 50E0      		ldi r21,hi8(g_stDeviceInfo+70)
 921 01bc 24E1      		ldi r18,lo8(20)
 922 01be 0E94 0000 		call CameraControl_DeviceInfo_CopyString
 923               	.LSM81:
 924 01c2 8091 0000 		lds r24,g_nStage
 925 01c6 8F5F      		subi r24,lo8(-(1))
 926 01c8 8093 0000 		sts g_nStage,r24
 927               	.L28:
 928               	.LSM82:
 929 01cc CE01      		movw r24,r28
 930 01ce 0396      		adiw r24,3
 931 01d0 BE01      		movw r22,r28
 932 01d2 6F5F      		subi r22,lo8(-(1))
 933 01d4 7F4F      		sbci r23,hi8(-(1))
 934 01d6 40E0      		ldi r20,lo8(g_stDeviceInfo+90)
 935 01d8 50E0      		ldi r21,hi8(g_stDeviceInfo+90)
 936 01da 24E1      		ldi r18,lo8(20)
 937 01dc 0E94 0000 		call CameraControl_DeviceInfo_CopyString
 938               	.LSM83:
 939 01e0 8091 0000 		lds r24,g_nStage
 940 01e4 8F5F      		subi r24,lo8(-(1))
 941 01e6 8093 0000 		sts g_nStage,r24
 942               	.L29:
 943               	.LSM84:
 944 01ea CE01      		movw r24,r28
 945 01ec 0396      		adiw r24,3
 946 01ee BE01      		movw r22,r28
 947 01f0 6F5F      		subi r22,lo8(-(1))
 948 01f2 7F4F      		sbci r23,hi8(-(1))
 949 01f4 40E0      		ldi r20,lo8(g_stDeviceInfo+110)
 950 01f6 50E0      		ldi r21,hi8(g_stDeviceInfo+110)
 951 01f8 24E1      		ldi r18,lo8(20)
 952 01fa 0E94 0000 		call CameraControl_DeviceInfo_CopyString
 953               	.LSM85:
 954 01fe 8091 0000 		lds r24,g_nStage
 955 0202 8F5F      		subi r24,lo8(-(1))
 956 0204 8093 0000 		sts g_nStage,r24
 957               	.L30:
 958               	.LSM86:
 959 0208 CE01      		movw r24,r28
 960 020a 0396      		adiw r24,3
 961 020c BE01      		movw r22,r28
 962 020e 6F5F      		subi r22,lo8(-(1))
 963 0210 7F4F      		sbci r23,hi8(-(1))
 964 0212 40E0      		ldi r20,lo8(g_stDeviceInfo+130)
 965 0214 50E0      		ldi r21,hi8(g_stDeviceInfo+130)
 966 0216 24E1      		ldi r18,lo8(20)
 967 0218 0E94 0000 		call CameraControl_DeviceInfo_CopyString
 968               	.LSM87:
 969 021c 1092 0000 		sts g_nStage,__zero_reg__
 970               	.L17:
 971               	/* epilogue start */
 972               	.LSM88:
 973 0220 0F90      		pop __tmp_reg__
 974 0222 0F90      		pop __tmp_reg__
 975 0224 0F90      		pop __tmp_reg__
 976 0226 0F90      		pop __tmp_reg__
 977 0228 CF91      		pop r28
 978 022a DF91      		pop r29
 979 022c 1F91      		pop r17
 980 022e 0F91      		pop r16
 981 0230 0895      		ret
 982               	.LFE144:
 984               		.section	.text.CameraControl_DeviceInfo_GetInfo,"ax",@progbits
 985               	.global	CameraControl_DeviceInfo_GetInfo
 987               	CameraControl_DeviceInfo_GetInfo:
 988               	.LFB145:
 989               	.LSM89:
 990               	.LVL61:
 991 0000 8F92      		push r8
 992 0002 9F92      		push r9
 993 0004 AF92      		push r10
 994 0006 BF92      		push r11
 995 0008 CF92      		push r12
 996 000a DF92      		push r13
 997 000c EF92      		push r14
 998 000e FF92      		push r15
 999 0010 0F93      		push r16
 1000 0012 1F93      		push r17
 1001 0014 DF93      		push r29
 1002 0016 CF93      		push r28
 1003 0018 CDB7      		in r28,__SP_L__
 1004 001a DEB7      		in r29,__SP_H__
 1005 001c 6897      		sbiw r28,24
 1006 001e 0FB6      		in __tmp_reg__,__SREG__
 1007 0020 F894      		cli
 1008 0022 DEBF      		out __SP_H__,r29
 1009 0024 0FBE      		out __SREG__,__tmp_reg__
 1010 0026 CDBF      		out __SP_L__,r28
 1011               	/* prologue: function */
 1012               	/* frame size = 24 */
 1013               	/* stack size = 36 */
 1014               	.L__stack_usage = 36
 1015 0028 7C01      		movw r14,r24
 1016               	.LSM90:
 1017 002a 8DB6      		in r8,__SP_L__
 1018 002c 9EB6      		in r9,__SP_H__
 1019               	.LSM91:
 1020 002e 8091 0000 		lds r24,USB_HostState
 1021               	.LVL62:
 1022 0032 8B30      		cpi r24,lo8(11)
 1023 0034 01F4      		brne .L35
 1024               	.LSM92:
 1025 0036 F701      		movw r30,r14
 1026 0038 8681      		ldd r24,Z+6
 1027 003a 8823      		tst r24
 1028 003c 01F4      		brne .L36
 1029               	.L35:
 1030               	.LSM93:
 1031 003e 00D0      		rcall .
 1032 0040 80E0      		ldi r24,lo8(__c.4518)
 1033 0042 90E0      		ldi r25,hi8(__c.4518)
 1034 0044 EDB7      		in r30,__SP_L__
 1035 0046 FEB7      		in r31,__SP_H__
 1036 0048 9283      		std Z+2,r25
 1037 004a 8183      		std Z+1,r24
 1038 004c 0E94 0000 		call printf_P
 1039 0050 0F90      		pop __tmp_reg__
 1040 0052 0F90      		pop __tmp_reg__
 1041 0054 80E0      		ldi r24,lo8(0)
 1042 0056 00C0      		rjmp .L37
 1043               	.L36:
 1044               	.LSM94:
 1045 0058 F701      		movw r30,r14
 1046 005a 1786      		std Z+15,__zero_reg__
 1047 005c 108A      		std Z+16,__zero_reg__
 1048 005e 118A      		std Z+17,__zero_reg__
 1049 0060 128A      		std Z+18,__zero_reg__
 1050               	.LSM95:
 1051 0062 6E01      		movw r12,r28
 1052 0064 0894      		sec
 1053 0066 C11C      		adc r12,__zero_reg__
 1054 0068 D11C      		adc r13,__zero_reg__
 1055 006a 88E1      		ldi r24,lo8(24)
 1056 006c F601      		movw r30,r12
 1057 006e 1192      		st Z+,__zero_reg__
 1058 0070 8A95      	        dec r24
 1059 0072 01F4      		brne .-6
 1060 0074 8CE0      		ldi r24,lo8(12)
 1061 0076 90E0      		ldi r25,hi8(12)
 1062 0078 A0E0      		ldi r26,hlo8(12)
 1063 007a B0E0      		ldi r27,hhi8(12)
 1064 007c 8983      		std Y+1,r24
 1065 007e 9A83      		std Y+2,r25
 1066 0080 AB83      		std Y+3,r26
 1067 0082 BC83      		std Y+4,r27
 1068 0084 81E0      		ldi r24,lo8(1)
 1069 0086 90E0      		ldi r25,hi8(1)
 1070 0088 9E83      		std Y+6,r25
 1071 008a 8D83      		std Y+5,r24
 1072 008c 81E0      		ldi r24,lo8(4097)
 1073 008e 90E1      		ldi r25,hi8(4097)
 1074 0090 9887      		std Y+8,r25
 1075 0092 8F83      		std Y+7,r24
 1076               	.LSM96:
 1077 0094 C701      		movw r24,r14
 1078 0096 B601      		movw r22,r12
 1079 0098 0E94 0000 		call CameraControl_InitiateTransaction
 1080               	.LSM97:
 1081 009c 0981      		ldd r16,Y+1
 1082 009e 1A81      		ldd r17,Y+2
 1083 00a0 0C50      		subi r16,lo8(-(-12))
 1084 00a2 1040      		sbci r17,hi8(-(-12))
 1085               	.LVL63:
 1086               	.LSM98:
 1087 00a4 00D0      		rcall .
 1088 00a6 00D0      		rcall .
 1089 00a8 80E0      		ldi r24,lo8(__c.4522)
 1090 00aa 90E0      		ldi r25,hi8(__c.4522)
 1091 00ac EDB7      		in r30,__SP_L__
 1092 00ae FEB7      		in r31,__SP_H__
 1093 00b0 9283      		std Z+2,r25
 1094 00b2 8183      		std Z+1,r24
 1095 00b4 1483      		std Z+4,r17
 1096 00b6 0383      		std Z+3,r16
 1097 00b8 0E94 0000 		call printf_P
 1098               	.LVL64:
 1099               	.LSM99:
 1100 00bc 0F90      		pop __tmp_reg__
 1101 00be 0F90      		pop __tmp_reg__
 1102 00c0 0F90      		pop __tmp_reg__
 1103 00c2 0F90      		pop __tmp_reg__
 1104 00c4 8DB7      		in r24,__SP_L__
 1105 00c6 9EB7      		in r25,__SP_H__
 1106 00c8 801B      		sub r24,r16
 1107 00ca 910B      		sbc r25,r17
 1108 00cc 0FB6      		in __tmp_reg__,__SREG__
 1109 00ce F894      		cli
 1110 00d0 9EBF      		out __SP_H__,r25
 1111 00d2 0FBE      		out __SREG__,__tmp_reg__
 1112 00d4 8DBF      		out __SP_L__,r24
 1113 00d6 ADB6      		in r10,__SP_L__
 1114 00d8 BEB6      		in r11,__SP_H__
 1115 00da 0894      		sec
 1116 00dc A11C      		adc r10,__zero_reg__
 1117 00de B11C      		adc r11,__zero_reg__
 1118               	.LSM100:
 1119 00e0 C701      		movw r24,r14
 1120 00e2 B501      		movw r22,r10
 1121 00e4 A801      		movw r20,r16
 1122 00e6 0E94 0000 		call SI_Host_ReadData
 1123               	.LBB8:
 1124               	.LBB9:
 1125               	.LSM101:
 1126 00ea 8091 A600 		lds r24,166
 1127 00ee 8E77      		andi r24,lo8(126)
 1128 00f0 8093 A600 		sts 166,r24
 1129               	.LBE9:
 1130               	.LBE8:
 1131               	.LSM102:
 1132 00f4 1092 0000 		sts g_nStage,__zero_reg__
 1133               	.LSM103:
 1134 00f8 C801      		movw r24,r16
 1135 00fa B501      		movw r22,r10
 1136 00fc 0E94 0000 		call CameraControl_DeviceInfo_Parse
 1137               	.LSM104:
 1138 0100 81E0      		ldi r24,lo8(1)
 1139 0102 8093 0000 		sts g_iDataIsValid,r24
 1140               	.LSM105:
 1141 0106 C701      		movw r24,r14
 1142 0108 B601      		movw r22,r12
 1143 010a 0E94 0000 		call CameraControl_GetResponseAndCheck
 1144               	.LVL65:
 1145               	.L37:
 1146               	.LSM106:
 1147 010e 0FB6      		in __tmp_reg__,__SREG__
 1148 0110 F894      		cli
 1149 0112 9EBE      		out __SP_H__,r9
 1150 0114 0FBE      		out __SREG__,__tmp_reg__
 1151 0116 8DBE      		out __SP_L__,r8
 1152               	/* epilogue start */
 1153 0118 6896      		adiw r28,24
 1154 011a 0FB6      		in __tmp_reg__,__SREG__
 1155 011c F894      		cli
 1156 011e DEBF      		out __SP_H__,r29
 1157 0120 0FBE      		out __SREG__,__tmp_reg__
 1158 0122 CDBF      		out __SP_L__,r28
 1159 0124 CF91      		pop r28
 1160 0126 DF91      		pop r29
 1161 0128 1F91      		pop r17
 1162 012a 0F91      		pop r16
 1163 012c FF90      		pop r15
 1164 012e EF90      		pop r14
 1165               	.LVL66:
 1166 0130 DF90      		pop r13
 1167 0132 CF90      		pop r12
 1168 0134 BF90      		pop r11
 1169 0136 AF90      		pop r10
 1170 0138 9F90      		pop r9
 1171 013a 8F90      		pop r8
 1172 013c 0895      		ret
 1173               	.LFE145:
 1175               		.section	.text.CameraControl_DeviceInfo_Printout,"ax",@progbits
 1176               	.global	CameraControl_DeviceInfo_Printout
 1178               	CameraControl_DeviceInfo_Printout:
 1179               	.LFB146:
 1180               	.LSM107:
 1181               	.LVL67:
 1182 0000 8F92      		push r8
 1183 0002 9F92      		push r9
 1184 0004 AF92      		push r10
 1185 0006 BF92      		push r11
 1186 0008 CF92      		push r12
 1187 000a DF92      		push r13
 1188 000c EF92      		push r14
 1189 000e FF92      		push r15
 1190 0010 0F93      		push r16
 1191 0012 1F93      		push r17
 1192 0014 CF93      		push r28
 1193 0016 DF93      		push r29
 1194               	/* prologue: function */
 1195               	/* frame size = 0 */
 1196               	/* stack size = 12 */
 1197               	.L__stack_usage = 12
 1198               	.LVL68:
 1199               	.LSM108:
 1200 0018 2091 0000 		lds r18,USB_HostState
 1201 001c 2B30      		cpi r18,lo8(11)
 1202 001e 01F4      		brne .L39
 1203               	.LSM109:
 1204 0020 FC01      		movw r30,r24
 1205 0022 2681      		ldd r18,Z+6
 1206 0024 2223      		tst r18
 1207 0026 01F4      		brne .L40
 1208               	.L39:
 1209               	.LSM110:
 1210 0028 00D0      		rcall .
 1211 002a 80E0      		ldi r24,lo8(__c.4530)
 1212 002c 90E0      		ldi r25,hi8(__c.4530)
 1213               	.LVL69:
 1214 002e EDB7      		in r30,__SP_L__
 1215 0030 FEB7      		in r31,__SP_H__
 1216 0032 9283      		std Z+2,r25
 1217 0034 8183      		std Z+1,r24
 1218 0036 0E94 0000 		call printf_P
 1219 003a 0F90      		pop __tmp_reg__
 1220 003c 0F90      		pop __tmp_reg__
 1221 003e 00C0      		rjmp .L58
 1222               	.LVL70:
 1223               	.L40:
 1224               	.LSM111:
 1225 0040 2091 0000 		lds r18,g_iDataIsValid
 1226 0044 2223      		tst r18
 1227 0046 01F4      		brne .L42
 1228               	.LSM112:
 1229 0048 0E94 0000 		call CameraControl_DeviceInfo_GetInfo
 1230               	.LVL71:
 1231 004c 182F      		mov r17,r24
 1232               	.LVL72:
 1233               	.LSM113:
 1234 004e 8823      		tst r24
 1235 0050 01F0      		breq .L42
 1236               	.LSM114:
 1237 0052 00D0      		rcall .
 1238 0054 20E0      		ldi r18,lo8(__c.4532)
 1239 0056 30E0      		ldi r19,hi8(__c.4532)
 1240 0058 EDB7      		in r30,__SP_L__
 1241 005a FEB7      		in r31,__SP_H__
 1242 005c 3283      		std Z+2,r19
 1243 005e 2183      		std Z+1,r18
 1244 0060 0E94 0000 		call printf_P
 1245               	.LVL73:
 1246               	.LSM115:
 1247 0064 0F90      		pop __tmp_reg__
 1248 0066 0F90      		pop __tmp_reg__
 1249 0068 00C0      		rjmp .L41
 1250               	.LVL74:
 1251               	.L42:
 1252               	.LSM116:
 1253 006a 00D0      		rcall .
 1254 006c 00D0      		rcall .
 1255 006e 80E0      		ldi r24,lo8(__c.4534)
 1256 0070 90E0      		ldi r25,hi8(__c.4534)
 1257 0072 EDB7      		in r30,__SP_L__
 1258 0074 FEB7      		in r31,__SP_H__
 1259 0076 9283      		std Z+2,r25
 1260 0078 8183      		std Z+1,r24
 1261 007a 8091 0000 		lds r24,g_stDeviceInfo
 1262 007e 9091 0000 		lds r25,g_stDeviceInfo+1
 1263 0082 9483      		std Z+4,r25
 1264 0084 8383      		std Z+3,r24
 1265 0086 0E94 0000 		call printf_P
 1266               	.LSM117:
 1267 008a 00D0      		rcall .
 1268 008c 80E0      		ldi r24,lo8(__c.4536)
 1269 008e 90E0      		ldi r25,hi8(__c.4536)
 1270 0090 EDB7      		in r30,__SP_L__
 1271 0092 FEB7      		in r31,__SP_H__
 1272 0094 9283      		std Z+2,r25
 1273 0096 8183      		std Z+1,r24
 1274 0098 8091 0000 		lds r24,g_stDeviceInfo+2
 1275 009c 9091 0000 		lds r25,g_stDeviceInfo+2+1
 1276 00a0 A091 0000 		lds r26,g_stDeviceInfo+2+2
 1277 00a4 B091 0000 		lds r27,g_stDeviceInfo+2+3
 1278 00a8 8383      		std Z+3,r24
 1279 00aa 9483      		std Z+4,r25
 1280 00ac A583      		std Z+5,r26
 1281 00ae B683      		std Z+6,r27
 1282 00b0 0E94 0000 		call printf_P
 1283               	.LSM118:
 1284 00b4 0F90      		pop __tmp_reg__
 1285 00b6 0F90      		pop __tmp_reg__
 1286 00b8 80E0      		ldi r24,lo8(__c.4538)
 1287 00ba 90E0      		ldi r25,hi8(__c.4538)
 1288 00bc EDB7      		in r30,__SP_L__
 1289 00be FEB7      		in r31,__SP_H__
 1290 00c0 9283      		std Z+2,r25
 1291 00c2 8183      		std Z+1,r24
 1292 00c4 8091 0000 		lds r24,g_stDeviceInfo+6
 1293 00c8 9091 0000 		lds r25,g_stDeviceInfo+6+1
 1294 00cc 9483      		std Z+4,r25
 1295 00ce 8383      		std Z+3,r24
 1296 00d0 0E94 0000 		call printf_P
 1297               	.LSM119:
 1298 00d4 80E0      		ldi r24,lo8(__c.4540)
 1299 00d6 90E0      		ldi r25,hi8(__c.4540)
 1300 00d8 EDB7      		in r30,__SP_L__
 1301 00da FEB7      		in r31,__SP_H__
 1302 00dc 9283      		std Z+2,r25
 1303 00de 8183      		std Z+1,r24
 1304 00e0 80E0      		ldi r24,lo8(g_stDeviceInfo+8)
 1305 00e2 90E0      		ldi r25,hi8(g_stDeviceInfo+8)
 1306 00e4 9483      		std Z+4,r25
 1307 00e6 8383      		std Z+3,r24
 1308 00e8 0E94 0000 		call printf_P
 1309               	.LSM120:
 1310 00ec 80E0      		ldi r24,lo8(__c.4542)
 1311 00ee 90E0      		ldi r25,hi8(__c.4542)
 1312 00f0 EDB7      		in r30,__SP_L__
 1313 00f2 FEB7      		in r31,__SP_H__
 1314 00f4 9283      		std Z+2,r25
 1315 00f6 8183      		std Z+1,r24
 1316 00f8 8091 0000 		lds r24,g_stDeviceInfo+28
 1317 00fc 9091 0000 		lds r25,g_stDeviceInfo+28+1
 1318 0100 9483      		std Z+4,r25
 1319 0102 8383      		std Z+3,r24
 1320 0104 0E94 0000 		call printf_P
 1321               	.LBB10:
 1322               	.LSM121:
 1323 0108 A090 0000 		lds r10,g_stDeviceInfo+30
 1324 010c B090 0000 		lds r11,g_stDeviceInfo+31
 1325 0110 C090 0000 		lds r12,g_stDeviceInfo+32
 1326 0114 D090 0000 		lds r13,g_stDeviceInfo+33
 1327 0118 E090 0000 		lds r14,g_stDeviceInfo+34
 1328 011c F090 0000 		lds r15,g_stDeviceInfo+35
 1329 0120 0091 0000 		lds r16,g_stDeviceInfo+36
 1330 0124 1091 0000 		lds r17,g_stDeviceInfo+37
 1331               	.LVL75:
 1332 0128 0F90      		pop __tmp_reg__
 1333 012a 0F90      		pop __tmp_reg__
 1334 012c 80E0      		ldi r24,lo8(__c.4546)
 1335 012e 90E0      		ldi r25,hi8(__c.4546)
 1336 0130 EDB7      		in r30,__SP_L__
 1337 0132 FEB7      		in r31,__SP_H__
 1338 0134 9283      		std Z+2,r25
 1339 0136 8183      		std Z+1,r24
 1340 0138 0E94 0000 		call printf_P
 1341               	.LVL76:
 1342 013c 0F90      		pop __tmp_reg__
 1343 013e 0F90      		pop __tmp_reg__
 1344 0140 C0E0      		ldi r28,lo8(4096)
 1345 0142 D0E1      		ldi r29,hi8(4096)
 1346 0144 E0E0      		ldi r30,lo8(__c.4548)
 1347 0146 8E2E      		mov r8,r30
 1348 0148 E0E0      		ldi r30,hi8(__c.4548)
 1349 014a 9E2E      		mov r9,r30
 1350               	.LVL77:
 1351               	.L45:
 1352               	.LSM122:
 1353 014c C501      		movw r24,r10
 1354 014e 8170      		andi r24,lo8(1)
 1355 0150 9070      		andi r25,hi8(1)
 1356 0152 0097      		sbiw r24,0
 1357 0154 01F0      		breq .L43
 1358               	.LSM123:
 1359 0156 00D0      		rcall .
 1360 0158 00D0      		rcall .
 1361 015a EDB7      		in r30,__SP_L__
 1362 015c FEB7      		in r31,__SP_H__
 1363 015e 9282      		std Z+2,r9
 1364 0160 8182      		std Z+1,r8
 1365 0162 D483      		std Z+4,r29
 1366 0164 C383      		std Z+3,r28
 1367 0166 0E94 0000 		call printf_P
 1368 016a 0F90      		pop __tmp_reg__
 1369 016c 0F90      		pop __tmp_reg__
 1370 016e 0F90      		pop __tmp_reg__
 1371 0170 0F90      		pop __tmp_reg__
 1372               	.L43:
 1373               	.LVL78:
 1374               	.LSM124:
 1375 0172 2196      		adiw r28,1
 1376 0174 F0E1      		ldi r31,hi8(4160)
 1377 0176 C034      		cpi r28,lo8(4160)
 1378 0178 DF07      		cpc r29,r31
 1379 017a 01F0      		breq .L44
 1380               	.LSM125:
 1381 017c 9501      		movw r18,r10
 1382 017e A601      		movw r20,r12
 1383 0180 B701      		movw r22,r14
 1384 0182 C801      		movw r24,r16
 1385 0184 01E0      		ldi r16,lo8(1)
 1386 0186 0E94 0000 		call __lshrdi3
 1387 018a 5901      		movw r10,r18
 1388               	.LVL79:
 1389 018c 6A01      		movw r12,r20
 1390 018e 7B01      		movw r14,r22
 1391 0190 8C01      		movw r16,r24
 1392 0192 00C0      		rjmp .L45
 1393               	.LVL80:
 1394               	.L44:
 1395               	.LBE10:
 1396               	.LBB11:
 1397               	.LSM126:
 1398 0194 A090 0000 		lds r10,g_stDeviceInfo+38
 1399               	.LVL81:
 1400 0198 B090 0000 		lds r11,g_stDeviceInfo+39
 1401 019c C090 0000 		lds r12,g_stDeviceInfo+40
 1402 01a0 D090 0000 		lds r13,g_stDeviceInfo+41
 1403 01a4 E090 0000 		lds r14,g_stDeviceInfo+42
 1404 01a8 F090 0000 		lds r15,g_stDeviceInfo+43
 1405 01ac 0091 0000 		lds r16,g_stDeviceInfo+44
 1406 01b0 1091 0000 		lds r17,g_stDeviceInfo+45
 1407               	.LVL82:
 1408 01b4 00D0      		rcall .
 1409 01b6 80E0      		ldi r24,lo8(__c.4555)
 1410 01b8 90E0      		ldi r25,hi8(__c.4555)
 1411 01ba EDB7      		in r30,__SP_L__
 1412 01bc FEB7      		in r31,__SP_H__
 1413 01be 9283      		std Z+2,r25
 1414 01c0 8183      		std Z+1,r24
 1415 01c2 0E94 0000 		call printf_P
 1416               	.LVL83:
 1417 01c6 0F90      		pop __tmp_reg__
 1418 01c8 0F90      		pop __tmp_reg__
 1419 01ca C0E0      		ldi r28,lo8(16384)
 1420 01cc D0E4      		ldi r29,hi8(16384)
 1421 01ce 70E0      		ldi r23,lo8(__c.4557)
 1422 01d0 872E      		mov r8,r23
 1423 01d2 70E0      		ldi r23,hi8(__c.4557)
 1424 01d4 972E      		mov r9,r23
 1425               	.LVL84:
 1426               	.L48:
 1427               	.LSM127:
 1428 01d6 C501      		movw r24,r10
 1429 01d8 8170      		andi r24,lo8(1)
 1430 01da 9070      		andi r25,hi8(1)
 1431 01dc 0097      		sbiw r24,0
 1432 01de 01F0      		breq .L46
 1433               	.LSM128:
 1434 01e0 00D0      		rcall .
 1435 01e2 00D0      		rcall .
 1436 01e4 EDB7      		in r30,__SP_L__
 1437 01e6 FEB7      		in r31,__SP_H__
 1438 01e8 9282      		std Z+2,r9
 1439 01ea 8182      		std Z+1,r8
 1440 01ec D483      		std Z+4,r29
 1441 01ee C383      		std Z+3,r28
 1442 01f0 0E94 0000 		call printf_P
 1443 01f4 0F90      		pop __tmp_reg__
 1444 01f6 0F90      		pop __tmp_reg__
 1445 01f8 0F90      		pop __tmp_reg__
 1446 01fa 0F90      		pop __tmp_reg__
 1447               	.L46:
 1448               	.LVL85:
 1449               	.LSM129:
 1450 01fc 2196      		adiw r28,1
 1451 01fe F0E4      		ldi r31,hi8(16448)
 1452 0200 C034      		cpi r28,lo8(16448)
 1453 0202 DF07      		cpc r29,r31
 1454 0204 01F0      		breq .L47
 1455               	.LSM130:
 1456 0206 9501      		movw r18,r10
 1457 0208 A601      		movw r20,r12
 1458 020a B701      		movw r22,r14
 1459 020c C801      		movw r24,r16
 1460 020e 01E0      		ldi r16,lo8(1)
 1461 0210 0E94 0000 		call __lshrdi3
 1462 0214 5901      		movw r10,r18
 1463               	.LVL86:
 1464 0216 6A01      		movw r12,r20
 1465 0218 7B01      		movw r14,r22
 1466 021a 8C01      		movw r16,r24
 1467 021c 00C0      		rjmp .L48
 1468               	.LVL87:
 1469               	.L47:
 1470               	.LBE11:
 1471               	.LBB12:
 1472               	.LSM131:
 1473 021e A090 0000 		lds r10,g_stDeviceInfo+46
 1474               	.LVL88:
 1475 0222 B090 0000 		lds r11,g_stDeviceInfo+47
 1476 0226 C090 0000 		lds r12,g_stDeviceInfo+48
 1477 022a D090 0000 		lds r13,g_stDeviceInfo+49
 1478 022e E090 0000 		lds r14,g_stDeviceInfo+50
 1479 0232 F090 0000 		lds r15,g_stDeviceInfo+51
 1480 0236 0091 0000 		lds r16,g_stDeviceInfo+52
 1481 023a 1091 0000 		lds r17,g_stDeviceInfo+53
 1482               	.LVL89:
 1483 023e 00D0      		rcall .
 1484 0240 80E0      		ldi r24,lo8(__c.4564)
 1485 0242 90E0      		ldi r25,hi8(__c.4564)
 1486 0244 EDB7      		in r30,__SP_L__
 1487 0246 FEB7      		in r31,__SP_H__
 1488 0248 9283      		std Z+2,r25
 1489 024a 8183      		std Z+1,r24
 1490 024c 0E94 0000 		call printf_P
 1491               	.LVL90:
 1492 0250 0F90      		pop __tmp_reg__
 1493 0252 0F90      		pop __tmp_reg__
 1494 0254 C0E0      		ldi r28,lo8(20480)
 1495 0256 D0E5      		ldi r29,hi8(20480)
 1496 0258 60E0      		ldi r22,lo8(__c.4566)
 1497 025a 862E      		mov r8,r22
 1498 025c 60E0      		ldi r22,hi8(__c.4566)
 1499 025e 962E      		mov r9,r22
 1500               	.LVL91:
 1501               	.L51:
 1502               	.LSM132:
 1503 0260 C501      		movw r24,r10
 1504 0262 8170      		andi r24,lo8(1)
 1505 0264 9070      		andi r25,hi8(1)
 1506 0266 0097      		sbiw r24,0
 1507 0268 01F0      		breq .L49
 1508               	.LSM133:
 1509 026a 00D0      		rcall .
 1510 026c 00D0      		rcall .
 1511 026e EDB7      		in r30,__SP_L__
 1512 0270 FEB7      		in r31,__SP_H__
 1513 0272 9282      		std Z+2,r9
 1514 0274 8182      		std Z+1,r8
 1515 0276 D483      		std Z+4,r29
 1516 0278 C383      		std Z+3,r28
 1517 027a 0E94 0000 		call printf_P
 1518 027e 0F90      		pop __tmp_reg__
 1519 0280 0F90      		pop __tmp_reg__
 1520 0282 0F90      		pop __tmp_reg__
 1521 0284 0F90      		pop __tmp_reg__
 1522               	.L49:
 1523               	.LVL92:
 1524               	.LSM134:
 1525 0286 2196      		adiw r28,1
 1526 0288 F0E5      		ldi r31,hi8(20544)
 1527 028a C034      		cpi r28,lo8(20544)
 1528 028c DF07      		cpc r29,r31
 1529 028e 01F0      		breq .L50
 1530               	.LSM135:
 1531 0290 9501      		movw r18,r10
 1532 0292 A601      		movw r20,r12
 1533 0294 B701      		movw r22,r14
 1534 0296 C801      		movw r24,r16
 1535 0298 01E0      		ldi r16,lo8(1)
 1536 029a 0E94 0000 		call __lshrdi3
 1537 029e 5901      		movw r10,r18
 1538               	.LVL93:
 1539 02a0 6A01      		movw r12,r20
 1540 02a2 7B01      		movw r14,r22
 1541 02a4 8C01      		movw r16,r24
 1542 02a6 00C0      		rjmp .L51
 1543               	.LVL94:
 1544               	.L50:
 1545               	.LBE12:
 1546               	.LBB13:
 1547               	.LSM136:
 1548 02a8 A090 0000 		lds r10,g_stDeviceInfo+54
 1549               	.LVL95:
 1550 02ac B090 0000 		lds r11,g_stDeviceInfo+55
 1551 02b0 C090 0000 		lds r12,g_stDeviceInfo+56
 1552 02b4 D090 0000 		lds r13,g_stDeviceInfo+57
 1553 02b8 E090 0000 		lds r14,g_stDeviceInfo+58
 1554 02bc F090 0000 		lds r15,g_stDeviceInfo+59
 1555 02c0 0091 0000 		lds r16,g_stDeviceInfo+60
 1556 02c4 1091 0000 		lds r17,g_stDeviceInfo+61
 1557               	.LVL96:
 1558 02c8 00D0      		rcall .
 1559 02ca 80E0      		ldi r24,lo8(__c.4573)
 1560 02cc 90E0      		ldi r25,hi8(__c.4573)
 1561 02ce EDB7      		in r30,__SP_L__
 1562 02d0 FEB7      		in r31,__SP_H__
 1563 02d2 9283      		std Z+2,r25
 1564 02d4 8183      		std Z+1,r24
 1565 02d6 0E94 0000 		call printf_P
 1566               	.LVL97:
 1567 02da 0F90      		pop __tmp_reg__
 1568 02dc 0F90      		pop __tmp_reg__
 1569 02de C0E0      		ldi r28,lo8(12288)
 1570 02e0 D0E3      		ldi r29,hi8(12288)
 1571 02e2 50E0      		ldi r21,lo8(__c.4575)
 1572 02e4 852E      		mov r8,r21
 1573 02e6 50E0      		ldi r21,hi8(__c.4575)
 1574 02e8 952E      		mov r9,r21
 1575               	.LVL98:
 1576               	.L54:
 1577               	.LSM137:
 1578 02ea C501      		movw r24,r10
 1579 02ec 8170      		andi r24,lo8(1)
 1580 02ee 9070      		andi r25,hi8(1)
 1581 02f0 0097      		sbiw r24,0
 1582 02f2 01F0      		breq .L52
 1583               	.LSM138:
 1584 02f4 00D0      		rcall .
 1585 02f6 00D0      		rcall .
 1586 02f8 EDB7      		in r30,__SP_L__
 1587 02fa FEB7      		in r31,__SP_H__
 1588 02fc 9282      		std Z+2,r9
 1589 02fe 8182      		std Z+1,r8
 1590 0300 D483      		std Z+4,r29
 1591 0302 C383      		std Z+3,r28
 1592 0304 0E94 0000 		call printf_P
 1593 0308 0F90      		pop __tmp_reg__
 1594 030a 0F90      		pop __tmp_reg__
 1595 030c 0F90      		pop __tmp_reg__
 1596 030e 0F90      		pop __tmp_reg__
 1597               	.L52:
 1598               	.LVL99:
 1599               	.LSM139:
 1600 0310 2196      		adiw r28,1
 1601 0312 F0E3      		ldi r31,hi8(12352)
 1602 0314 C034      		cpi r28,lo8(12352)
 1603 0316 DF07      		cpc r29,r31
 1604 0318 01F0      		breq .L53
 1605               	.LSM140:
 1606 031a 9501      		movw r18,r10
 1607 031c A601      		movw r20,r12
 1608 031e B701      		movw r22,r14
 1609 0320 C801      		movw r24,r16
 1610 0322 01E0      		ldi r16,lo8(1)
 1611 0324 0E94 0000 		call __lshrdi3
 1612 0328 5901      		movw r10,r18
 1613               	.LVL100:
 1614 032a 6A01      		movw r12,r20
 1615 032c 7B01      		movw r14,r22
 1616 032e 8C01      		movw r16,r24
 1617 0330 00C0      		rjmp .L54
 1618               	.LVL101:
 1619               	.L53:
 1620               	.LBE13:
 1621               	.LBB14:
 1622               	.LSM141:
 1623 0332 A090 0000 		lds r10,g_stDeviceInfo+62
 1624               	.LVL102:
 1625 0336 B090 0000 		lds r11,g_stDeviceInfo+63
 1626 033a C090 0000 		lds r12,g_stDeviceInfo+64
 1627 033e D090 0000 		lds r13,g_stDeviceInfo+65
 1628 0342 E090 0000 		lds r14,g_stDeviceInfo+66
 1629 0346 F090 0000 		lds r15,g_stDeviceInfo+67
 1630 034a 0091 0000 		lds r16,g_stDeviceInfo+68
 1631 034e 1091 0000 		lds r17,g_stDeviceInfo+69
 1632               	.LVL103:
 1633 0352 00D0      		rcall .
 1634 0354 80E0      		ldi r24,lo8(__c.4582)
 1635 0356 90E0      		ldi r25,hi8(__c.4582)
 1636 0358 EDB7      		in r30,__SP_L__
 1637 035a FEB7      		in r31,__SP_H__
 1638 035c 9283      		std Z+2,r25
 1639 035e 8183      		std Z+1,r24
 1640 0360 0E94 0000 		call printf_P
 1641               	.LVL104:
 1642 0364 0F90      		pop __tmp_reg__
 1643 0366 0F90      		pop __tmp_reg__
 1644 0368 C0E0      		ldi r28,lo8(14336)
 1645 036a D8E3      		ldi r29,hi8(14336)
 1646 036c 40E0      		ldi r20,lo8(__c.4584)
 1647 036e 842E      		mov r8,r20
 1648 0370 40E0      		ldi r20,hi8(__c.4584)
 1649 0372 942E      		mov r9,r20
 1650               	.LVL105:
 1651               	.L57:
 1652               	.LSM142:
 1653 0374 C501      		movw r24,r10
 1654 0376 8170      		andi r24,lo8(1)
 1655 0378 9070      		andi r25,hi8(1)
 1656 037a 0097      		sbiw r24,0
 1657 037c 01F0      		breq .L55
 1658               	.LSM143:
 1659 037e 00D0      		rcall .
 1660 0380 00D0      		rcall .
 1661 0382 EDB7      		in r30,__SP_L__
 1662 0384 FEB7      		in r31,__SP_H__
 1663 0386 9282      		std Z+2,r9
 1664 0388 8182      		std Z+1,r8
 1665 038a D483      		std Z+4,r29
 1666 038c C383      		std Z+3,r28
 1667 038e 0E94 0000 		call printf_P
 1668 0392 0F90      		pop __tmp_reg__
 1669 0394 0F90      		pop __tmp_reg__
 1670 0396 0F90      		pop __tmp_reg__
 1671 0398 0F90      		pop __tmp_reg__
 1672               	.L55:
 1673               	.LVL106:
 1674               	.LSM144:
 1675 039a 2196      		adiw r28,1
 1676 039c F8E3      		ldi r31,hi8(14400)
 1677 039e C034      		cpi r28,lo8(14400)
 1678 03a0 DF07      		cpc r29,r31
 1679 03a2 01F0      		breq .L56
 1680               	.LSM145:
 1681 03a4 9501      		movw r18,r10
 1682 03a6 A601      		movw r20,r12
 1683 03a8 B701      		movw r22,r14
 1684 03aa C801      		movw r24,r16
 1685 03ac 01E0      		ldi r16,lo8(1)
 1686 03ae 0E94 0000 		call __lshrdi3
 1687 03b2 5901      		movw r10,r18
 1688               	.LVL107:
 1689 03b4 6A01      		movw r12,r20
 1690 03b6 7B01      		movw r14,r22
 1691 03b8 8C01      		movw r16,r24
 1692 03ba 00C0      		rjmp .L57
 1693               	.LVL108:
 1694               	.L56:
 1695               	.LBE14:
 1696               	.LSM146:
 1697 03bc 00D0      		rcall .
 1698 03be 00D0      		rcall .
 1699 03c0 80E0      		ldi r24,lo8(__c.4589)
 1700 03c2 90E0      		ldi r25,hi8(__c.4589)
 1701 03c4 EDB7      		in r30,__SP_L__
 1702 03c6 FEB7      		in r31,__SP_H__
 1703 03c8 9283      		std Z+2,r25
 1704 03ca 8183      		std Z+1,r24
 1705 03cc C0E0      		ldi r28,lo8(g_stDeviceInfo+70)
 1706 03ce D0E0      		ldi r29,hi8(g_stDeviceInfo+70)
 1707 03d0 D483      		std Z+4,r29
 1708 03d2 C383      		std Z+3,r28
 1709 03d4 0E94 0000 		call printf_P
 1710               	.LSM147:
 1711 03d8 80E0      		ldi r24,lo8(__c.4591)
 1712 03da 90E0      		ldi r25,hi8(__c.4591)
 1713 03dc EDB7      		in r30,__SP_L__
 1714 03de FEB7      		in r31,__SP_H__
 1715 03e0 9283      		std Z+2,r25
 1716 03e2 8183      		std Z+1,r24
 1717 03e4 CE01      		movw r24,r28
 1718 03e6 4496      		adiw r24,20
 1719 03e8 9483      		std Z+4,r25
 1720 03ea 8383      		std Z+3,r24
 1721 03ec 0E94 0000 		call printf_P
 1722               	.LSM148:
 1723 03f0 80E0      		ldi r24,lo8(__c.4593)
 1724 03f2 90E0      		ldi r25,hi8(__c.4593)
 1725 03f4 EDB7      		in r30,__SP_L__
 1726 03f6 FEB7      		in r31,__SP_H__
 1727 03f8 9283      		std Z+2,r25
 1728 03fa 8183      		std Z+1,r24
 1729 03fc CE01      		movw r24,r28
 1730 03fe 8896      		adiw r24,40
 1731 0400 9483      		std Z+4,r25
 1732 0402 8383      		std Z+3,r24
 1733 0404 0E94 0000 		call printf_P
 1734               	.LSM149:
 1735 0408 80E0      		ldi r24,lo8(__c.4595)
 1736 040a 90E0      		ldi r25,hi8(__c.4595)
 1737 040c EDB7      		in r30,__SP_L__
 1738 040e FEB7      		in r31,__SP_H__
 1739 0410 9283      		std Z+2,r25
 1740 0412 8183      		std Z+1,r24
 1741 0414 EC96      		adiw r28,60
 1742 0416 D483      		std Z+4,r29
 1743 0418 C383      		std Z+3,r28
 1744 041a 0E94 0000 		call printf_P
 1745               	.LSM150:
 1746 041e 0F90      		pop __tmp_reg__
 1747 0420 0F90      		pop __tmp_reg__
 1748 0422 0F90      		pop __tmp_reg__
 1749 0424 0F90      		pop __tmp_reg__
 1750               	.LVL109:
 1751               	.L58:
 1752 0426 10E0      		ldi r17,lo8(0)
 1753               	.L41:
 1754               	.LSM151:
 1755 0428 812F      		mov r24,r17
 1756               	/* epilogue start */
 1757 042a DF91      		pop r29
 1758 042c CF91      		pop r28
 1759 042e 1F91      		pop r17
 1760 0430 0F91      		pop r16
 1761 0432 FF90      		pop r15
 1762 0434 EF90      		pop r14
 1763 0436 DF90      		pop r13
 1764 0438 CF90      		pop r12
 1765 043a BF90      		pop r11
 1766 043c AF90      		pop r10
 1767 043e 9F90      		pop r9
 1768 0440 8F90      		pop r8
 1769 0442 0895      		ret
 1770               	.LFE146:
 1772               	.global	g_nStage
 1773               	.global	g_nStage
 1774               		.section .bss
 1777               	g_nStage:
 1778 0000 00        		.skip 1,0
 1779               	.global	g_iDataIsValid
 1780               	.global	g_iDataIsValid
 1783               	g_iDataIsValid:
 1784 0001 00        		.skip 1,0
 1785               	.global	g_stDeviceInfo
 1786               	.global	g_stDeviceInfo
 1789               	g_stDeviceInfo:
 1790 0002 0000 0000 		.skip 150,0
 1790      0000 0000 
 1790      0000 0000 
 1790      0000 0000 
 1790      0000 0000 
 1791               		.section	.progmem.data,"a",@progbits
 1794               	__c.4595:
 1795 0000 5365 7269 		.string	"Serial Num.:\t%s\r\n"
 1795      616C 204E 
 1795      756D 2E3A 
 1795      0925 730D 
 1795      0A00 
 1798               	__c.4593:
 1799 0012 4465 7669 		.string	"Device ver.:\t%s\r\n"
 1799      6365 2076 
 1799      6572 2E3A 
 1799      0925 730D 
 1799      0A00 
 1802               	__c.4591:
 1803 0024 4D6F 6465 		.string	"Model:\t\t%s\r\n"
 1803      6C3A 0909 
 1803      2573 0D0A 
 1803      00
 1806               	__c.4589:
 1807 0031 0D0A 4D61 		.string	"\r\nManufacturer:\t%s\r\n"
 1807      6E75 6661 
 1807      6374 7572 
 1807      6572 3A09 
 1807      2573 0D0A 
 1810               	__c.4584:
 1811 0046 0928 2D29 		.string	"\t(-) 0x%04x\r\n"
 1811      2030 7825 
 1811      3034 780D 
 1811      0A00 
 1814               	__c.4582:
 1815 0054 0D0A 496D 		.string	"\r\nImage Formats:\r\n"
 1815      6167 6520 
 1815      466F 726D 
 1815      6174 733A 
 1815      0D0A 00
 1818               	__c.4575:
 1819 0067 0928 2D29 		.string	"\t(-) 0x%04x\r\n"
 1819      2030 7825 
 1819      3034 780D 
 1819      0A00 
 1822               	__c.4573:
 1823 0075 0D0A 4361 		.string	"\r\nCapture formats:\r\n"
 1823      7074 7572 
 1823      6520 666F 
 1823      726D 6174 
 1823      733A 0D0A 
 1826               	__c.4566:
 1827 008a 0928 2D29 		.string	"\t(-) 0x%04x\r\n"
 1827      2030 7825 
 1827      3034 780D 
 1827      0A00 
 1830               	__c.4564:
 1831 0098 0D0A 4465 		.string	"\r\nDevice properties supported:\r\n"
 1831      7669 6365 
 1831      2070 726F 
 1831      7065 7274 
 1831      6965 7320 
 1834               	__c.4557:
 1835 00b9 0928 2D29 		.string	"\t(-) 0x%04x\r\n"
 1835      2030 7825 
 1835      3034 780D 
 1835      0A00 
 1838               	__c.4555:
 1839 00c7 0D0A 4576 		.string	"\r\nEvents supported:\r\n"
 1839      656E 7473 
 1839      2073 7570 
 1839      706F 7274 
 1839      6564 3A0D 
 1842               	__c.4548:
 1843 00dd 0928 2D29 		.string	"\t(-) 0x%04x\r\n"
 1843      2030 7825 
 1843      3034 780D 
 1843      0A00 
 1846               	__c.4546:
 1847 00eb 0D0A 4F70 		.string	"\r\nOperations supported:\r\n"
 1847      6572 6174 
 1847      696F 6E73 
 1847      2073 7570 
 1847      706F 7274 
 1850               	__c.4542:
 1851 0105 4675 6E63 		.string	"Func.Mode:\t%d\r\n"
 1851      2E4D 6F64 
 1851      653A 0925 
 1851      640D 0A00 
 1854               	__c.4540:
 1855 0115 0D0A 5665 		.string	"\r\nVend.Ext.Desc.:\t%s\r\n"
 1855      6E64 2E45 
 1855      7874 2E44 
 1855      6573 632E 
 1855      3A09 2573 
 1858               	__c.4538:
 1859 012c 5665 6E64 		.string	"Vend.Ext.Ver.:\t%d\r\n"
 1859      2E45 7874 
 1859      2E56 6572 
 1859      2E3A 0925 
 1859      640D 0A00 
 1862               	__c.4536:
 1863 0140 5665 6E64 		.string	"Vend.Ext.ID.:\t%d\r\n"
 1863      2E45 7874 
 1863      2E49 442E 
 1863      3A09 2564 
 1863      0D0A 00
 1866               	__c.4534:
 1867 0153 5374 642E 		.string	"Std.Ver.:\t%d\r\n"
 1867      5665 722E 
 1867      3A09 2564 
 1867      0D0A 00
 1870               	__c.4532:
 1871 0162 4572 726F 		.string	"Error reading device info\r\n"
 1871      7220 7265 
 1871      6164 696E 
 1871      6720 6465 
 1871      7669 6365 
 1874               	__c.4530:
 1875 017e 4465 7669 		.string	"Device not connected.\r\n"
 1875      6365 206E 
 1875      6F74 2063 
 1875      6F6E 6E65 
 1875      6374 6564 
 1878               	__c.4522:
 1879 0196 1B5B 3336 		.string	"\033[36m\tGot device info of %d bytes.\r\n\033[37m"
 1879      6D09 476F 
 1879      7420 6465 
 1879      7669 6365 
 1879      2069 6E66 
 1882               	__c.4518:
 1883 01c0 4465 7669 		.string	"Device not connected.\r\n"
 1883      6365 206E 
 1883      6F74 2063 
 1883      6F6E 6E65 
 1883      6374 6564 
 1886               	__c.4490:
 1887 01d8 0928 2D29 		.string	"\t(-) 0x%04x\r\n"
 1887      2030 7825 
 1887      3034 780D 
 1887      0A00 
 1890               	__c.4488:
 1891 01e6 0925 6420 		.string	"\t%d values array\r\n"
 1891      7661 6C75 
 1891      6573 2061 
 1891      7272 6179 
 1891      0D0A 00
 1894               	__c.4450:
 1895 01f9 2563 00   		.string	"%c"
 1898               	__c.4448:
 1899 01fc 286C 656E 		.string	"(len.%d)"
 1899      2E25 6429 
 1899      00
 1972               	.Letext0:
DEFINED SYMBOLS
                            *ABS*:00000000 CameraControl_DeviceInfo.c
C:\Users\david\AppData\Local\Temp\ccvXX58j.s:2      *ABS*:0000003f __SREG__
C:\Users\david\AppData\Local\Temp\ccvXX58j.s:3      *ABS*:0000003e __SP_H__
C:\Users\david\AppData\Local\Temp\ccvXX58j.s:4      *ABS*:0000003d __SP_L__
C:\Users\david\AppData\Local\Temp\ccvXX58j.s:5      *ABS*:00000034 __CCP__
C:\Users\david\AppData\Local\Temp\ccvXX58j.s:6      *ABS*:00000000 __tmp_reg__
C:\Users\david\AppData\Local\Temp\ccvXX58j.s:7      *ABS*:00000001 __zero_reg__
C:\Users\david\AppData\Local\Temp\ccvXX58j.s:19     .text.CameraControl_DeviceInfo_PrintString:00000000 CameraControl_DeviceInfo_PrintString
C:\Users\david\AppData\Local\Temp\ccvXX58j.s:1898   .progmem.data:000001fc __c.4448
C:\Users\david\AppData\Local\Temp\ccvXX58j.s:1894   .progmem.data:000001f9 __c.4450
C:\Users\david\AppData\Local\Temp\ccvXX58j.s:144    .text.CameraControl_DeviceInfo_CopyString:00000000 CameraControl_DeviceInfo_CopyString
C:\Users\david\AppData\Local\Temp\ccvXX58j.s:277    .text.CameraControl_DeviceInfo_CopyArray:00000000 CameraControl_DeviceInfo_CopyArray
C:\Users\david\AppData\Local\Temp\ccvXX58j.s:532    .text.CameraControl_DeviceInfo_PrintArray:00000000 CameraControl_DeviceInfo_PrintArray
C:\Users\david\AppData\Local\Temp\ccvXX58j.s:1890   .progmem.data:000001e6 __c.4488
C:\Users\david\AppData\Local\Temp\ccvXX58j.s:1886   .progmem.data:000001d8 __c.4490
C:\Users\david\AppData\Local\Temp\ccvXX58j.s:683    .text.CameraControl_DeviceInfo_Parse:00000000 CameraControl_DeviceInfo_Parse
C:\Users\david\AppData\Local\Temp\ccvXX58j.s:1777   .bss:00000000 g_nStage
C:\Users\david\AppData\Local\Temp\ccvXX58j.s:1789   .bss:00000002 g_stDeviceInfo
C:\Users\david\AppData\Local\Temp\ccvXX58j.s:987    .text.CameraControl_DeviceInfo_GetInfo:00000000 CameraControl_DeviceInfo_GetInfo
C:\Users\david\AppData\Local\Temp\ccvXX58j.s:1882   .progmem.data:000001c0 __c.4518
C:\Users\david\AppData\Local\Temp\ccvXX58j.s:1878   .progmem.data:00000196 __c.4522
C:\Users\david\AppData\Local\Temp\ccvXX58j.s:1783   .bss:00000001 g_iDataIsValid
C:\Users\david\AppData\Local\Temp\ccvXX58j.s:1178   .text.CameraControl_DeviceInfo_Printout:00000000 CameraControl_DeviceInfo_Printout
C:\Users\david\AppData\Local\Temp\ccvXX58j.s:1874   .progmem.data:0000017e __c.4530
C:\Users\david\AppData\Local\Temp\ccvXX58j.s:1870   .progmem.data:00000162 __c.4532
C:\Users\david\AppData\Local\Temp\ccvXX58j.s:1866   .progmem.data:00000153 __c.4534
C:\Users\david\AppData\Local\Temp\ccvXX58j.s:1862   .progmem.data:00000140 __c.4536
C:\Users\david\AppData\Local\Temp\ccvXX58j.s:1858   .progmem.data:0000012c __c.4538
C:\Users\david\AppData\Local\Temp\ccvXX58j.s:1854   .progmem.data:00000115 __c.4540
C:\Users\david\AppData\Local\Temp\ccvXX58j.s:1850   .progmem.data:00000105 __c.4542
C:\Users\david\AppData\Local\Temp\ccvXX58j.s:1846   .progmem.data:000000eb __c.4546
C:\Users\david\AppData\Local\Temp\ccvXX58j.s:1842   .progmem.data:000000dd __c.4548
C:\Users\david\AppData\Local\Temp\ccvXX58j.s:1838   .progmem.data:000000c7 __c.4555
C:\Users\david\AppData\Local\Temp\ccvXX58j.s:1834   .progmem.data:000000b9 __c.4557
C:\Users\david\AppData\Local\Temp\ccvXX58j.s:1830   .progmem.data:00000098 __c.4564
C:\Users\david\AppData\Local\Temp\ccvXX58j.s:1826   .progmem.data:0000008a __c.4566
C:\Users\david\AppData\Local\Temp\ccvXX58j.s:1822   .progmem.data:00000075 __c.4573
C:\Users\david\AppData\Local\Temp\ccvXX58j.s:1818   .progmem.data:00000067 __c.4575
C:\Users\david\AppData\Local\Temp\ccvXX58j.s:1814   .progmem.data:00000054 __c.4582
C:\Users\david\AppData\Local\Temp\ccvXX58j.s:1810   .progmem.data:00000046 __c.4584
C:\Users\david\AppData\Local\Temp\ccvXX58j.s:1806   .progmem.data:00000031 __c.4589
C:\Users\david\AppData\Local\Temp\ccvXX58j.s:1802   .progmem.data:00000024 __c.4591
C:\Users\david\AppData\Local\Temp\ccvXX58j.s:1798   .progmem.data:00000012 __c.4593
C:\Users\david\AppData\Local\Temp\ccvXX58j.s:1794   .progmem.data:00000000 __c.4595

UNDEFINED SYMBOLS
printf_P
__ashldi3
USB_HostState
CameraControl_InitiateTransaction
SI_Host_ReadData
CameraControl_GetResponseAndCheck
__lshrdi3
__do_clear_bss
