   1               		.file	"CameraControl_StorageInfo.c"
   2               	__SREG__ = 0x3f
   3               	__SP_H__ = 0x3e
   4               	__SP_L__ = 0x3d
   5               	__CCP__ = 0x34
   6               	__tmp_reg__ = 0
   7               	__zero_reg__ = 1
  15               	.Ltext0:
  16               		.section	.text.CameraControl_GetStorageIDs,"ax",@progbits
  17               	.global	CameraControl_GetStorageIDs
  19               	CameraControl_GetStorageIDs:
  20               	.LFB140:
  21               	.LSM0:
  22               	.LVL0:
  23 0000 AF92      		push r10
  24 0002 BF92      		push r11
  25 0004 CF92      		push r12
  26 0006 DF92      		push r13
  27 0008 EF92      		push r14
  28 000a FF92      		push r15
  29 000c 0F93      		push r16
  30 000e 1F93      		push r17
  31 0010 DF93      		push r29
  32 0012 CF93      		push r28
  33 0014 CDB7      		in r28,__SP_L__
  34 0016 DEB7      		in r29,__SP_H__
  35 0018 6897      		sbiw r28,24
  36 001a 0FB6      		in __tmp_reg__,__SREG__
  37 001c F894      		cli
  38 001e DEBF      		out __SP_H__,r29
  39 0020 0FBE      		out __SREG__,__tmp_reg__
  40 0022 CDBF      		out __SP_L__,r28
  41               	/* prologue: function */
  42               	/* frame size = 24 */
  43               	/* stack size = 34 */
  44               	.L__stack_usage = 34
  45 0024 7C01      		movw r14,r24
  46               	.LSM1:
  47 0026 ADB6      		in r10,__SP_L__
  48 0028 BEB6      		in r11,__SP_H__
  49               	.LVL1:
  50               	.LSM2:
  51 002a 8091 0000 		lds r24,USB_HostState
  52               	.LVL2:
  53 002e 8B30      		cpi r24,lo8(11)
  54 0030 01F4      		brne .L2
  55               	.LSM3:
  56 0032 F701      		movw r30,r14
  57 0034 8681      		ldd r24,Z+6
  58 0036 8823      		tst r24
  59 0038 01F4      		brne .L3
  60               	.L2:
  61               	.LSM4:
  62 003a 00D0      		rcall .
  63 003c 80E0      		ldi r24,lo8(__c.4431)
  64 003e 90E0      		ldi r25,hi8(__c.4431)
  65 0040 EDB7      		in r30,__SP_L__
  66 0042 FEB7      		in r31,__SP_H__
  67 0044 9283      		std Z+2,r25
  68 0046 8183      		std Z+1,r24
  69 0048 0E94 0000 		call printf_P
  70 004c 0F90      		pop __tmp_reg__
  71 004e 0F90      		pop __tmp_reg__
  72 0050 80E0      		ldi r24,lo8(0)
  73 0052 00C0      		rjmp .L4
  74               	.L3:
  75               	.LSM5:
  76 0054 BE01      		movw r22,r28
  77 0056 6F5F      		subi r22,lo8(-(1))
  78 0058 7F4F      		sbci r23,hi8(-(1))
  79 005a 88E1      		ldi r24,lo8(24)
  80 005c FB01      		movw r30,r22
  81 005e 1192      		st Z+,__zero_reg__
  82 0060 8A95      	        dec r24
  83 0062 01F4      		brne .-6
  84 0064 8CE0      		ldi r24,lo8(12)
  85 0066 90E0      		ldi r25,hi8(12)
  86 0068 A0E0      		ldi r26,hlo8(12)
  87 006a B0E0      		ldi r27,hhi8(12)
  88 006c 8983      		std Y+1,r24
  89 006e 9A83      		std Y+2,r25
  90 0070 AB83      		std Y+3,r26
  91 0072 BC83      		std Y+4,r27
  92 0074 81E0      		ldi r24,lo8(1)
  93 0076 90E0      		ldi r25,hi8(1)
  94 0078 9E83      		std Y+6,r25
  95 007a 8D83      		std Y+5,r24
  96 007c 84E0      		ldi r24,lo8(4100)
  97 007e 90E1      		ldi r25,hi8(4100)
  98 0080 9887      		std Y+8,r25
  99 0082 8F83      		std Y+7,r24
 100               	.LSM6:
 101 0084 C701      		movw r24,r14
 102 0086 0E94 0000 		call CameraControl_InitiateTransaction
 103               	.LVL3:
 104               	.LSM7:
 105 008a 8823      		tst r24
 106 008c 01F0      		breq .+2
 107 008e 00C0      		rjmp .L4
 108               	.LSM8:
 109 0090 0981      		ldd r16,Y+1
 110 0092 1A81      		ldd r17,Y+2
 111 0094 0C50      		subi r16,lo8(-(-12))
 112 0096 1040      		sbci r17,hi8(-(-12))
 113               	.LVL4:
 114               	.LSM9:
 115 0098 00D0      		rcall .
 116 009a 00D0      		rcall .
 117 009c 80E0      		ldi r24,lo8(__c.4435)
 118 009e 90E0      		ldi r25,hi8(__c.4435)
 119               	.LVL5:
 120 00a0 EDB7      		in r30,__SP_L__
 121 00a2 FEB7      		in r31,__SP_H__
 122 00a4 9283      		std Z+2,r25
 123 00a6 8183      		std Z+1,r24
 124 00a8 1483      		std Z+4,r17
 125 00aa 0383      		std Z+3,r16
 126 00ac 0E94 0000 		call printf_P
 127               	.LVL6:
 128               	.LSM10:
 129 00b0 0F90      		pop __tmp_reg__
 130 00b2 0F90      		pop __tmp_reg__
 131 00b4 0F90      		pop __tmp_reg__
 132 00b6 0F90      		pop __tmp_reg__
 133 00b8 8DB7      		in r24,__SP_L__
 134 00ba 9EB7      		in r25,__SP_H__
 135 00bc 801B      		sub r24,r16
 136 00be 910B      		sbc r25,r17
 137 00c0 0FB6      		in __tmp_reg__,__SREG__
 138 00c2 F894      		cli
 139 00c4 9EBF      		out __SP_H__,r25
 140 00c6 0FBE      		out __SREG__,__tmp_reg__
 141 00c8 8DBF      		out __SP_L__,r24
 142 00ca CDB6      		in r12,__SP_L__
 143 00cc DEB6      		in r13,__SP_H__
 144 00ce 0894      		sec
 145 00d0 C11C      		adc r12,__zero_reg__
 146 00d2 D11C      		adc r13,__zero_reg__
 147               	.LSM11:
 148 00d4 C701      		movw r24,r14
 149 00d6 B601      		movw r22,r12
 150 00d8 A801      		movw r20,r16
 151 00da 0E94 0000 		call SI_Host_ReadData
 152               	.LBB11:
 153               	.LBB12:
 154               	.LSM12:
 155 00de 8091 A600 		lds r24,166
 156 00e2 8E77      		andi r24,lo8(126)
 157 00e4 8093 A600 		sts 166,r24
 158               	.LBE12:
 159               	.LBE11:
 160               	.LSM13:
 161 00e8 F601      		movw r30,r12
 162               	.LVL7:
 163               	.LSM14:
 164 00ea 8081      		ld r24,Z
 165 00ec 8093 0000 		sts g_iNumOfStorages,r24
 166 00f0 8601      		movw r16,r12
 167               	.LVL8:
 168 00f2 0C5F      		subi r16,lo8(-(4))
 169 00f4 1F4F      		sbci r17,hi8(-(4))
 170               	.LVL9:
 171               	.LSM15:
 172 00f6 8091 0000 		lds r24,g_iNumOfStorages
 173 00fa 8530      		cpi r24,lo8(5)
 174 00fc 00F4      		brsh .L8
 175               	.LSM16:
 176 00fe 6091 0000 		lds r22,g_iNumOfStorages
 177               	.LVL10:
 178 0102 00C0      		rjmp .L5
 179               	.LVL11:
 180               	.L8:
 181               	.LSM17:
 182 0104 64E0      		ldi r22,lo8(4)
 183               	.LVL12:
 184               	.L5:
 185               	.LSM18:
 186 0106 20E0      		ldi r18,lo8(0)
 187 0108 30E0      		ldi r19,hi8(0)
 188 010a 00C0      		rjmp .L6
 189               	.LVL13:
 190               	.L7:
 191               	.LSM19:
 192 010c F801      		movw r30,r16
 193 010e 8191      		ld r24,Z+
 194 0110 9191      		ld r25,Z+
 195 0112 A191      		ld r26,Z+
 196 0114 B191      		ld r27,Z+
 197 0116 8F01      		movw r16,r30
 198               	.LVL14:
 199 0118 A901      		movw r20,r18
 200 011a 440F      		lsl r20
 201 011c 551F      		rol r21
 202 011e 440F      		lsl r20
 203 0120 551F      		rol r21
 204 0122 4050      		subi r20,lo8(-(g_aiStorageIDs))
 205 0124 5040      		sbci r21,hi8(-(g_aiStorageIDs))
 206 0126 FA01      		movw r30,r20
 207               	.LVL15:
 208 0128 8083      		st Z,r24
 209 012a 9183      		std Z+1,r25
 210 012c A283      		std Z+2,r26
 211 012e B383      		std Z+3,r27
 212               	.LVL16:
 213 0130 2F5F      		subi r18,lo8(-(1))
 214 0132 3F4F      		sbci r19,hi8(-(1))
 215               	.LVL17:
 216               	.L6:
 217               	.LSM20:
 218               	.LVL18:
 219 0134 6150      		subi r22,1
 220 0136 00F4      		brcc .L7
 221               	.LSM21:
 222 0138 C701      		movw r24,r14
 223 013a BE01      		movw r22,r28
 224               	.LVL19:
 225 013c 6F5F      		subi r22,lo8(-(1))
 226 013e 7F4F      		sbci r23,hi8(-(1))
 227 0140 0E94 0000 		call CameraControl_GetResponseAndCheck
 228               	.LVL20:
 229               	.L4:
 230               	.LSM22:
 231 0144 0FB6      		in __tmp_reg__,__SREG__
 232 0146 F894      		cli
 233 0148 BEBE      		out __SP_H__,r11
 234 014a 0FBE      		out __SREG__,__tmp_reg__
 235 014c ADBE      		out __SP_L__,r10
 236               	/* epilogue start */
 237 014e 6896      		adiw r28,24
 238 0150 0FB6      		in __tmp_reg__,__SREG__
 239 0152 F894      		cli
 240 0154 DEBF      		out __SP_H__,r29
 241 0156 0FBE      		out __SREG__,__tmp_reg__
 242 0158 CDBF      		out __SP_L__,r28
 243 015a CF91      		pop r28
 244 015c DF91      		pop r29
 245 015e 1F91      		pop r17
 246 0160 0F91      		pop r16
 247 0162 FF90      		pop r15
 248 0164 EF90      		pop r14
 249               	.LVL21:
 250 0166 DF90      		pop r13
 251 0168 CF90      		pop r12
 252 016a BF90      		pop r11
 253 016c AF90      		pop r10
 254 016e 0895      		ret
 255               	.LFE140:
 257               		.section	.text.CameraControl_GetStorageInfo,"ax",@progbits
 258               	.global	CameraControl_GetStorageInfo
 260               	CameraControl_GetStorageInfo:
 261               	.LFB141:
 262               	.LSM23:
 263               	.LVL22:
 264 0000 AF92      		push r10
 265 0002 BF92      		push r11
 266 0004 CF92      		push r12
 267 0006 DF92      		push r13
 268 0008 EF92      		push r14
 269 000a FF92      		push r15
 270 000c 0F93      		push r16
 271 000e 1F93      		push r17
 272 0010 DF93      		push r29
 273 0012 CF93      		push r28
 274 0014 CDB7      		in r28,__SP_L__
 275 0016 DEB7      		in r29,__SP_H__
 276 0018 6A97      		sbiw r28,26
 277 001a 0FB6      		in __tmp_reg__,__SREG__
 278 001c F894      		cli
 279 001e DEBF      		out __SP_H__,r29
 280 0020 0FBE      		out __SREG__,__tmp_reg__
 281 0022 CDBF      		out __SP_L__,r28
 282               	/* prologue: function */
 283               	/* frame size = 26 */
 284               	/* stack size = 36 */
 285               	.L__stack_usage = 36
 286 0024 6C01      		movw r12,r24
 287               	.LSM24:
 288 0026 ADB6      		in r10,__SP_L__
 289 0028 BEB6      		in r11,__SP_H__
 290               	.LSM25:
 291 002a 8091 0000 		lds r24,USB_HostState
 292               	.LVL23:
 293 002e 8B30      		cpi r24,lo8(11)
 294 0030 01F4      		brne .L10
 295               	.LSM26:
 296 0032 D601      		movw r26,r12
 297 0034 1696      		adiw r26,6
 298 0036 8C91      		ld r24,X
 299 0038 1697      		sbiw r26,6
 300 003a 8823      		tst r24
 301 003c 01F4      		brne .L11
 302               	.L10:
 303               	.LSM27:
 304 003e 00D0      		rcall .
 305 0040 80E0      		ldi r24,lo8(__c.4451)
 306 0042 90E0      		ldi r25,hi8(__c.4451)
 307 0044 EDB7      		in r30,__SP_L__
 308 0046 FEB7      		in r31,__SP_H__
 309 0048 9283      		std Z+2,r25
 310 004a 8183      		std Z+1,r24
 311 004c 0E94 0000 		call printf_P
 312               	.LVL24:
 313 0050 0F90      		pop __tmp_reg__
 314 0052 0F90      		pop __tmp_reg__
 315 0054 80E0      		ldi r24,lo8(0)
 316 0056 00C0      		rjmp .L12
 317               	.LVL25:
 318               	.L11:
 319               	.LSM28:
 320 0058 8091 0000 		lds r24,g_iNumOfStorages
 321 005c 6817      		cp r22,r24
 322 005e 00F0      		brlo .L13
 323               	.LSM29:
 324 0060 2091 0000 		lds r18,g_iNumOfStorages
 325 0064 00D0      		rcall .
 326 0066 00D0      		rcall .
 327 0068 00D0      		rcall .
 328 006a EDB7      		in r30,__SP_L__
 329 006c FEB7      		in r31,__SP_H__
 330 006e 3196      		adiw r30,1
 331 0070 80E0      		ldi r24,lo8(__c.4453)
 332 0072 90E0      		ldi r25,hi8(__c.4453)
 333 0074 ADB7      		in r26,__SP_L__
 334 0076 BEB7      		in r27,__SP_H__
 335 0078 1296      		adiw r26,1+1
 336 007a 9C93      		st X,r25
 337 007c 8E93      		st -X,r24
 338 007e 1197      		sbiw r26,1
 339 0080 6283      		std Z+2,r22
 340 0082 1382      		std Z+3,__zero_reg__
 341 0084 2483      		std Z+4,r18
 342 0086 1582      		std Z+5,__zero_reg__
 343 0088 0E94 0000 		call printf_P
 344               	.LVL26:
 345 008c EDB7      		in r30,__SP_L__
 346 008e FEB7      		in r31,__SP_H__
 347 0090 3696      		adiw r30,6
 348 0092 0FB6      		in __tmp_reg__,__SREG__
 349 0094 F894      		cli
 350 0096 FEBF      		out __SP_H__,r31
 351 0098 0FBE      		out __SREG__,__tmp_reg__
 352 009a EDBF      		out __SP_L__,r30
 353               	.LSM30:
 354 009c 80E8      		ldi r24,lo8(-128)
 355 009e 00C0      		rjmp .L12
 356               	.LVL27:
 357               	.L13:
 358               	.LSM31:
 359 00a0 E62E      		mov r14,r22
 360 00a2 FF24      		clr r15
 361 00a4 F701      		movw r30,r14
 362 00a6 EE0F      		lsl r30
 363 00a8 FF1F      		rol r31
 364 00aa EE0F      		lsl r30
 365 00ac FF1F      		rol r31
 366 00ae E050      		subi r30,lo8(-(g_aiStorageIDs))
 367 00b0 F040      		sbci r31,hi8(-(g_aiStorageIDs))
 368 00b2 8081      		ld r24,Z
 369 00b4 9181      		ldd r25,Z+1
 370 00b6 A281      		ldd r26,Z+2
 371 00b8 B381      		ldd r27,Z+3
 372               	.LVL28:
 373               	.LSM32:
 374 00ba BE01      		movw r22,r28
 375               	.LVL29:
 376 00bc 6F5F      		subi r22,lo8(-(1))
 377 00be 7F4F      		sbci r23,hi8(-(1))
 378 00c0 28E1      		ldi r18,lo8(24)
 379 00c2 FB01      		movw r30,r22
 380 00c4 1192      		st Z+,__zero_reg__
 381 00c6 2A95      	        dec r18
 382 00c8 01F4      		brne .-6
 383 00ca 20E1      		ldi r18,lo8(16)
 384 00cc 30E0      		ldi r19,hi8(16)
 385 00ce 40E0      		ldi r20,hlo8(16)
 386 00d0 50E0      		ldi r21,hhi8(16)
 387 00d2 2983      		std Y+1,r18
 388 00d4 3A83      		std Y+2,r19
 389 00d6 4B83      		std Y+3,r20
 390 00d8 5C83      		std Y+4,r21
 391 00da 21E0      		ldi r18,lo8(1)
 392 00dc 30E0      		ldi r19,hi8(1)
 393 00de 3E83      		std Y+6,r19
 394 00e0 2D83      		std Y+5,r18
 395 00e2 25E0      		ldi r18,lo8(4101)
 396 00e4 30E1      		ldi r19,hi8(4101)
 397 00e6 3887      		std Y+8,r19
 398 00e8 2F83      		std Y+7,r18
 399 00ea 8D87      		std Y+13,r24
 400 00ec 9E87      		std Y+14,r25
 401 00ee AF87      		std Y+15,r26
 402 00f0 B88B      		std Y+16,r27
 403               	.LSM33:
 404 00f2 C601      		movw r24,r12
 405               	.LVL30:
 406 00f4 0E94 0000 		call CameraControl_InitiateTransaction
 407               	.LVL31:
 408               	.LSM34:
 409 00f8 8823      		tst r24
 410 00fa 01F0      		breq .+2
 411 00fc 00C0      		rjmp .L12
 412               	.LSM35:
 413 00fe 4981      		ldd r20,Y+1
 414 0100 5A81      		ldd r21,Y+2
 415 0102 4C50      		subi r20,lo8(-(-12))
 416 0104 5040      		sbci r21,hi8(-(-12))
 417               	.LVL32:
 418               	.LSM36:
 419 0106 00D0      		rcall .
 420 0108 00D0      		rcall .
 421 010a 80E0      		ldi r24,lo8(__c.4457)
 422 010c 90E0      		ldi r25,hi8(__c.4457)
 423               	.LVL33:
 424 010e ADB7      		in r26,__SP_L__
 425 0110 BEB7      		in r27,__SP_H__
 426 0112 1296      		adiw r26,1+1
 427 0114 9C93      		st X,r25
 428 0116 8E93      		st -X,r24
 429 0118 1197      		sbiw r26,1
 430 011a 1496      		adiw r26,3+1
 431 011c 5C93      		st X,r21
 432 011e 4E93      		st -X,r20
 433 0120 1397      		sbiw r26,3
 434 0122 498F      		std Y+25,r20
 435 0124 5A8F      		std Y+26,r21
 436 0126 0E94 0000 		call printf_P
 437               	.LVL34:
 438               	.LSM37:
 439 012a 0F90      		pop __tmp_reg__
 440 012c 0F90      		pop __tmp_reg__
 441 012e 0F90      		pop __tmp_reg__
 442 0130 0F90      		pop __tmp_reg__
 443 0132 498D      		ldd r20,Y+25
 444 0134 5A8D      		ldd r21,Y+26
 445 0136 EDB7      		in r30,__SP_L__
 446 0138 FEB7      		in r31,__SP_H__
 447 013a E41B      		sub r30,r20
 448 013c F50B      		sbc r31,r21
 449 013e 0FB6      		in __tmp_reg__,__SREG__
 450 0140 F894      		cli
 451 0142 FEBF      		out __SP_H__,r31
 452 0144 0FBE      		out __SREG__,__tmp_reg__
 453 0146 EDBF      		out __SP_L__,r30
 454 0148 0DB7      		in r16,__SP_L__
 455 014a 1EB7      		in r17,__SP_H__
 456 014c 0F5F      		subi r16,lo8(-(1))
 457 014e 1F4F      		sbci r17,hi8(-(1))
 458               	.LVL35:
 459               	.LSM38:
 460 0150 C601      		movw r24,r12
 461 0152 B801      		movw r22,r16
 462 0154 0E94 0000 		call SI_Host_ReadData
 463               	.LVL36:
 464               	.LBB13:
 465               	.LBB14:
 466               	.LSM39:
 467 0158 8091 A600 		lds r24,166
 468 015c 8E77      		andi r24,lo8(126)
 469 015e 8093 A600 		sts 166,r24
 470               	.LVL37:
 471               	.LBE14:
 472               	.LBE13:
 473               	.LSM40:
 474 0162 D801      		movw r26,r16
 475 0164 8D91      		ld r24,X+
 476 0166 9C91      		ld r25,X
 477 0168 1197      		sbiw r26,1
 478 016a 2AE3      		ldi r18,lo8(58)
 479 016c 30E0      		ldi r19,hi8(58)
 480 016e E29E      		mul r14,r18
 481 0170 F001      		movw r30,r0
 482 0172 E39E      		mul r14,r19
 483 0174 F00D      		add r31,r0
 484 0176 F29E      		mul r15,r18
 485 0178 F00D      		add r31,r0
 486 017a 1124      		clr r1
 487 017c E050      		subi r30,lo8(-(g_astStorageInfo))
 488 017e F040      		sbci r31,hi8(-(g_astStorageInfo))
 489 0180 9183      		std Z+1,r25
 490 0182 8083      		st Z,r24
 491               	.LVL38:
 492               	.LSM41:
 493 0184 1296      		adiw r26,2
 494 0186 8D91      		ld r24,X+
 495 0188 9C91      		ld r25,X
 496 018a 1397      		sbiw r26,2+1
 497 018c 9383      		std Z+3,r25
 498 018e 8283      		std Z+2,r24
 499               	.LVL39:
 500               	.LSM42:
 501 0190 1496      		adiw r26,4
 502 0192 8D91      		ld r24,X+
 503 0194 9C91      		ld r25,X
 504 0196 1597      		sbiw r26,4+1
 505 0198 9583      		std Z+5,r25
 506 019a 8483      		std Z+4,r24
 507               	.LVL40:
 508               	.LSM43:
 509 019c 1696      		adiw r26,6
 510 019e 7C91      		ld r23,X
 511 01a0 1697      		sbiw r26,6
 512 01a2 1796      		adiw r26,7
 513 01a4 6C91      		ld r22,X
 514 01a6 1797      		sbiw r26,7
 515 01a8 1896      		adiw r26,8
 516 01aa 5C91      		ld r21,X
 517 01ac 1897      		sbiw r26,8
 518 01ae 1996      		adiw r26,9
 519 01b0 4C91      		ld r20,X
 520 01b2 1997      		sbiw r26,9
 521 01b4 1A96      		adiw r26,10
 522 01b6 3C91      		ld r19,X
 523 01b8 1A97      		sbiw r26,10
 524 01ba 1B96      		adiw r26,11
 525 01bc 2C91      		ld r18,X
 526 01be 1B97      		sbiw r26,11
 527 01c0 1C96      		adiw r26,12
 528 01c2 9C91      		ld r25,X
 529 01c4 1C97      		sbiw r26,12
 530 01c6 1D96      		adiw r26,13
 531 01c8 8C91      		ld r24,X
 532 01ca DF01      		movw r26,r30
 533 01cc 1696      		adiw r26,6
 534 01ce 7683      		std Z+6,r23
 535 01d0 1196      		adiw r26,1
 536 01d2 6C93      		st X,r22
 537 01d4 1197      		sbiw r26,1
 538 01d6 1296      		adiw r26,2
 539 01d8 5C93      		st X,r21
 540 01da 1297      		sbiw r26,2
 541 01dc 1396      		adiw r26,3
 542 01de 4C93      		st X,r20
 543 01e0 1397      		sbiw r26,3
 544 01e2 1496      		adiw r26,4
 545 01e4 3C93      		st X,r19
 546 01e6 1497      		sbiw r26,4
 547 01e8 1596      		adiw r26,5
 548 01ea 2C93      		st X,r18
 549 01ec 1597      		sbiw r26,5
 550 01ee 1696      		adiw r26,6
 551 01f0 9C93      		st X,r25
 552 01f2 1697      		sbiw r26,6
 553 01f4 1796      		adiw r26,7
 554 01f6 8C93      		st X,r24
 555               	.LVL41:
 556               	.LSM44:
 557 01f8 D801      		movw r26,r16
 558 01fa 1E96      		adiw r26,14
 559 01fc 7C91      		ld r23,X
 560 01fe 1E97      		sbiw r26,14
 561 0200 1F96      		adiw r26,15
 562 0202 6C91      		ld r22,X
 563 0204 1F97      		sbiw r26,15
 564 0206 5096      		adiw r26,16
 565 0208 5C91      		ld r21,X
 566 020a 5097      		sbiw r26,16
 567 020c 5196      		adiw r26,17
 568 020e 4C91      		ld r20,X
 569 0210 5197      		sbiw r26,17
 570 0212 5296      		adiw r26,18
 571 0214 3C91      		ld r19,X
 572 0216 5297      		sbiw r26,18
 573 0218 5396      		adiw r26,19
 574 021a 2C91      		ld r18,X
 575 021c 5397      		sbiw r26,19
 576 021e 5496      		adiw r26,20
 577 0220 9C91      		ld r25,X
 578 0222 5497      		sbiw r26,20
 579 0224 5596      		adiw r26,21
 580 0226 8C91      		ld r24,X
 581 0228 DF01      		movw r26,r30
 582 022a 1E96      		adiw r26,14
 583 022c 7687      		std Z+14,r23
 584 022e 1196      		adiw r26,1
 585 0230 6C93      		st X,r22
 586 0232 1197      		sbiw r26,1
 587 0234 1296      		adiw r26,2
 588 0236 5C93      		st X,r21
 589 0238 1297      		sbiw r26,2
 590 023a 1396      		adiw r26,3
 591 023c 4C93      		st X,r20
 592 023e 1397      		sbiw r26,3
 593 0240 1496      		adiw r26,4
 594 0242 3C93      		st X,r19
 595 0244 1497      		sbiw r26,4
 596 0246 1596      		adiw r26,5
 597 0248 2C93      		st X,r18
 598 024a 1597      		sbiw r26,5
 599 024c 1696      		adiw r26,6
 600 024e 9C93      		st X,r25
 601 0250 1697      		sbiw r26,6
 602 0252 1796      		adiw r26,7
 603 0254 8C93      		st X,r24
 604               	.LVL42:
 605               	.LSM45:
 606 0256 D801      		movw r26,r16
 607 0258 5696      		adiw r26,22
 608 025a 2D91      		ld r18,X+
 609 025c 3D91      		ld r19,X+
 610 025e 4D91      		ld r20,X+
 611 0260 5C91      		ld r21,X
 612 0262 5997      		sbiw r26,22+3
 613 0264 268B      		std Z+22,r18
 614 0266 378B      		std Z+23,r19
 615 0268 408F      		std Z+24,r20
 616 026a 518F      		std Z+25,r21
 617               	.LVL43:
 618               	.LSM46:
 619 026c A801      		movw r20,r16
 620 026e 455E      		subi r20,lo8(-(27))
 621 0270 5F4F      		sbci r21,hi8(-(27))
 622               	.LVL44:
 623 0272 5A96      		adiw r26,26
 624 0274 0C91      		ld r16,X
 625 0276 5A97      		sbiw r26,26
 626               	.LVL45:
 627 0278 0031      		cpi r16,lo8(16)
 628 027a 00F0      		brlo .L14
 629 027c 0FE0      		ldi r16,lo8(15)
 630               	.L14:
 631 027e FA01      		movw r30,r20
 632 0280 102F      		mov r17,r16
 633 0282 20E0      		ldi r18,lo8(0)
 634 0284 30E0      		ldi r19,hi8(0)
 635               	.LSM47:
 636 0286 6AE3      		ldi r22,lo8(58)
 637 0288 70E0      		ldi r23,hi8(58)
 638 028a E69E      		mul r14,r22
 639 028c C001      		movw r24,r0
 640 028e E79E      		mul r14,r23
 641 0290 900D      		add r25,r0
 642 0292 F69E      		mul r15,r22
 643 0294 900D      		add r25,r0
 644 0296 1124      		clr r1
 645 0298 8050      		subi r24,lo8(-(g_astStorageInfo))
 646 029a 9040      		sbci r25,hi8(-(g_astStorageInfo))
 647 029c 00C0      		rjmp .L15
 648               	.LVL46:
 649               	.L16:
 650 029e 6081      		ld r22,Z
 651 02a0 DC01      		movw r26,r24
 652 02a2 A20F      		add r26,r18
 653 02a4 B31F      		adc r27,r19
 654 02a6 5A96      		adiw r26,26
 655 02a8 6C93      		st X,r22
 656 02aa 5A97      		sbiw r26,26
 657               	.LSM48:
 658 02ac 3296      		adiw r30,2
 659               	.LVL47:
 660 02ae 2F5F      		subi r18,lo8(-(1))
 661 02b0 3F4F      		sbci r19,hi8(-(1))
 662               	.LVL48:
 663               	.L15:
 664               	.LSM49:
 665               	.LVL49:
 666 02b2 1150      		subi r17,1
 667 02b4 00F4      		brcc .L16
 668               	.LSM50:
 669 02b6 802F      		mov r24,r16
 670 02b8 90E0      		ldi r25,lo8(0)
 671 02ba DC01      		movw r26,r24
 672 02bc AA0F      		lsl r26
 673 02be BB1F      		rol r27
 674               	.LVL50:
 675               	.LSM51:
 676 02c0 A40F      		add r26,r20
 677 02c2 B51F      		adc r27,r21
 678               	.LSM52:
 679 02c4 2AE3      		ldi r18,lo8(58)
 680 02c6 30E0      		ldi r19,hi8(58)
 681 02c8 E29E      		mul r14,r18
 682 02ca F001      		movw r30,r0
 683 02cc E39E      		mul r14,r19
 684 02ce F00D      		add r31,r0
 685 02d0 F29E      		mul r15,r18
 686 02d2 F00D      		add r31,r0
 687 02d4 1124      		clr r1
 688 02d6 E050      		subi r30,lo8(-(g_astStorageInfo))
 689 02d8 F040      		sbci r31,hi8(-(g_astStorageInfo))
 690 02da E80F      		add r30,r24
 691 02dc F91F      		adc r31,r25
 692 02de 128E      		std Z+26,__zero_reg__
 693               	.LSM53:
 694 02e0 6C91      		ld r22,X
 695               	.LVL51:
 696 02e2 6031      		cpi r22,lo8(16)
 697 02e4 00F0      		brlo .L17
 698 02e6 6FE0      		ldi r22,lo8(15)
 699               	.L17:
 700 02e8 762F      		mov r23,r22
 701 02ea 20E0      		ldi r18,lo8(0)
 702 02ec 30E0      		ldi r19,hi8(0)
 703               	.LSM54:
 704 02ee 4AE3      		ldi r20,lo8(58)
 705 02f0 50E0      		ldi r21,hi8(58)
 706               	.LVL52:
 707 02f2 E49E      		mul r14,r20
 708 02f4 C001      		movw r24,r0
 709 02f6 E59E      		mul r14,r21
 710 02f8 900D      		add r25,r0
 711 02fa F49E      		mul r15,r20
 712 02fc 900D      		add r25,r0
 713 02fe 1124      		clr r1
 714 0300 8050      		subi r24,lo8(-(g_astStorageInfo))
 715 0302 9040      		sbci r25,hi8(-(g_astStorageInfo))
 716 0304 00C0      		rjmp .L18
 717               	.LVL53:
 718               	.L19:
 719 0306 1196      		adiw r26,1
 720 0308 4C91      		ld r20,X
 721 030a 1197      		sbiw r26,1
 722 030c FC01      		movw r30,r24
 723 030e E20F      		add r30,r18
 724 0310 F31F      		adc r31,r19
 725 0312 42A7      		std Z+42,r20
 726 0314 2F5F      		subi r18,lo8(-(1))
 727 0316 3F4F      		sbci r19,hi8(-(1))
 728 0318 1296      		adiw r26,2
 729               	.LVL54:
 730               	.L18:
 731               	.LSM55:
 732               	.LVL55:
 733 031a 7150      		subi r23,1
 734 031c 00F4      		brcc .L19
 735               	.LSM56:
 736 031e 8AE3      		ldi r24,lo8(58)
 737 0320 90E0      		ldi r25,hi8(58)
 738 0322 E89E      		mul r14,r24
 739 0324 F001      		movw r30,r0
 740 0326 E99E      		mul r14,r25
 741 0328 F00D      		add r31,r0
 742 032a F89E      		mul r15,r24
 743 032c F00D      		add r31,r0
 744 032e 1124      		clr r1
 745 0330 E050      		subi r30,lo8(-(g_astStorageInfo))
 746 0332 F040      		sbci r31,hi8(-(g_astStorageInfo))
 747 0334 E60F      		add r30,r22
 748 0336 F11D      		adc r31,__zero_reg__
 749 0338 12A6      		std Z+42,__zero_reg__
 750               	.LSM57:
 751 033a C601      		movw r24,r12
 752 033c BE01      		movw r22,r28
 753 033e 6F5F      		subi r22,lo8(-(1))
 754 0340 7F4F      		sbci r23,hi8(-(1))
 755 0342 0E94 0000 		call CameraControl_GetResponseAndCheck
 756               	.LVL56:
 757               	.L12:
 758               	.LSM58:
 759 0346 0FB6      		in __tmp_reg__,__SREG__
 760 0348 F894      		cli
 761 034a BEBE      		out __SP_H__,r11
 762 034c 0FBE      		out __SREG__,__tmp_reg__
 763 034e ADBE      		out __SP_L__,r10
 764               	/* epilogue start */
 765 0350 6A96      		adiw r28,26
 766 0352 0FB6      		in __tmp_reg__,__SREG__
 767 0354 F894      		cli
 768 0356 DEBF      		out __SP_H__,r29
 769 0358 0FBE      		out __SREG__,__tmp_reg__
 770 035a CDBF      		out __SP_L__,r28
 771 035c CF91      		pop r28
 772 035e DF91      		pop r29
 773 0360 1F91      		pop r17
 774 0362 0F91      		pop r16
 775 0364 FF90      		pop r15
 776 0366 EF90      		pop r14
 777 0368 DF90      		pop r13
 778 036a CF90      		pop r12
 779               	.LVL57:
 780 036c BF90      		pop r11
 781 036e AF90      		pop r10
 782 0370 0895      		ret
 783               	.LFE141:
 785               		.section	.text.CameraControl_StorageInfo_Printout,"ax",@progbits
 786               	.global	CameraControl_StorageInfo_Printout
 788               	CameraControl_StorageInfo_Printout:
 789               	.LFB142:
 790               	.LSM59:
 791               	.LVL58:
 792 0000 2F92      		push r2
 793 0002 3F92      		push r3
 794 0004 4F92      		push r4
 795 0006 5F92      		push r5
 796 0008 6F92      		push r6
 797 000a 7F92      		push r7
 798 000c 8F92      		push r8
 799 000e 9F92      		push r9
 800 0010 AF92      		push r10
 801 0012 BF92      		push r11
 802 0014 CF92      		push r12
 803 0016 DF92      		push r13
 804 0018 EF92      		push r14
 805 001a FF92      		push r15
 806 001c 0F93      		push r16
 807 001e 1F93      		push r17
 808 0020 DF93      		push r29
 809 0022 CF93      		push r28
 810 0024 00D0      		rcall .
 811 0026 00D0      		rcall .
 812 0028 CDB7      		in r28,__SP_L__
 813 002a DEB7      		in r29,__SP_H__
 814               	/* prologue: function */
 815               	/* frame size = 4 */
 816               	/* stack size = 22 */
 817               	.L__stack_usage = 22
 818 002c 8C01      		movw r16,r24
 819               	.LVL59:
 820               	.LSM60:
 821 002e 8091 0000 		lds r24,USB_HostState
 822               	.LVL60:
 823 0032 8B30      		cpi r24,lo8(11)
 824 0034 01F4      		brne .L21
 825               	.LSM61:
 826 0036 D801      		movw r26,r16
 827 0038 1696      		adiw r26,6
 828 003a 8C91      		ld r24,X
 829 003c 1697      		sbiw r26,6
 830 003e 8823      		tst r24
 831 0040 01F4      		brne .L22
 832               	.L21:
 833               	.LSM62:
 834 0042 00D0      		rcall .
 835 0044 80E0      		ldi r24,lo8(__c.4472)
 836 0046 90E0      		ldi r25,hi8(__c.4472)
 837 0048 EDB7      		in r30,__SP_L__
 838 004a FEB7      		in r31,__SP_H__
 839 004c 9283      		std Z+2,r25
 840 004e 8183      		std Z+1,r24
 841 0050 0E94 0000 		call printf_P
 842 0054 0F90      		pop __tmp_reg__
 843 0056 0F90      		pop __tmp_reg__
 844 0058 AA24      		clr r10
 845 005a 00C0      		rjmp .L23
 846               	.L22:
 847               	.LSM63:
 848 005c C801      		movw r24,r16
 849 005e 0E94 0000 		call CameraControl_GetStorageIDs
 850 0062 A82E      		mov r10,r24
 851               	.LVL61:
 852               	.LSM64:
 853 0064 8823      		tst r24
 854 0066 01F0      		breq .+2
 855 0068 00C0      		rjmp .L23
 856               	.LSM65:
 857 006a BB24      		clr r11
 858               	.LSM66:
 859 006c 40E0      		ldi r20,lo8(__c.4474)
 860 006e C42E      		mov r12,r20
 861 0070 40E0      		ldi r20,hi8(__c.4474)
 862 0072 D42E      		mov r13,r20
 863               	.LSM67:
 864 0074 3AE3      		ldi r19,lo8(58)
 865 0076 832E      		mov r8,r19
 866 0078 912C      		mov r9,__zero_reg__
 867 007a 20E0      		ldi r18,lo8(__c.4476)
 868 007c 622E      		mov r6,r18
 869 007e 20E0      		ldi r18,hi8(__c.4476)
 870 0080 722E      		mov r7,r18
 871               	.LSM68:
 872 0082 90E0      		ldi r25,lo8(__c.4478)
 873 0084 492E      		mov r4,r25
 874 0086 90E0      		ldi r25,hi8(__c.4478)
 875 0088 592E      		mov r5,r25
 876               	.LSM69:
 877 008a 80E0      		ldi r24,lo8(__c.4480)
 878 008c 282E      		mov r2,r24
 879 008e 80E0      		ldi r24,hi8(__c.4480)
 880 0090 382E      		mov r3,r24
 881               	.LVL62:
 882 0092 1A83      		std Y+2,r17
 883 0094 0983      		std Y+1,r16
 884 0096 00C0      		rjmp .L24
 885               	.LVL63:
 886               	.L25:
 887               	.LSM70:
 888 0098 0B2D      		mov r16,r11
 889 009a 10E0      		ldi r17,lo8(0)
 890 009c F801      		movw r30,r16
 891 009e EE0F      		lsl r30
 892 00a0 FF1F      		rol r31
 893 00a2 EE0F      		lsl r30
 894 00a4 FF1F      		rol r31
 895 00a6 E050      		subi r30,lo8(-(g_aiStorageIDs))
 896 00a8 F040      		sbci r31,hi8(-(g_aiStorageIDs))
 897 00aa 8081      		ld r24,Z
 898 00ac 9181      		ldd r25,Z+1
 899 00ae A281      		ldd r26,Z+2
 900 00b0 B381      		ldd r27,Z+3
 901 00b2 2DB7      		in r18,__SP_L__
 902 00b4 3EB7      		in r19,__SP_H__
 903 00b6 2850      		subi r18,lo8(-(-8))
 904 00b8 3040      		sbci r19,hi8(-(-8))
 905 00ba 0FB6      		in __tmp_reg__,__SREG__
 906 00bc F894      		cli
 907 00be 3EBF      		out __SP_H__,r19
 908 00c0 0FBE      		out __SREG__,__tmp_reg__
 909 00c2 2DBF      		out __SP_L__,r18
 910 00c4 2F5F      		subi r18,lo8(-(1))
 911 00c6 3F4F      		sbci r19,hi8(-(1))
 912 00c8 EDB7      		in r30,__SP_L__
 913 00ca FEB7      		in r31,__SP_H__
 914 00cc D282      		std Z+2,r13
 915 00ce C182      		std Z+1,r12
 916 00d0 F901      		movw r30,r18
 917 00d2 1383      		std Z+3,r17
 918 00d4 0283      		std Z+2,r16
 919 00d6 8483      		std Z+4,r24
 920 00d8 9583      		std Z+5,r25
 921 00da A683      		std Z+6,r26
 922 00dc B783      		std Z+7,r27
 923 00de 0E94 0000 		call printf_P
 924               	.LSM71:
 925 00e2 2DB7      		in r18,__SP_L__
 926 00e4 3EB7      		in r19,__SP_H__
 927 00e6 285F      		subi r18,lo8(-(8))
 928 00e8 3F4F      		sbci r19,hi8(-(8))
 929 00ea 0FB6      		in __tmp_reg__,__SREG__
 930 00ec F894      		cli
 931 00ee 3EBF      		out __SP_H__,r19
 932 00f0 0FBE      		out __SREG__,__tmp_reg__
 933 00f2 2DBF      		out __SP_L__,r18
 934 00f4 8981      		ldd r24,Y+1
 935 00f6 9A81      		ldd r25,Y+2
 936 00f8 6B2D      		mov r22,r11
 937 00fa 0E94 0000 		call CameraControl_GetStorageInfo
 938               	.LVL64:
 939               	.LSM72:
 940 00fe 8823      		tst r24
 941 0100 01F0      		breq .+2
 942 0102 00C0      		rjmp .L26
 943               	.LSM73:
 944 0104 089D      		mul r16,r8
 945 0106 7001      		movw r14,r0
 946 0108 099D      		mul r16,r9
 947 010a F00C      		add r15,r0
 948 010c 189D      		mul r17,r8
 949 010e F00C      		add r15,r0
 950 0110 1124      		clr r1
 951 0112 C701      		movw r24,r14
 952               	.LVL65:
 953 0114 8050      		subi r24,lo8(-(g_astStorageInfo))
 954 0116 9040      		sbci r25,hi8(-(g_astStorageInfo))
 955 0118 9C83      		std Y+4,r25
 956 011a 8B83      		std Y+3,r24
 957 011c DC01      		movw r26,r24
 958 011e 8D91      		ld r24,X+
 959 0120 9C91      		ld r25,X
 960 0122 00D0      		rcall .
 961 0124 00D0      		rcall .
 962 0126 EDB7      		in r30,__SP_L__
 963 0128 FEB7      		in r31,__SP_H__
 964 012a 7282      		std Z+2,r7
 965 012c 6182      		std Z+1,r6
 966 012e 9483      		std Z+4,r25
 967 0130 8383      		std Z+3,r24
 968 0132 0E94 0000 		call printf_P
 969               	.LSM74:
 970 0136 AB81      		ldd r26,Y+3
 971 0138 BC81      		ldd r27,Y+4
 972 013a 1296      		adiw r26,2
 973 013c 8D91      		ld r24,X+
 974 013e 9C91      		ld r25,X
 975 0140 1397      		sbiw r26,2+1
 976 0142 EDB7      		in r30,__SP_L__
 977 0144 FEB7      		in r31,__SP_H__
 978 0146 5282      		std Z+2,r5
 979 0148 4182      		std Z+1,r4
 980 014a 9483      		std Z+4,r25
 981 014c 8383      		std Z+3,r24
 982 014e 0E94 0000 		call printf_P
 983               	.LSM75:
 984 0152 AB81      		ldd r26,Y+3
 985 0154 BC81      		ldd r27,Y+4
 986 0156 1496      		adiw r26,4
 987 0158 8D91      		ld r24,X+
 988 015a 9C91      		ld r25,X
 989 015c 1597      		sbiw r26,4+1
 990 015e EDB7      		in r30,__SP_L__
 991 0160 FEB7      		in r31,__SP_H__
 992 0162 3282      		std Z+2,r3
 993 0164 2182      		std Z+1,r2
 994 0166 9483      		std Z+4,r25
 995 0168 8383      		std Z+3,r24
 996 016a 0E94 0000 		call printf_P
 997               	.LSM76:
 998 016e EB81      		ldd r30,Y+3
 999 0170 FC81      		ldd r31,Y+4
 1000 0172 3696      		adiw r30,6
 1001 0174 AB81      		ldd r26,Y+3
 1002 0176 BC81      		ldd r27,Y+4
 1003 0178 1696      		adiw r26,6
 1004 017a 6C91      		ld r22,X
 1005 017c 5181      		ldd r21,Z+1
 1006 017e 4281      		ldd r20,Z+2
 1007 0180 3381      		ldd r19,Z+3
 1008 0182 2481      		ldd r18,Z+4
 1009 0184 9581      		ldd r25,Z+5
 1010 0186 8681      		ldd r24,Z+6
 1011 0188 7781      		ldd r23,Z+7
 1012 018a 00D0      		rcall .
 1013 018c 00D0      		rcall .
 1014 018e 00D0      		rcall .
 1015 0190 EDB7      		in r30,__SP_L__
 1016 0192 FEB7      		in r31,__SP_H__
 1017 0194 3196      		adiw r30,1
 1018 0196 00E0      		ldi r16,lo8(__c.4482)
 1019 0198 10E0      		ldi r17,hi8(__c.4482)
 1020 019a ADB7      		in r26,__SP_L__
 1021 019c BEB7      		in r27,__SP_H__
 1022 019e 1296      		adiw r26,1+1
 1023 01a0 1C93      		st X,r17
 1024 01a2 0E93      		st -X,r16
 1025 01a4 1197      		sbiw r26,1
 1026 01a6 6283      		std Z+2,r22
 1027 01a8 5383      		std Z+3,r21
 1028 01aa 4483      		std Z+4,r20
 1029 01ac 3583      		std Z+5,r19
 1030 01ae 2683      		std Z+6,r18
 1031 01b0 9783      		std Z+7,r25
 1032 01b2 8087      		std Z+8,r24
 1033 01b4 7187      		std Z+9,r23
 1034 01b6 0E94 0000 		call printf_P
 1035               	.LSM77:
 1036 01ba EB81      		ldd r30,Y+3
 1037 01bc FC81      		ldd r31,Y+4
 1038 01be 3E96      		adiw r30,14
 1039 01c0 AB81      		ldd r26,Y+3
 1040 01c2 BC81      		ldd r27,Y+4
 1041 01c4 1E96      		adiw r26,14
 1042 01c6 6C91      		ld r22,X
 1043 01c8 5181      		ldd r21,Z+1
 1044 01ca 4281      		ldd r20,Z+2
 1045 01cc 3381      		ldd r19,Z+3
 1046 01ce 2481      		ldd r18,Z+4
 1047 01d0 9581      		ldd r25,Z+5
 1048 01d2 8681      		ldd r24,Z+6
 1049 01d4 7781      		ldd r23,Z+7
 1050 01d6 EDB7      		in r30,__SP_L__
 1051 01d8 FEB7      		in r31,__SP_H__
 1052 01da 3196      		adiw r30,1
 1053 01dc 00E0      		ldi r16,lo8(__c.4484)
 1054 01de 10E0      		ldi r17,hi8(__c.4484)
 1055 01e0 ADB7      		in r26,__SP_L__
 1056 01e2 BEB7      		in r27,__SP_H__
 1057 01e4 1296      		adiw r26,1+1
 1058 01e6 1C93      		st X,r17
 1059 01e8 0E93      		st -X,r16
 1060 01ea 1197      		sbiw r26,1
 1061 01ec 6283      		std Z+2,r22
 1062 01ee 5383      		std Z+3,r21
 1063 01f0 4483      		std Z+4,r20
 1064 01f2 3583      		std Z+5,r19
 1065 01f4 2683      		std Z+6,r18
 1066 01f6 9783      		std Z+7,r25
 1067 01f8 8087      		std Z+8,r24
 1068 01fa 7187      		std Z+9,r23
 1069 01fc 0E94 0000 		call printf_P
 1070               	.LSM78:
 1071 0200 EB81      		ldd r30,Y+3
 1072 0202 FC81      		ldd r31,Y+4
 1073 0204 8689      		ldd r24,Z+22
 1074 0206 9789      		ldd r25,Z+23
 1075 0208 A08D      		ldd r26,Z+24
 1076 020a B18D      		ldd r27,Z+25
 1077 020c 0F90      		pop __tmp_reg__
 1078 020e 0F90      		pop __tmp_reg__
 1079 0210 0F90      		pop __tmp_reg__
 1080 0212 0F90      		pop __tmp_reg__
 1081 0214 00E0      		ldi r16,lo8(__c.4486)
 1082 0216 10E0      		ldi r17,hi8(__c.4486)
 1083 0218 EDB7      		in r30,__SP_L__
 1084 021a FEB7      		in r31,__SP_H__
 1085 021c 1283      		std Z+2,r17
 1086 021e 0183      		std Z+1,r16
 1087 0220 8383      		std Z+3,r24
 1088 0222 9483      		std Z+4,r25
 1089 0224 A583      		std Z+5,r26
 1090 0226 B683      		std Z+6,r27
 1091 0228 0E94 0000 		call printf_P
 1092               	.LSM79:
 1093 022c C701      		movw r24,r14
 1094 022e 8050      		subi r24,lo8(-(g_astStorageInfo+26))
 1095 0230 9040      		sbci r25,hi8(-(g_astStorageInfo+26))
 1096 0232 0F90      		pop __tmp_reg__
 1097 0234 0F90      		pop __tmp_reg__
 1098 0236 E0E0      		ldi r30,lo8(__c.4488)
 1099 0238 F0E0      		ldi r31,hi8(__c.4488)
 1100 023a ADB7      		in r26,__SP_L__
 1101 023c BEB7      		in r27,__SP_H__
 1102 023e 1296      		adiw r26,1+1
 1103 0240 FC93      		st X,r31
 1104 0242 EE93      		st -X,r30
 1105 0244 1197      		sbiw r26,1
 1106 0246 1496      		adiw r26,3+1
 1107 0248 9C93      		st X,r25
 1108 024a 8E93      		st -X,r24
 1109 024c 1397      		sbiw r26,3
 1110 024e 0E94 0000 		call printf_P
 1111               	.LSM80:
 1112 0252 C701      		movw r24,r14
 1113 0254 8050      		subi r24,lo8(-(g_astStorageInfo+42))
 1114 0256 9040      		sbci r25,hi8(-(g_astStorageInfo+42))
 1115 0258 E0E0      		ldi r30,lo8(__c.4490)
 1116 025a F0E0      		ldi r31,hi8(__c.4490)
 1117 025c ADB7      		in r26,__SP_L__
 1118 025e BEB7      		in r27,__SP_H__
 1119 0260 1296      		adiw r26,1+1
 1120 0262 FC93      		st X,r31
 1121 0264 EE93      		st -X,r30
 1122 0266 1197      		sbiw r26,1
 1123 0268 1496      		adiw r26,3+1
 1124 026a 9C93      		st X,r25
 1125 026c 8E93      		st -X,r24
 1126 026e 1397      		sbiw r26,3
 1127 0270 0E94 0000 		call printf_P
 1128               	.LSM81:
 1129 0274 B394      		inc r11
 1130               	.LVL66:
 1131 0276 0F90      		pop __tmp_reg__
 1132 0278 0F90      		pop __tmp_reg__
 1133 027a 0F90      		pop __tmp_reg__
 1134 027c 0F90      		pop __tmp_reg__
 1135               	.LVL67:
 1136               	.L24:
 1137               	.LSM82:
 1138 027e 8091 0000 		lds r24,g_iNumOfStorages
 1139 0282 B816      		cp r11,r24
 1140 0284 00F4      		brsh .+2
 1141 0286 00C0      		rjmp .L25
 1142 0288 00C0      		rjmp .L23
 1143               	.LVL68:
 1144               	.L26:
 1145               	.LSM83:
 1146 028a A82E      		mov r10,r24
 1147               	.LVL69:
 1148               	.L23:
 1149               	.LSM84:
 1150 028c 8A2D      		mov r24,r10
 1151               	/* epilogue start */
 1152 028e 0F90      		pop __tmp_reg__
 1153 0290 0F90      		pop __tmp_reg__
 1154 0292 0F90      		pop __tmp_reg__
 1155 0294 0F90      		pop __tmp_reg__
 1156 0296 CF91      		pop r28
 1157 0298 DF91      		pop r29
 1158 029a 1F91      		pop r17
 1159 029c 0F91      		pop r16
 1160 029e FF90      		pop r15
 1161 02a0 EF90      		pop r14
 1162 02a2 DF90      		pop r13
 1163 02a4 CF90      		pop r12
 1164 02a6 BF90      		pop r11
 1165 02a8 AF90      		pop r10
 1166 02aa 9F90      		pop r9
 1167 02ac 8F90      		pop r8
 1168 02ae 7F90      		pop r7
 1169 02b0 6F90      		pop r6
 1170 02b2 5F90      		pop r5
 1171 02b4 4F90      		pop r4
 1172 02b6 3F90      		pop r3
 1173 02b8 2F90      		pop r2
 1174 02ba 0895      		ret
 1175               	.LFE142:
 1177               		.section	.text.CameraControl_GetStorageID,"ax",@progbits
 1178               	.global	CameraControl_GetStorageID
 1180               	CameraControl_GetStorageID:
 1181               	.LFB143:
 1182               	.LSM85:
 1183               	.LVL70:
 1184 0000 1F93      		push r17
 1185               	/* prologue: function */
 1186               	/* frame size = 0 */
 1187               	/* stack size = 1 */
 1188               	.L__stack_usage = 1
 1189               	.LVL71:
 1190               	.LSM86:
 1191 0002 10E0      		ldi r17,lo8(0)
 1192               	.LSM87:
 1193 0004 2AE3      		ldi r18,lo8(58)
 1194 0006 30E0      		ldi r19,hi8(58)
 1195 0008 90E0      		ldi r25,lo8(0)
 1196               	.LSM88:
 1197 000a 00C0      		rjmp .L28
 1198               	.LVL72:
 1199               	.L31:
 1200               	.LSM89:
 1201 000c E12F      		mov r30,r17
 1202 000e F0E0      		ldi r31,lo8(0)
 1203 0010 E29F      		mul r30,r18
 1204 0012 D001      		movw r26,r0
 1205 0014 E39F      		mul r30,r19
 1206 0016 B00D      		add r27,r0
 1207 0018 F29F      		mul r31,r18
 1208 001a B00D      		add r27,r0
 1209 001c 1124      		clr r1
 1210 001e A050      		subi r26,lo8(-(g_astStorageInfo))
 1211 0020 B040      		sbci r27,hi8(-(g_astStorageInfo))
 1212 0022 4D91      		ld r20,X+
 1213 0024 5C91      		ld r21,X
 1214 0026 1197      		sbiw r26,1
 1215 0028 4817      		cp r20,r24
 1216 002a 5907      		cpc r21,r25
 1217 002c 01F4      		brne .L29
 1218               	.LSM90:
 1219 002e 6115      		cp r22,__zero_reg__
 1220 0030 7105      		cpc r23,__zero_reg__
 1221 0032 01F0      		breq .L32
 1222               	.LSM91:
 1223 0034 EE0F      		lsl r30
 1224 0036 FF1F      		rol r31
 1225 0038 EE0F      		lsl r30
 1226 003a FF1F      		rol r31
 1227 003c E050      		subi r30,lo8(-(g_aiStorageIDs))
 1228 003e F040      		sbci r31,hi8(-(g_aiStorageIDs))
 1229 0040 8081      		ld r24,Z
 1230 0042 9181      		ldd r25,Z+1
 1231 0044 A281      		ldd r26,Z+2
 1232 0046 B381      		ldd r27,Z+3
 1233               	.LVL73:
 1234 0048 FB01      		movw r30,r22
 1235 004a 8083      		st Z,r24
 1236 004c 9183      		std Z+1,r25
 1237 004e A283      		std Z+2,r26
 1238 0050 B383      		std Z+3,r27
 1239 0052 00C0      		rjmp .L32
 1240               	.LVL74:
 1241               	.L29:
 1242               	.LSM92:
 1243 0054 1F5F      		subi r17,lo8(-(1))
 1244               	.LVL75:
 1245               	.L28:
 1246               	.LSM93:
 1247 0056 4091 0000 		lds r20,g_iNumOfStorages
 1248 005a 1417      		cp r17,r20
 1249 005c 00F0      		brlo .L31
 1250               	.LSM94:
 1251 005e 8FEF      		ldi r24,lo8(-1)
 1252               	.LVL76:
 1253 0060 00C0      		rjmp .L30
 1254               	.L32:
 1255               	.LSM95:
 1256 0062 80E0      		ldi r24,lo8(0)
 1257               	.L30:
 1258               	/* epilogue start */
 1259               	.LSM96:
 1260 0064 1F91      		pop r17
 1261               	.LVL77:
 1262 0066 0895      		ret
 1263               	.LFE143:
 1265               	.global	g_iNumOfStorages
 1266               	.global	g_iNumOfStorages
 1267               		.section .bss
 1270               	g_iNumOfStorages:
 1271 0000 00        		.skip 1,0
 1272               		.comm g_aiStorageIDs,16,1
 1273               		.comm g_astStorageInfo,232,1
 1274               		.section	.progmem.data,"a",@progbits
 1277               	__c.4490:
 1278 0000 0956 6F6C 		.string	"\tVolume label: '%s'\r\n"
 1278      756D 6520 
 1278      6C61 6265 
 1278      6C3A 2027 
 1278      2573 270D 
 1281               	__c.4488:
 1282 0016 0953 746F 		.string	"\tStorage description: '%s'\r\n"
 1282      7261 6765 
 1282      2064 6573 
 1282      6372 6970 
 1282      7469 6F6E 
 1285               	__c.4486:
 1286 0033 0946 7265 		.string	"\tFree space for images: 0x%X\r\n"
 1286      6520 7370 
 1286      6163 6520 
 1286      666F 7220 
 1286      696D 6167 
 1289               	__c.4484:
 1290 0052 0946 7265 		.string	"\tFree space: 0x%X\r\n"
 1290      6520 7370 
 1290      6163 653A 
 1290      2030 7825 
 1290      580D 0A00 
 1293               	__c.4482:
 1294 0066 094D 6178 		.string	"\tMax capacity: 0x%X\r\n"
 1294      2063 6170 
 1294      6163 6974 
 1294      793A 2030 
 1294      7825 580D 
 1297               	__c.4480:
 1298 007c 0941 6363 		.string	"\tAccess capability: 0x%X\r\n"
 1298      6573 7320 
 1298      6361 7061 
 1298      6269 6C69 
 1298      7479 3A20 
 1301               	__c.4478:
 1302 0097 0946 696C 		.string	"\tFile-system type: 0x%X\r\n"
 1302      652D 7379 
 1302      7374 656D 
 1302      2074 7970 
 1302      653A 2030 
 1305               	__c.4476:
 1306 00b1 0953 746F 		.string	"\tStorage type: 0x%X\r\n"
 1306      7261 6765 
 1306      2074 7970 
 1306      653A 2030 
 1306      7825 580D 
 1309               	__c.4474:
 1310 00c7 5265 7472 		.string	"Retrieving storage index %d (ID=0x%X)\r\n"
 1310      6965 7669 
 1310      6E67 2073 
 1310      746F 7261 
 1310      6765 2069 
 1313               	__c.4472:
 1314 00ef 4465 7669 		.string	"Device not connected.\r\n"
 1314      6365 206E 
 1314      6F74 2063 
 1314      6F6E 6E65 
 1314      6374 6564 
 1317               	__c.4457:
 1318 0107 1B5B 3336 		.string	"\033[36m\tGot storage info of %d bytes.\r\n\033[37m"
 1318      6D09 476F 
 1318      7420 7374 
 1318      6F72 6167 
 1318      6520 696E 
 1321               	__c.4453:
 1322 0132 4572 726F 		.ascii	"Error getting stor"
 1322      7220 6765 
 1322      7474 696E 
 1322      6720 7374 
 1322      6F72 
 1323 0144 6167 6520 		.string	"age info - storage index %d is bigger then num of storages %d.\r\n"
 1323      696E 666F 
 1323      202D 2073 
 1323      746F 7261 
 1323      6765 2069 
 1326               	__c.4451:
 1327 0185 4465 7669 		.string	"Device not connected.\r\n"
 1327      6365 206E 
 1327      6F74 2063 
 1327      6F6E 6E65 
 1327      6374 6564 
 1330               	__c.4435:
 1331 019d 1B5B 3336 		.string	"\033[36m\tGot storage IDs of %d bytes.\r\n\033[37m"
 1331      6D09 476F 
 1331      7420 7374 
 1331      6F72 6167 
 1331      6520 4944 
 1334               	__c.4431:
 1335 01c7 4465 7669 		.string	"Device not connected.\r\n"
 1335      6365 206E 
 1335      6F74 2063 
 1335      6F6E 6E65 
 1335      6374 6564 
 1384               	.Letext0:
DEFINED SYMBOLS
                            *ABS*:00000000 CameraControl_StorageInfo.c
C:\Users\david\AppData\Local\Temp\ccC8x7JB.s:2      *ABS*:0000003f __SREG__
C:\Users\david\AppData\Local\Temp\ccC8x7JB.s:3      *ABS*:0000003e __SP_H__
C:\Users\david\AppData\Local\Temp\ccC8x7JB.s:4      *ABS*:0000003d __SP_L__
C:\Users\david\AppData\Local\Temp\ccC8x7JB.s:5      *ABS*:00000034 __CCP__
C:\Users\david\AppData\Local\Temp\ccC8x7JB.s:6      *ABS*:00000000 __tmp_reg__
C:\Users\david\AppData\Local\Temp\ccC8x7JB.s:7      *ABS*:00000001 __zero_reg__
C:\Users\david\AppData\Local\Temp\ccC8x7JB.s:19     .text.CameraControl_GetStorageIDs:00000000 CameraControl_GetStorageIDs
C:\Users\david\AppData\Local\Temp\ccC8x7JB.s:1334   .progmem.data:000001c7 __c.4431
C:\Users\david\AppData\Local\Temp\ccC8x7JB.s:1330   .progmem.data:0000019d __c.4435
C:\Users\david\AppData\Local\Temp\ccC8x7JB.s:1270   .bss:00000000 g_iNumOfStorages
                            *COM*:00000010 g_aiStorageIDs
C:\Users\david\AppData\Local\Temp\ccC8x7JB.s:260    .text.CameraControl_GetStorageInfo:00000000 CameraControl_GetStorageInfo
C:\Users\david\AppData\Local\Temp\ccC8x7JB.s:1326   .progmem.data:00000185 __c.4451
C:\Users\david\AppData\Local\Temp\ccC8x7JB.s:1321   .progmem.data:00000132 __c.4453
C:\Users\david\AppData\Local\Temp\ccC8x7JB.s:1317   .progmem.data:00000107 __c.4457
                            *COM*:000000e8 g_astStorageInfo
C:\Users\david\AppData\Local\Temp\ccC8x7JB.s:788    .text.CameraControl_StorageInfo_Printout:00000000 CameraControl_StorageInfo_Printout
C:\Users\david\AppData\Local\Temp\ccC8x7JB.s:1313   .progmem.data:000000ef __c.4472
C:\Users\david\AppData\Local\Temp\ccC8x7JB.s:1309   .progmem.data:000000c7 __c.4474
C:\Users\david\AppData\Local\Temp\ccC8x7JB.s:1305   .progmem.data:000000b1 __c.4476
C:\Users\david\AppData\Local\Temp\ccC8x7JB.s:1301   .progmem.data:00000097 __c.4478
C:\Users\david\AppData\Local\Temp\ccC8x7JB.s:1297   .progmem.data:0000007c __c.4480
C:\Users\david\AppData\Local\Temp\ccC8x7JB.s:1293   .progmem.data:00000066 __c.4482
C:\Users\david\AppData\Local\Temp\ccC8x7JB.s:1289   .progmem.data:00000052 __c.4484
C:\Users\david\AppData\Local\Temp\ccC8x7JB.s:1285   .progmem.data:00000033 __c.4486
C:\Users\david\AppData\Local\Temp\ccC8x7JB.s:1281   .progmem.data:00000016 __c.4488
C:\Users\david\AppData\Local\Temp\ccC8x7JB.s:1277   .progmem.data:00000000 __c.4490
C:\Users\david\AppData\Local\Temp\ccC8x7JB.s:1180   .text.CameraControl_GetStorageID:00000000 CameraControl_GetStorageID

UNDEFINED SYMBOLS
USB_HostState
printf_P
CameraControl_InitiateTransaction
SI_Host_ReadData
CameraControl_GetResponseAndCheck
__do_clear_bss
