   1               		.file	"StillImageHost.c"
   2               	__SREG__ = 0x3f
   3               	__SP_H__ = 0x3e
   4               	__SP_L__ = 0x3d
   5               	__CCP__ = 0x34
   6               	__tmp_reg__ = 0
   7               	__zero_reg__ = 1
  15               	.Ltext0:
  16               		.section	.text.SetupHardware,"ax",@progbits
  17               	.global	SetupHardware
  19               	SetupHardware:
  20               	.LFB141:
  21               	.LSM0:
  22               	/* prologue: function */
  23               	/* frame size = 0 */
  24               	/* stack size = 0 */
  25               	.L__stack_usage = 0
  26               	.LSM1:
  27 0000 84B7      		in r24,84-32
  28 0002 877F      		andi r24,lo8(-9)
  29 0004 84BF      		out 84-32,r24
  30               	.LSM2:
  31 0006 28E1      		ldi r18,lo8(24)
  32               	/* #APP */
  33               	 ;  64 "StillImageHost.c" 1
  34 0008 0FB6      		in __tmp_reg__, __SREG__
  35 000a F894      		cli
  36 000c 2093 6000 		sts 96, r18
  37 0010 1092 6000 		sts 96, __zero_reg__
  38 0014 0FBE      		out __SREG__,__tmp_reg__
  39               		
  40               	 ;  0 "" 2
  41               	.LSM3:
  42               	/* #NOAPP */
  43 0016 E1E6      		ldi r30,lo8(97)
  44 0018 F0E0      		ldi r31,hi8(97)
  45 001a 80E8      		ldi r24,lo8(-128)
  46 001c 8083      		st Z,r24
  47               	.LSM4:
  48 001e 1082      		st Z,__zero_reg__
  49               	.LVL0:
  50               	.LBB55:
  51               	.LBB56:
  52               	.LSM5:
  53 0020 87E6      		ldi r24,lo8(103)
  54 0022 90E0      		ldi r25,hi8(103)
  55 0024 9093 CD00 		sts 204+1,r25
  56 0028 8093 CC00 		sts 204,r24
  57               	.LSM6:
  58 002c 86E0      		ldi r24,lo8(6)
  59 002e 8093 CA00 		sts 202,r24
  60               	.LSM7:
  61 0032 1092 C800 		sts 200,__zero_reg__
  62               	.LSM8:
  63 0036 2093 C900 		sts 201,r18
  64               	.LSM9:
  65 003a 539A      		sbi 42-32,3
  66               	.LSM10:
  67 003c 5A9A      		sbi 43-32,2
  68               	.LBE56:
  69               	.LBE55:
  70               	.LSM11:
  71 003e 0E94 0000 		call USB_Init
  72               	.LVL1:
  73               	.LBB57:
  74               	.LBB58:
  75               	.LSM12:
  76 0042 E0E0      		ldi r30,lo8(USARTSerialStream)
  77 0044 F0E0      		ldi r31,hi8(USARTSerialStream)
  78 0046 F093 0000 		sts __iob+1,r31
  79 004a E093 0000 		sts __iob,r30
  80               	.LSM13:
  81 004e F093 0000 		sts __iob+2+1,r31
  82 0052 E093 0000 		sts __iob+2,r30
  83               	.LSM14:
  84 0056 8EE0      		ldi r24,lo8(14)
  85 0058 DF01      		movw r26,r30
  86 005a 1D92      		st X+,__zero_reg__
  87 005c 8A95      	        dec r24
  88 005e 01F4      		brne .-6
  89 0060 83E0      		ldi r24,lo8(3)
  90 0062 8093 0000 		sts USARTSerialStream+3,r24
  91 0066 80E0      		ldi r24,lo8(gs(Serial_putchar))
  92 0068 90E0      		ldi r25,hi8(gs(Serial_putchar))
  93 006a 9093 0000 		sts USARTSerialStream+8+1,r25
  94 006e 8093 0000 		sts USARTSerialStream+8,r24
  95 0072 80E0      		ldi r24,lo8(gs(Serial_getchar))
  96 0074 90E0      		ldi r25,hi8(gs(Serial_getchar))
  97 0076 9093 0000 		sts USARTSerialStream+10+1,r25
  98 007a 8093 0000 		sts USARTSerialStream+10,r24
  99               	/* epilogue start */
 100               	.LBE58:
 101               	.LBE57:
 102               	.LSM15:
 103 007e 0895      		ret
 104               	.LFE141:
 106               		.section	.text.EVENT_USB_Host_DeviceAttached,"ax",@progbits
 107               	.global	EVENT_USB_Host_DeviceAttached
 109               	EVENT_USB_Host_DeviceAttached:
 110               	.LFB142:
 111               	.LSM16:
 112               	/* prologue: function */
 113               	/* frame size = 0 */
 114               	/* stack size = 0 */
 115               	.L__stack_usage = 0
 116               	.LSM17:
 117 0000 80E0      		ldi r24,lo8(__c.4022)
 118 0002 90E0      		ldi r25,hi8(__c.4022)
 119 0004 0E94 0000 		call puts_P
 120               	/* epilogue start */
 121               	.LSM18:
 122 0008 0895      		ret
 123               	.LFE142:
 125               		.section	.text.EVENT_USB_Host_DeviceUnattached,"ax",@progbits
 126               	.global	EVENT_USB_Host_DeviceUnattached
 128               	EVENT_USB_Host_DeviceUnattached:
 129               	.LFB143:
 130               	.LSM19:
 131               	/* prologue: function */
 132               	/* frame size = 0 */
 133               	/* stack size = 0 */
 134               	.L__stack_usage = 0
 135               	.LSM20:
 136 0000 80E0      		ldi r24,lo8(__c.4027)
 137 0002 90E0      		ldi r25,hi8(__c.4027)
 138 0004 0E94 0000 		call puts_P
 139               	/* epilogue start */
 140               	.LSM21:
 141 0008 0895      		ret
 142               	.LFE143:
 144               		.section	.text.EVENT_USB_Host_DeviceEnumerationComplete,"ax",@progbits
 145               	.global	EVENT_USB_Host_DeviceEnumerationComplete
 147               	EVENT_USB_Host_DeviceEnumerationComplete:
 148               	.LFB144:
 149               	.LSM22:
 150 0000 1F93      		push r17
 151               	/* prologue: function */
 152               	/* frame size = 0 */
 153               	/* stack size = 1 */
 154               	.L__stack_usage = 1
 155               	.LSM23:
 156 0002 80E0      		ldi r24,lo8(__c.4032)
 157 0004 90E0      		ldi r25,hi8(__c.4032)
 158 0006 0E94 0000 		call puts_P
 159               	.LSM24:
 160 000a 0E94 0000 		call ProcessConfigurationDescriptor
 161 000e 182F      		mov r17,r24
 162               	.LVL2:
 163 0010 8823      		tst r24
 164 0012 01F0      		breq .L5
 165               	.LSM25:
 166 0014 8130      		cpi r24,lo8(1)
 167 0016 01F4      		brne .L6
 168               	.LSM26:
 169 0018 80E0      		ldi r24,lo8(__c.4035)
 170 001a 90E0      		ldi r25,hi8(__c.4035)
 171               	.LVL3:
 172 001c 00C0      		rjmp .L10
 173               	.L6:
 174               	.LSM27:
 175 001e 80E0      		ldi r24,lo8(__c.4037)
 176 0020 90E0      		ldi r25,hi8(__c.4037)
 177               	.L10:
 178 0022 0E94 0000 		call puts_P
 179               	.LSM28:
 180 0026 00D0      		rcall .
 181 0028 00D0      		rcall .
 182 002a EDB7      		in r30,__SP_L__
 183 002c FEB7      		in r31,__SP_H__
 184 002e 3196      		adiw r30,1
 185 0030 20E0      		ldi r18,lo8(__c.4039)
 186 0032 30E0      		ldi r19,hi8(__c.4039)
 187 0034 ADB7      		in r26,__SP_L__
 188 0036 BEB7      		in r27,__SP_H__
 189 0038 1296      		adiw r26,1+1
 190 003a 3C93      		st X,r19
 191 003c 2E93      		st -X,r18
 192 003e 1197      		sbiw r26,1
 193 0040 1283      		std Z+2,r17
 194 0042 00C0      		rjmp .L11
 195               	.L5:
 196               	.LSM29:
 197 0044 81E0      		ldi r24,lo8(1)
 198 0046 0E94 0000 		call USB_Host_SetDeviceConfiguration
 199               	.LVL4:
 200 004a 8823      		tst r24
 201 004c 01F0      		breq .L9
 202               	.LSM30:
 203 004e 00D0      		rcall .
 204 0050 00D0      		rcall .
 205 0052 EDB7      		in r30,__SP_L__
 206 0054 FEB7      		in r31,__SP_H__
 207 0056 3196      		adiw r30,1
 208 0058 20E0      		ldi r18,lo8(__c.4041)
 209 005a 30E0      		ldi r19,hi8(__c.4041)
 210 005c ADB7      		in r26,__SP_L__
 211 005e BEB7      		in r27,__SP_H__
 212 0060 1296      		adiw r26,1+1
 213 0062 3C93      		st X,r19
 214 0064 2E93      		st -X,r18
 215 0066 1197      		sbiw r26,1
 216 0068 8283      		std Z+2,r24
 217               	.LVL5:
 218               	.L11:
 219 006a 1382      		std Z+3,__zero_reg__
 220 006c 0E94 0000 		call printf_P
 221 0070 0F90      		pop __tmp_reg__
 222 0072 0F90      		pop __tmp_reg__
 223 0074 0F90      		pop __tmp_reg__
 224 0076 0F90      		pop __tmp_reg__
 225 0078 00C0      		rjmp .L4
 226               	.LVL6:
 227               	.L9:
 228               	.LSM31:
 229 007a 80E0      		ldi r24,lo8(__c.4043)
 230 007c 90E0      		ldi r25,hi8(__c.4043)
 231               	.LVL7:
 232 007e 0E94 0000 		call puts_P
 233               	.L4:
 234               	/* epilogue start */
 235               	.LSM32:
 236 0082 1F91      		pop r17
 237 0084 0895      		ret
 238               	.LFE144:
 240               		.section	.text.EVENT_USB_Host_HostError,"ax",@progbits
 241               	.global	EVENT_USB_Host_HostError
 243               	EVENT_USB_Host_HostError:
 244               	.LFB145:
 245               	.LSM33:
 246               	.LVL8:
 247 0000 DF93      		push r29
 248 0002 CF93      		push r28
 249 0004 0F92      		push __tmp_reg__
 250 0006 CDB7      		in r28,__SP_L__
 251 0008 DEB7      		in r29,__SP_H__
 252               	/* prologue: function */
 253               	/* frame size = 1 */
 254               	/* stack size = 3 */
 255               	.L__stack_usage = 3
 256               	.LSM34:
 257 000a 8983      		std Y+1,r24
 258 000c 0E94 0000 		call USB_Disable
 259               	.LVL9:
 260               	.LSM35:
 261 0010 00D0      		rcall .
 262 0012 00D0      		rcall .
 263 0014 EDB7      		in r30,__SP_L__
 264 0016 FEB7      		in r31,__SP_H__
 265 0018 3196      		adiw r30,1
 266 001a 20E0      		ldi r18,lo8(__c.4048)
 267 001c 30E0      		ldi r19,hi8(__c.4048)
 268 001e ADB7      		in r26,__SP_L__
 269 0020 BEB7      		in r27,__SP_H__
 270 0022 1296      		adiw r26,1+1
 271 0024 3C93      		st X,r19
 272 0026 2E93      		st -X,r18
 273 0028 1197      		sbiw r26,1
 274 002a 8981      		ldd r24,Y+1
 275 002c 8283      		std Z+2,r24
 276 002e 1382      		std Z+3,__zero_reg__
 277 0030 0E94 0000 		call printf_P
 278 0034 0F90      		pop __tmp_reg__
 279 0036 0F90      		pop __tmp_reg__
 280 0038 0F90      		pop __tmp_reg__
 281 003a 0F90      		pop __tmp_reg__
 282               	.L13:
 283 003c 00C0      		rjmp .L13
 284               	.LFE145:
 286               		.section	.text.EVENT_USB_Host_DeviceEnumerationFailed,"ax",@progbits
 287               	.global	EVENT_USB_Host_DeviceEnumerationFailed
 289               	EVENT_USB_Host_DeviceEnumerationFailed:
 290               	.LFB146:
 291               	.LSM36:
 292               	.LVL10:
 293               	/* prologue: function */
 294               	/* frame size = 0 */
 295               	/* stack size = 0 */
 296               	.L__stack_usage = 0
 297               	.LSM37:
 298 0000 9091 0000 		lds r25,USB_HostState
 299 0004 2DB7      		in r18,__SP_L__
 300 0006 3EB7      		in r19,__SP_H__
 301 0008 2850      		subi r18,lo8(-(-8))
 302 000a 3040      		sbci r19,hi8(-(-8))
 303 000c 0FB6      		in __tmp_reg__,__SREG__
 304 000e F894      		cli
 305 0010 3EBF      		out __SP_H__,r19
 306 0012 0FBE      		out __SREG__,__tmp_reg__
 307 0014 2DBF      		out __SP_L__,r18
 308 0016 EDB7      		in r30,__SP_L__
 309 0018 FEB7      		in r31,__SP_H__
 310 001a 3196      		adiw r30,1
 311 001c 20E0      		ldi r18,lo8(__c.4055)
 312 001e 30E0      		ldi r19,hi8(__c.4055)
 313 0020 ADB7      		in r26,__SP_L__
 314 0022 BEB7      		in r27,__SP_H__
 315 0024 1296      		adiw r26,1+1
 316 0026 3C93      		st X,r19
 317 0028 2E93      		st -X,r18
 318 002a 1197      		sbiw r26,1
 319 002c 8283      		std Z+2,r24
 320 002e 1382      		std Z+3,__zero_reg__
 321 0030 6483      		std Z+4,r22
 322 0032 1582      		std Z+5,__zero_reg__
 323 0034 9683      		std Z+6,r25
 324 0036 1782      		std Z+7,__zero_reg__
 325 0038 0E94 0000 		call printf_P
 326               	.LVL11:
 327 003c 2DB7      		in r18,__SP_L__
 328 003e 3EB7      		in r19,__SP_H__
 329 0040 285F      		subi r18,lo8(-(8))
 330 0042 3F4F      		sbci r19,hi8(-(8))
 331 0044 0FB6      		in __tmp_reg__,__SREG__
 332 0046 F894      		cli
 333 0048 3EBF      		out __SP_H__,r19
 334 004a 0FBE      		out __SREG__,__tmp_reg__
 335 004c 2DBF      		out __SP_L__,r18
 336               	/* epilogue start */
 337               	.LSM38:
 338 004e 0895      		ret
 339               	.LFE146:
 341               		.section	.text.UnicodeToASCII,"ax",@progbits
 342               	.global	UnicodeToASCII
 344               	UnicodeToASCII:
 345               	.LFB148:
 346               	.LSM39:
 347               	.LVL12:
 348               	/* prologue: function */
 349               	/* frame size = 0 */
 350               	/* stack size = 0 */
 351               	.L__stack_usage = 0
 352               	.LSM40:
 353 0000 DC01      		movw r26,r24
 354 0002 3C91      		ld r19,X
 355               	.LVL13:
 356               	.LSM41:
 357 0004 232F      		mov r18,r19
 358 0006 FB01      		movw r30,r22
 359 0008 00C0      		rjmp .L16
 360               	.LVL14:
 361               	.L17:
 362               	.LSM42:
 363 000a DC01      		movw r26,r24
 364 000c 1196      		adiw r26,1
 365 000e 4C91      		ld r20,X
 366 0010 1197      		sbiw r26,1
 367 0012 4193      		st Z+,r20
 368               	.LVL15:
 369 0014 2150      		subi r18,lo8(-(-1))
 370 0016 0296      		adiw r24,2
 371               	.L16:
 372               	.LSM43:
 373 0018 2223      		tst r18
 374 001a 01F4      		brne .L17
 375               	.LSM44:
 376 001c 630F      		add r22,r19
 377 001e 711D      		adc r23,__zero_reg__
 378 0020 FB01      		movw r30,r22
 379               	.LVL16:
 380 0022 1082      		st Z,__zero_reg__
 381               	/* epilogue start */
 382               	.LSM45:
 383 0024 0895      		ret
 384               	.LFE148:
 386               		.section	.text.ShowCommandError,"ax",@progbits
 387               	.global	ShowCommandError
 389               	ShowCommandError:
 390               	.LFB149:
 391               	.LSM46:
 392               	.LVL17:
 393               	/* prologue: function */
 394               	/* frame size = 0 */
 395               	/* stack size = 0 */
 396               	.L__stack_usage = 0
 397               	.LSM47:
 398 0000 6623      		tst r22
 399 0002 01F0      		breq .L20
 400 0004 20E0      		ldi r18,lo8(__c.4101)
 401 0006 30E0      		ldi r19,hi8(__c.4101)
 402 0008 00C0      		rjmp .L19
 403               	.L20:
 404 000a 20E0      		ldi r18,lo8(__c.4103)
 405 000c 30E0      		ldi r19,hi8(__c.4103)
 406               	.L19:
 407               	.LVL18:
 408               	.LSM48:
 409 000e 00D0      		rcall .
 410 0010 00D0      		rcall .
 411 0012 00D0      		rcall .
 412 0014 EDB7      		in r30,__SP_L__
 413 0016 FEB7      		in r31,__SP_H__
 414 0018 3196      		adiw r30,1
 415 001a 40E0      		ldi r20,lo8(__c.4105)
 416 001c 50E0      		ldi r21,hi8(__c.4105)
 417 001e ADB7      		in r26,__SP_L__
 418 0020 BEB7      		in r27,__SP_H__
 419 0022 1296      		adiw r26,1+1
 420 0024 5C93      		st X,r21
 421 0026 4E93      		st -X,r20
 422 0028 1197      		sbiw r26,1
 423 002a 3383      		std Z+3,r19
 424 002c 2283      		std Z+2,r18
 425 002e 8483      		std Z+4,r24
 426 0030 1582      		std Z+5,__zero_reg__
 427 0032 0E94 0000 		call printf_P
 428               	.LVL19:
 429 0036 8DB7      		in r24,__SP_L__
 430 0038 9EB7      		in r25,__SP_H__
 431 003a 0696      		adiw r24,6
 432 003c 0FB6      		in __tmp_reg__,__SREG__
 433 003e F894      		cli
 434 0040 9EBF      		out __SP_H__,r25
 435 0042 0FBE      		out __SREG__,__tmp_reg__
 436 0044 8DBF      		out __SP_L__,r24
 437               	/* epilogue start */
 438               	.LSM49:
 439 0046 0895      		ret
 440               	.LFE149:
 442               		.section	.text.StillImageHost_Task,"ax",@progbits
 443               	.global	StillImageHost_Task
 445               	StillImageHost_Task:
 446               	.LFB147:
 447               	.LSM50:
 448 0000 3F92      		push r3
 449 0002 4F92      		push r4
 450 0004 5F92      		push r5
 451 0006 6F92      		push r6
 452 0008 7F92      		push r7
 453 000a 8F92      		push r8
 454 000c 9F92      		push r9
 455 000e AF92      		push r10
 456 0010 BF92      		push r11
 457 0012 CF92      		push r12
 458 0014 DF92      		push r13
 459 0016 EF92      		push r14
 460 0018 FF92      		push r15
 461 001a 0F93      		push r16
 462 001c 1F93      		push r17
 463 001e DF93      		push r29
 464 0020 CF93      		push r28
 465 0022 00D0      		rcall .
 466 0024 CDB7      		in r28,__SP_L__
 467 0026 DEB7      		in r29,__SP_H__
 468               	/* prologue: function */
 469               	/* frame size = 2 */
 470               	/* stack size = 19 */
 471               	.L__stack_usage = 19
 472               	.LSM51:
 473 0028 EDB6      		in r14,__SP_L__
 474 002a FEB6      		in r15,__SP_H__
 475 002c FA82      		std Y+2,r15
 476 002e E982      		std Y+1,r14
 477               	.LSM52:
 478 0030 4DB6      		in r4,__SP_L__
 479 0032 3F2C      		mov r3,r15
 480               	.LSM53:
 481 0034 8091 0000 		lds r24,USB_HostState
 482 0038 8B30      		cpi r24,lo8(11)
 483 003a 01F0      		breq .+2
 484 003c 00C0      		rjmp .L22
 485               	.LSM54:
 486 003e 80E0      		ldi r24,lo8(__c.4061)
 487 0040 90E0      		ldi r25,hi8(__c.4061)
 488 0042 0E94 0000 		call puts_P
 489               	.LSM55:
 490 0046 28E1      		ldi r18,lo8(24)
 491 0048 522E      		mov r5,r18
 492 004a 90E0      		ldi r25,lo8(PIMA_SendBlock)
 493 004c 692E      		mov r6,r25
 494 004e 90E0      		ldi r25,hi8(PIMA_SendBlock)
 495 0050 792E      		mov r7,r25
 496 0052 D301      		movw r26,r6
 497 0054 E52D      		mov r30,r5
 498 0056 1D92      		st X+,__zero_reg__
 499 0058 EA95      	        dec r30
 500 005a 01F4      		brne .-6
 501 005c 8CE0      		ldi r24,lo8(12)
 502 005e 90E0      		ldi r25,hi8(12)
 503 0060 A0E0      		ldi r26,hlo8(12)
 504 0062 B0E0      		ldi r27,hhi8(12)
 505 0064 8093 0000 		sts PIMA_SendBlock,r24
 506 0068 9093 0000 		sts PIMA_SendBlock+1,r25
 507 006c A093 0000 		sts PIMA_SendBlock+2,r26
 508 0070 B093 0000 		sts PIMA_SendBlock+3,r27
 509 0074 81E0      		ldi r24,lo8(1)
 510 0076 90E0      		ldi r25,hi8(1)
 511 0078 9093 0000 		sts PIMA_SendBlock+4+1,r25
 512 007c 8093 0000 		sts PIMA_SendBlock+4,r24
 513 0080 81E0      		ldi r24,lo8(4097)
 514 0082 90E1      		ldi r25,hi8(4097)
 515 0084 9093 0000 		sts PIMA_SendBlock+6+1,r25
 516 0088 8093 0000 		sts PIMA_SendBlock+6,r24
 517               	.LSM56:
 518 008c 0E94 0000 		call SImage_SendBlockHeader
 519               	.LSM57:
 520 0090 0E94 0000 		call SImage_ReceiveBlockHeader
 521               	.LVL20:
 522 0094 8823      		tst r24
 523 0096 01F0      		breq .+2
 524 0098 00C0      		rjmp .L36
 525               	.L23:
 526               	.LSM58:
 527 009a 6091 0000 		lds r22,PIMA_ReceivedBlock
 528 009e 7091 0000 		lds r23,PIMA_ReceivedBlock+1
 529 00a2 6C50      		subi r22,lo8(-(-12))
 530 00a4 7040      		sbci r23,hi8(-(-12))
 531               	.LVL21:
 532               	.LSM59:
 533 00a6 EDB6      		in r14,__SP_L__
 534 00a8 FEB6      		in r15,__SP_H__
 535 00aa E61A      		sub r14,r22
 536 00ac F70A      		sbc r15,r23
 537 00ae 0FB6      		in __tmp_reg__,__SREG__
 538 00b0 F894      		cli
 539 00b2 FEBE      		out __SP_H__,r15
 540 00b4 0FBE      		out __SREG__,__tmp_reg__
 541 00b6 EDBE      		out __SP_L__,r14
 542 00b8 0DB7      		in r16,__SP_L__
 543 00ba 1EB7      		in r17,__SP_H__
 544 00bc 0F5F      		subi r16,lo8(-(1))
 545 00be 1F4F      		sbci r17,hi8(-(1))
 546               	.LVL22:
 547               	.LSM60:
 548 00c0 C801      		movw r24,r16
 549               	.LVL23:
 550 00c2 0E94 0000 		call SImage_ReadData
 551               	.LVL24:
 552               	.LBB59:
 553               	.LBB60:
 554               	.LSM61:
 555 00c6 8091 A600 		lds r24,166
 556 00ca 8E77      		andi r24,lo8(126)
 557 00cc 8093 A600 		sts 166,r24
 558               	.LVL25:
 559               	.LBE60:
 560               	.LBE59:
 561               	.LSM62:
 562 00d0 D801      		movw r26,r16
 563 00d2 1896      		adiw r26,8
 564 00d4 EC91      		ld r30,X
 565 00d6 F0E0      		ldi r31,lo8(0)
 566 00d8 EE0F      		lsl r30
 567 00da FF1F      		rol r31
 568 00dc E00F      		add r30,r16
 569 00de F11F      		adc r31,r17
 570 00e0 3996      		adiw r30,9
 571               	.LVL26:
 572               	.LSM63:
 573 00e2 A281      		ldd r26,Z+2
 574 00e4 B381      		ldd r27,Z+3
 575 00e6 AA0F      		lsl r26
 576 00e8 BB1F      		rol r27
 577 00ea AE0F      		add r26,r30
 578 00ec BF1F      		adc r27,r31
 579 00ee 1696      		adiw r26,6
 580               	.LVL27:
 581               	.LSM64:
 582 00f0 ED91      		ld r30,X+
 583 00f2 FC91      		ld r31,X
 584 00f4 1197      		sbiw r26,1
 585 00f6 EE0F      		lsl r30
 586 00f8 FF1F      		rol r31
 587 00fa 3496      		adiw r30,4
 588 00fc EA0F      		add r30,r26
 589 00fe FB1F      		adc r31,r27
 590               	.LVL28:
 591               	.LSM65:
 592 0100 A081      		ld r26,Z
 593 0102 B181      		ldd r27,Z+1
 594 0104 AA0F      		lsl r26
 595 0106 BB1F      		rol r27
 596 0108 1496      		adiw r26,4
 597 010a AE0F      		add r26,r30
 598 010c BF1F      		adc r27,r31
 599               	.LVL29:
 600               	.LSM66:
 601 010e ED91      		ld r30,X+
 602 0110 FC91      		ld r31,X
 603 0112 1197      		sbiw r26,1
 604 0114 EE0F      		lsl r30
 605 0116 FF1F      		rol r31
 606 0118 3496      		adiw r30,4
 607 011a EA0F      		add r30,r26
 608 011c FB1F      		adc r31,r27
 609               	.LVL30:
 610               	.LSM67:
 611 011e 0081      		ld r16,Z
 612 0120 1181      		ldd r17,Z+1
 613               	.LVL31:
 614 0122 000F      		lsl r16
 615 0124 111F      		rol r17
 616 0126 0C5F      		subi r16,lo8(-(4))
 617 0128 1F4F      		sbci r17,hi8(-(4))
 618 012a 0E0F      		add r16,r30
 619 012c 1F1F      		adc r17,r31
 620               	.LVL32:
 621               	.LSM68:
 622 012e F801      		movw r30,r16
 623 0130 8081      		ld r24,Z
 624 0132 EDB6      		in r14,__SP_L__
 625 0134 FEB6      		in r15,__SP_H__
 626 0136 E81A      		sub r14,r24
 627 0138 F108      		sbc r15,__zero_reg__
 628 013a 0FB6      		in __tmp_reg__,__SREG__
 629 013c F894      		cli
 630 013e FEBE      		out __SP_H__,r15
 631 0140 0FBE      		out __SREG__,__tmp_reg__
 632 0142 EDBE      		out __SP_L__,r14
 633 0144 0894      		sec
 634 0146 E11C      		adc r14,__zero_reg__
 635 0148 F11C      		adc r15,__zero_reg__
 636               	.LVL33:
 637               	.LSM69:
 638 014a C801      		movw r24,r16
 639 014c B701      		movw r22,r14
 640 014e 0E94 0000 		call UnicodeToASCII
 641               	.LVL34:
 642               	.LSM70:
 643 0152 00D0      		rcall .
 644 0154 00D0      		rcall .
 645 0156 EDB7      		in r30,__SP_L__
 646 0158 FEB7      		in r31,__SP_H__
 647 015a 3196      		adiw r30,1
 648 015c 80E0      		ldi r24,lo8(__c.4068)
 649 015e 90E0      		ldi r25,hi8(__c.4068)
 650 0160 ADB7      		in r26,__SP_L__
 651 0162 BEB7      		in r27,__SP_H__
 652 0164 1296      		adiw r26,1+1
 653 0166 9C93      		st X,r25
 654 0168 8E93      		st -X,r24
 655 016a 1197      		sbiw r26,1
 656 016c E282      		std Z+2,r14
 657 016e F382      		std Z+3,r15
 658 0170 0E94 0000 		call printf_P
 659               	.LSM71:
 660 0174 F801      		movw r30,r16
 661 0176 E080      		ld r14,Z
 662               	.LVL35:
 663 0178 FF24      		clr r15
 664 017a EE0C      		lsl r14
 665 017c FF1C      		rol r15
 666 017e 0894      		sec
 667 0180 E11C      		adc r14,__zero_reg__
 668 0182 F11C      		adc r15,__zero_reg__
 669 0184 E00E      		add r14,r16
 670 0186 F11E      		adc r15,r17
 671               	.LVL36:
 672               	.LSM72:
 673 0188 D701      		movw r26,r14
 674 018a 8C91      		ld r24,X
 675 018c 0F90      		pop __tmp_reg__
 676 018e 0F90      		pop __tmp_reg__
 677 0190 0F90      		pop __tmp_reg__
 678 0192 0F90      		pop __tmp_reg__
 679 0194 EDB7      		in r30,__SP_L__
 680 0196 FEB7      		in r31,__SP_H__
 681 0198 E81B      		sub r30,r24
 682 019a F109      		sbc r31,__zero_reg__
 683 019c 0FB6      		in __tmp_reg__,__SREG__
 684 019e F894      		cli
 685 01a0 FEBF      		out __SP_H__,r31
 686 01a2 0FBE      		out __SREG__,__tmp_reg__
 687 01a4 EDBF      		out __SP_L__,r30
 688 01a6 0DB7      		in r16,__SP_L__
 689 01a8 1EB7      		in r17,__SP_H__
 690 01aa 0F5F      		subi r16,lo8(-(1))
 691 01ac 1F4F      		sbci r17,hi8(-(1))
 692               	.LVL37:
 693               	.LSM73:
 694 01ae C701      		movw r24,r14
 695 01b0 B801      		movw r22,r16
 696 01b2 0E94 0000 		call UnicodeToASCII
 697               	.LVL38:
 698               	.LSM74:
 699 01b6 00D0      		rcall .
 700 01b8 00D0      		rcall .
 701 01ba EDB7      		in r30,__SP_L__
 702 01bc FEB7      		in r31,__SP_H__
 703 01be 3196      		adiw r30,1
 704 01c0 80E0      		ldi r24,lo8(__c.4071)
 705 01c2 90E0      		ldi r25,hi8(__c.4071)
 706 01c4 ADB7      		in r26,__SP_L__
 707 01c6 BEB7      		in r27,__SP_H__
 708 01c8 1296      		adiw r26,1+1
 709 01ca 9C93      		st X,r25
 710 01cc 8E93      		st -X,r24
 711 01ce 1197      		sbiw r26,1
 712 01d0 0283      		std Z+2,r16
 713 01d2 1383      		std Z+3,r17
 714 01d4 0E94 0000 		call printf_P
 715               	.LSM75:
 716 01d8 F701      		movw r30,r14
 717 01da 8081      		ld r24,Z
 718 01dc 90E0      		ldi r25,lo8(0)
 719 01de 880F      		lsl r24
 720 01e0 991F      		rol r25
 721 01e2 0196      		adiw r24,1
 722 01e4 8E0D      		add r24,r14
 723 01e6 9F1D      		adc r25,r15
 724               	.LVL39:
 725               	.LSM76:
 726 01e8 DC01      		movw r26,r24
 727 01ea 2C91      		ld r18,X
 728 01ec 0F90      		pop __tmp_reg__
 729 01ee 0F90      		pop __tmp_reg__
 730 01f0 0F90      		pop __tmp_reg__
 731 01f2 0F90      		pop __tmp_reg__
 732 01f4 EDB7      		in r30,__SP_L__
 733 01f6 FEB7      		in r31,__SP_H__
 734 01f8 E21B      		sub r30,r18
 735 01fa F109      		sbc r31,__zero_reg__
 736 01fc 0FB6      		in __tmp_reg__,__SREG__
 737 01fe F894      		cli
 738 0200 FEBF      		out __SP_H__,r31
 739 0202 0FBE      		out __SREG__,__tmp_reg__
 740 0204 EDBF      		out __SP_L__,r30
 741 0206 0DB7      		in r16,__SP_L__
 742 0208 1EB7      		in r17,__SP_H__
 743               	.LVL40:
 744 020a 0F5F      		subi r16,lo8(-(1))
 745 020c 1F4F      		sbci r17,hi8(-(1))
 746               	.LVL41:
 747               	.LSM77:
 748 020e B801      		movw r22,r16
 749 0210 0E94 0000 		call UnicodeToASCII
 750               	.LVL42:
 751               	.LSM78:
 752 0214 00D0      		rcall .
 753 0216 00D0      		rcall .
 754 0218 EDB7      		in r30,__SP_L__
 755 021a FEB7      		in r31,__SP_H__
 756 021c 3196      		adiw r30,1
 757 021e 80E0      		ldi r24,lo8(__c.4074)
 758 0220 90E0      		ldi r25,hi8(__c.4074)
 759 0222 ADB7      		in r26,__SP_L__
 760 0224 BEB7      		in r27,__SP_H__
 761 0226 1296      		adiw r26,1+1
 762 0228 9C93      		st X,r25
 763 022a 8E93      		st -X,r24
 764 022c 1197      		sbiw r26,1
 765 022e 0283      		std Z+2,r16
 766 0230 1383      		std Z+3,r17
 767 0232 0E94 0000 		call printf_P
 768               	.LSM79:
 769 0236 0F90      		pop __tmp_reg__
 770 0238 0F90      		pop __tmp_reg__
 771 023a 0F90      		pop __tmp_reg__
 772 023c 0F90      		pop __tmp_reg__
 773 023e 0E94 0000 		call SImage_ReceiveBlockHeader
 774               	.LVL43:
 775 0242 8823      		tst r24
 776 0244 01F0      		breq .L24
 777               	.LSM80:
 778 0246 60E0      		ldi r22,lo8(0)
 779 0248 0E94 0000 		call ShowCommandError
 780               	.LVL44:
 781               	.LSM81:
 782 024c 00D0      		rcall .
 783 024e 80E0      		ldi r24,lo8(__c.4076)
 784 0250 90E0      		ldi r25,hi8(__c.4076)
 785 0252 EDB7      		in r30,__SP_L__
 786 0254 FEB7      		in r31,__SP_H__
 787 0256 9283      		std Z+2,r25
 788 0258 8183      		std Z+1,r24
 789 025a 00C0      		rjmp .L37
 790               	.LVL45:
 791               	.L24:
 792               	.LSM82:
 793 025c 8091 0000 		lds r24,PIMA_ReceivedBlock+4
 794 0260 9091 0000 		lds r25,PIMA_ReceivedBlock+4+1
 795               	.LVL46:
 796 0264 8330      		cpi r24,3
 797 0266 9105      		cpc r25,__zero_reg__
 798 0268 01F4      		brne .L25
 799               	.LSM83:
 800 026a 0091 0000 		lds r16,PIMA_ReceivedBlock+6
 801 026e 1091 0000 		lds r17,PIMA_ReceivedBlock+6+1
 802               	.LVL47:
 803 0272 0130      		cpi r16,1
 804 0274 1105      		cpc r17,__zero_reg__
 805 0276 01F0      		breq .L26
 806               	.L25:
 807               	.LSM84:
 808 0278 8091 0000 		lds r24,PIMA_ReceivedBlock+6
 809 027c 61E0      		ldi r22,lo8(1)
 810 027e 0E94 0000 		call ShowCommandError
 811               	.LSM85:
 812 0282 00D0      		rcall .
 813 0284 80E0      		ldi r24,lo8(__c.4078)
 814 0286 90E0      		ldi r25,hi8(__c.4078)
 815 0288 ADB7      		in r26,__SP_L__
 816 028a BEB7      		in r27,__SP_H__
 817 028c 1296      		adiw r26,1+1
 818 028e 9C93      		st X,r25
 819 0290 8E93      		st -X,r24
 820 0292 1197      		sbiw r26,1
 821               	.L37:
 822 0294 0E94 0000 		call printf_P
 823               	.LSM86:
 824 0298 0F90      		pop __tmp_reg__
 825 029a 0F90      		pop __tmp_reg__
 826 029c 00C0      		rjmp .L38
 827               	.L26:
 828               	.LSM87:
 829 029e 80E0      		ldi r24,lo8(__c.4080)
 830 02a0 90E0      		ldi r25,hi8(__c.4080)
 831 02a2 0E94 0000 		call puts_P
 832               	.LSM88:
 833 02a6 F301      		movw r30,r6
 834 02a8 E52C      		mov r14,r5
 835 02aa 1192      		st Z+,__zero_reg__
 836 02ac EA94      	        dec r14
 837 02ae 01F4      		brne .-6
 838 02b0 90E1      		ldi r25,lo8(16)
 839 02b2 892E      		mov r8,r25
 840 02b4 912C      		mov r9,__zero_reg__
 841 02b6 A12C      		mov r10,__zero_reg__
 842 02b8 B12C      		mov r11,__zero_reg__
 843 02ba 8092 0000 		sts PIMA_SendBlock,r8
 844 02be 9092 0000 		sts PIMA_SendBlock+1,r9
 845 02c2 A092 0000 		sts PIMA_SendBlock+2,r10
 846 02c6 B092 0000 		sts PIMA_SendBlock+3,r11
 847 02ca 1093 0000 		sts PIMA_SendBlock+4+1,r17
 848 02ce 0093 0000 		sts PIMA_SendBlock+4,r16
 849 02d2 82E0      		ldi r24,lo8(4098)
 850 02d4 90E1      		ldi r25,hi8(4098)
 851 02d6 9093 0000 		sts PIMA_SendBlock+6+1,r25
 852 02da 8093 0000 		sts PIMA_SendBlock+6,r24
 853 02de 81E0      		ldi r24,lo8(1)
 854 02e0 C82E      		mov r12,r24
 855 02e2 D12C      		mov r13,__zero_reg__
 856 02e4 E12C      		mov r14,__zero_reg__
 857 02e6 F12C      		mov r15,__zero_reg__
 858 02e8 C092 0000 		sts PIMA_SendBlock+12,r12
 859 02ec D092 0000 		sts PIMA_SendBlock+12+1,r13
 860 02f0 E092 0000 		sts PIMA_SendBlock+12+2,r14
 861 02f4 F092 0000 		sts PIMA_SendBlock+12+3,r15
 862               	.LSM89:
 863 02f8 0E94 0000 		call SImage_SendBlockHeader
 864               	.LSM90:
 865 02fc 0E94 0000 		call SImage_ReceiveBlockHeader
 866               	.LVL48:
 867 0300 8823      		tst r24
 868 0302 01F0      		breq .+2
 869 0304 00C0      		rjmp .L36
 870               	.L27:
 871               	.LSM91:
 872 0306 8091 0000 		lds r24,PIMA_ReceivedBlock+4
 873 030a 9091 0000 		lds r25,PIMA_ReceivedBlock+4+1
 874               	.LVL49:
 875 030e 8330      		cpi r24,3
 876 0310 9105      		cpc r25,__zero_reg__
 877 0312 01F0      		breq .+2
 878 0314 00C0      		rjmp .L31
 879               	.LSM92:
 880 0316 0091 0000 		lds r16,PIMA_ReceivedBlock+6
 881 031a 1091 0000 		lds r17,PIMA_ReceivedBlock+6+1
 882 031e 0130      		cpi r16,1
 883 0320 1105      		cpc r17,__zero_reg__
 884 0322 01F0      		breq .+2
 885 0324 00C0      		rjmp .L31
 886               	.L29:
 887               	.LSM93:
 888 0326 80E0      		ldi r24,lo8(__c.4083)
 889 0328 90E0      		ldi r25,hi8(__c.4083)
 890 032a 0E94 0000 		call puts_P
 891               	.LSM94:
 892 032e D301      		movw r26,r6
 893 0330 1D92      		st X+,__zero_reg__
 894 0332 5A94      	        dec r5
 895 0334 01F4      		brne .-6
 896 0336 8092 0000 		sts PIMA_SendBlock,r8
 897 033a 9092 0000 		sts PIMA_SendBlock+1,r9
 898 033e A092 0000 		sts PIMA_SendBlock+2,r10
 899 0342 B092 0000 		sts PIMA_SendBlock+3,r11
 900 0346 1093 0000 		sts PIMA_SendBlock+4+1,r17
 901 034a 0093 0000 		sts PIMA_SendBlock+4,r16
 902 034e 83E0      		ldi r24,lo8(4099)
 903 0350 90E1      		ldi r25,hi8(4099)
 904 0352 9093 0000 		sts PIMA_SendBlock+6+1,r25
 905 0356 8093 0000 		sts PIMA_SendBlock+6,r24
 906 035a C092 0000 		sts PIMA_SendBlock+8,r12
 907 035e D092 0000 		sts PIMA_SendBlock+8+1,r13
 908 0362 E092 0000 		sts PIMA_SendBlock+8+2,r14
 909 0366 F092 0000 		sts PIMA_SendBlock+8+3,r15
 910 036a C092 0000 		sts PIMA_SendBlock+12,r12
 911 036e D092 0000 		sts PIMA_SendBlock+12+1,r13
 912 0372 E092 0000 		sts PIMA_SendBlock+12+2,r14
 913 0376 F092 0000 		sts PIMA_SendBlock+12+3,r15
 914               	.LSM95:
 915 037a 0E94 0000 		call SImage_SendBlockHeader
 916               	.LSM96:
 917 037e 0E94 0000 		call SImage_ReceiveBlockHeader
 918               	.LVL50:
 919 0382 8823      		tst r24
 920 0384 01F0      		breq .L30
 921               	.L36:
 922               	.LSM97:
 923 0386 60E0      		ldi r22,lo8(0)
 924 0388 00C0      		rjmp .L34
 925               	.L30:
 926               	.LSM98:
 927 038a 8091 0000 		lds r24,PIMA_ReceivedBlock+4
 928 038e 9091 0000 		lds r25,PIMA_ReceivedBlock+4+1
 929               	.LVL51:
 930 0392 8330      		cpi r24,3
 931 0394 9105      		cpc r25,__zero_reg__
 932 0396 01F4      		brne .L31
 933               	.LSM99:
 934 0398 8091 0000 		lds r24,PIMA_ReceivedBlock+6
 935 039c 9091 0000 		lds r25,PIMA_ReceivedBlock+6+1
 936 03a0 8130      		cpi r24,1
 937 03a2 9105      		cpc r25,__zero_reg__
 938 03a4 01F0      		breq .L32
 939               	.L31:
 940               	.LSM100:
 941 03a6 8091 0000 		lds r24,PIMA_ReceivedBlock+6
 942 03aa 61E0      		ldi r22,lo8(1)
 943               	.L34:
 944 03ac 0E94 0000 		call ShowCommandError
 945 03b0 00C0      		rjmp .L38
 946               	.L32:
 947               	.LSM101:
 948 03b2 80E0      		ldi r24,lo8(__c.4086)
 949 03b4 90E0      		ldi r25,hi8(__c.4086)
 950 03b6 0E94 0000 		call puts_P
 951               	.L38:
 952               	.LSM102:
 953 03ba 80E0      		ldi r24,lo8(0)
 954 03bc 0E94 0000 		call USB_Host_SetDeviceConfiguration
 955               	.L22:
 956 03c0 842D      		mov r24,r4
 957 03c2 932D      		mov r25,r3
 958 03c4 0FB6      		in __tmp_reg__,__SREG__
 959 03c6 F894      		cli
 960 03c8 9EBF      		out __SP_H__,r25
 961 03ca 0FBE      		out __SREG__,__tmp_reg__
 962 03cc 8DBF      		out __SP_L__,r24
 963               	.LSM103:
 964 03ce E981      		ldd r30,Y+1
 965 03d0 FA81      		ldd r31,Y+2
 966 03d2 0FB6      		in __tmp_reg__,__SREG__
 967 03d4 F894      		cli
 968 03d6 FEBF      		out __SP_H__,r31
 969 03d8 0FBE      		out __SREG__,__tmp_reg__
 970 03da EDBF      		out __SP_L__,r30
 971               	/* epilogue start */
 972 03dc 0F90      		pop __tmp_reg__
 973 03de 0F90      		pop __tmp_reg__
 974 03e0 CF91      		pop r28
 975 03e2 DF91      		pop r29
 976 03e4 1F91      		pop r17
 977 03e6 0F91      		pop r16
 978 03e8 FF90      		pop r15
 979 03ea EF90      		pop r14
 980 03ec DF90      		pop r13
 981 03ee CF90      		pop r12
 982 03f0 BF90      		pop r11
 983 03f2 AF90      		pop r10
 984 03f4 9F90      		pop r9
 985 03f6 8F90      		pop r8
 986 03f8 7F90      		pop r7
 987 03fa 6F90      		pop r6
 988 03fc 5F90      		pop r5
 989 03fe 4F90      		pop r4
 990 0400 3F90      		pop r3
 991 0402 0895      		ret
 992               	.LFE147:
 994               		.section	.text.main,"ax",@progbits
 995               	.global	main
 997               	main:
 998               	.LFB140:
 999               	.LSM104:
 1000               	/* prologue: function */
 1001               	/* frame size = 0 */
 1002               	/* stack size = 0 */
 1003               	.L__stack_usage = 0
 1004               	.LSM105:
 1005 0000 0E94 0000 		call SetupHardware
 1006               	.LSM106:
 1007 0004 80E0      		ldi r24,lo8(__c.4013)
 1008 0006 90E0      		ldi r25,hi8(__c.4013)
 1009 0008 0E94 0000 		call puts_P
 1010               	.LSM107:
 1011               	/* #APP */
 1012               	 ;  49 "StillImageHost.c" 1
 1013 000c 7894      		sei
 1014               	 ;  0 "" 2
 1015               	/* #NOAPP */
 1016               	.L40:
 1017               	.LSM108:
 1018 000e 0E94 0000 		call StillImageHost_Task
 1019               	.LSM109:
 1020 0012 0E94 0000 		call USB_USBTask
 1021 0016 00C0      		rjmp .L40
 1022               	.LFE140:
 1024               		.section	.progmem.data,"a",@progbits
 1027               	__c.4105:
 1028 0000 1B5B 3331 		.string	"\033[31mCommand Error (%S).\r\n -- Error Code %d\r\n\033[37m"
 1028      6D43 6F6D 
 1028      6D61 6E64 
 1028      2045 7272 
 1028      6F72 2028 
 1031               	__c.4103:
 1032 0033 5472 616E 		.string	"Transaction Fail"
 1032      7361 6374 
 1032      696F 6E20 
 1032      4661 696C 
 1032      00
 1035               	__c.4101:
 1036 0044 5265 7370 		.string	"Response Code != OK"
 1036      6F6E 7365 
 1036      2043 6F64 
 1036      6520 213D 
 1036      204F 4B00 
 1039               	__c.4086:
 1040 0058 446F 6E65 		.string	"Done.\r\n"
 1040      2E0D 0A00 
 1043               	__c.4083:
 1044 0060 436C 6F73 		.string	"Closing Session...\r\n"
 1044      696E 6720 
 1044      5365 7373 
 1044      696F 6E2E 
 1044      2E2E 0D0A 
 1047               	__c.4080:
 1048 0075 4F70 656E 		.string	"Opening Session...\r\n"
 1048      696E 6720 
 1048      5365 7373 
 1048      696F 6E2E 
 1048      2E2E 0D0A 
 1051               	__c.4078:
 1052 008a 4572 726F 		.string	"Error at (2)\r\n"
 1052      7220 6174 
 1052      2028 3229 
 1052      0D0A 00
 1055               	__c.4076:
 1056 0099 4572 726F 		.string	"Error at (1)\r\n"
 1056      7220 6174 
 1056      2028 3129 
 1056      0D0A 00
 1059               	__c.4074:
 1060 00a8 2020 2044 		.string	"   Device Version: %s\r\n"
 1060      6576 6963 
 1060      6520 5665 
 1060      7273 696F 
 1060      6E3A 2025 
 1063               	__c.4071:
 1064 00c0 2020 204D 		.string	"   Model: %s\r\n"
 1064      6F64 656C 
 1064      3A20 2573 
 1064      0D0A 00
 1067               	__c.4068:
 1068 00cf 2020 204D 		.string	"   Manufacturer: %s\r\n"
 1068      616E 7566 
 1068      6163 7475 
 1068      7265 723A 
 1068      2025 730D 
 1071               	__c.4061:
 1072 00e5 5265 7472 		.string	"Retrieving Device Info...\r\n"
 1072      6965 7669 
 1072      6E67 2044 
 1072      6576 6963 
 1072      6520 496E 
 1075               	__c.4055:
 1076 0101 1B5B 3331 		.ascii	"\033[31mDev Enum Error\r\n"
 1076      6D44 6576 
 1076      2045 6E75 
 1076      6D20 4572 
 1076      726F 720D 
 1077 0116 202D 2D20 		.string	" -- Error Code %d\r\n -- Sub Error Code %d\r\n -- In State %d\r\n\033[37m"
 1077      4572 726F 
 1077      7220 436F 
 1077      6465 2025 
 1077      640D 0A20 
 1080               	__c.4048:
 1081 0157 1B5B 3331 		.string	"\033[31mHost Mode Error\r\n -- Error Code %d\r\n\033[37m"
 1081      6D48 6F73 
 1081      7420 4D6F 
 1081      6465 2045 
 1081      7272 6F72 
 1084               	__c.4043:
 1085 0186 5374 696C 		.string	"Still Image Device Enumerated.\r\n"
 1085      6C20 496D 
 1085      6167 6520 
 1085      4465 7669 
 1085      6365 2045 
 1088               	__c.4041:
 1089 01a7 1B5B      		.ascii	"\033["
 1090 01a9 3331 6D43 		.string	"31mControl Error (Set Configuration).\r\n -- Error Code: %d\r\n\033[37m"
 1090      6F6E 7472 
 1090      6F6C 2045 
 1090      7272 6F72 
 1090      2028 5365 
 1093               	__c.4039:
 1094 01ea 202D 2D20 		.string	" -- Error Code: %d\r\n\033[37m"
 1094      4572 726F 
 1094      7220 436F 
 1094      6465 3A20 
 1094      2564 0D0A 
 1097               	__c.4037:
 1098 0204 1B5B 3331 		.string	"\033[31mInvalid Device.\r\n"
 1098      6D49 6E76 
 1098      616C 6964 
 1098      2044 6576 
 1098      6963 652E 
 1101               	__c.4035:
 1102 021b 1B5B 3331 		.string	"\033[31mControl Error (Get Configuration).\r\n"
 1102      6D43 6F6E 
 1102      7472 6F6C 
 1102      2045 7272 
 1102      6F72 2028 
 1105               	__c.4032:
 1106 0245 4765 7474 		.string	"Getting Config Data.\r\n"
 1106      696E 6720 
 1106      436F 6E66 
 1106      6967 2044 
 1106      6174 612E 
 1109               	__c.4027:
 1110 025c 1B5B 3332 		.string	"\033[32m\r\nDevice Unattached.\r\n\033[37m"
 1110      6D0D 0A44 
 1110      6576 6963 
 1110      6520 556E 
 1110      6174 7461 
 1113               	__c.4022:
 1114 027d 1B5B 3332 		.string	"\033[32mDevice Attached.\r\n\033[37m"
 1114      6D44 6576 
 1114      6963 6520 
 1114      4174 7461 
 1114      6368 6564 
 1117               	__c.4013:
 1118 029a 1B5B 3336 		.string	"\033[36mStill Image Host Demo running.\r\n\033[37m"
 1118      6D53 7469 
 1118      6C6C 2049 
 1118      6D61 6765 
 1118      2048 6F73 
 1215               	.Letext0:
DEFINED SYMBOLS
                            *ABS*:00000000 StillImageHost.c
C:\Users\david\AppData\Local\Temp\ccMB9ouI.s:2      *ABS*:0000003f __SREG__
C:\Users\david\AppData\Local\Temp\ccMB9ouI.s:3      *ABS*:0000003e __SP_H__
C:\Users\david\AppData\Local\Temp\ccMB9ouI.s:4      *ABS*:0000003d __SP_L__
C:\Users\david\AppData\Local\Temp\ccMB9ouI.s:5      *ABS*:00000034 __CCP__
C:\Users\david\AppData\Local\Temp\ccMB9ouI.s:6      *ABS*:00000000 __tmp_reg__
C:\Users\david\AppData\Local\Temp\ccMB9ouI.s:7      *ABS*:00000001 __zero_reg__
C:\Users\david\AppData\Local\Temp\ccMB9ouI.s:19     .text.SetupHardware:00000000 SetupHardware
C:\Users\david\AppData\Local\Temp\ccMB9ouI.s:109    .text.EVENT_USB_Host_DeviceAttached:00000000 EVENT_USB_Host_DeviceAttached
C:\Users\david\AppData\Local\Temp\ccMB9ouI.s:1113   .progmem.data:0000027d __c.4022
C:\Users\david\AppData\Local\Temp\ccMB9ouI.s:128    .text.EVENT_USB_Host_DeviceUnattached:00000000 EVENT_USB_Host_DeviceUnattached
C:\Users\david\AppData\Local\Temp\ccMB9ouI.s:1109   .progmem.data:0000025c __c.4027
C:\Users\david\AppData\Local\Temp\ccMB9ouI.s:147    .text.EVENT_USB_Host_DeviceEnumerationComplete:00000000 EVENT_USB_Host_DeviceEnumerationComplete
C:\Users\david\AppData\Local\Temp\ccMB9ouI.s:1105   .progmem.data:00000245 __c.4032
C:\Users\david\AppData\Local\Temp\ccMB9ouI.s:1101   .progmem.data:0000021b __c.4035
C:\Users\david\AppData\Local\Temp\ccMB9ouI.s:1097   .progmem.data:00000204 __c.4037
C:\Users\david\AppData\Local\Temp\ccMB9ouI.s:1093   .progmem.data:000001ea __c.4039
C:\Users\david\AppData\Local\Temp\ccMB9ouI.s:1088   .progmem.data:000001a7 __c.4041
C:\Users\david\AppData\Local\Temp\ccMB9ouI.s:1084   .progmem.data:00000186 __c.4043
C:\Users\david\AppData\Local\Temp\ccMB9ouI.s:243    .text.EVENT_USB_Host_HostError:00000000 EVENT_USB_Host_HostError
C:\Users\david\AppData\Local\Temp\ccMB9ouI.s:1080   .progmem.data:00000157 __c.4048
C:\Users\david\AppData\Local\Temp\ccMB9ouI.s:289    .text.EVENT_USB_Host_DeviceEnumerationFailed:00000000 EVENT_USB_Host_DeviceEnumerationFailed
C:\Users\david\AppData\Local\Temp\ccMB9ouI.s:1075   .progmem.data:00000101 __c.4055
C:\Users\david\AppData\Local\Temp\ccMB9ouI.s:344    .text.UnicodeToASCII:00000000 UnicodeToASCII
C:\Users\david\AppData\Local\Temp\ccMB9ouI.s:389    .text.ShowCommandError:00000000 ShowCommandError
C:\Users\david\AppData\Local\Temp\ccMB9ouI.s:1035   .progmem.data:00000044 __c.4101
C:\Users\david\AppData\Local\Temp\ccMB9ouI.s:1031   .progmem.data:00000033 __c.4103
C:\Users\david\AppData\Local\Temp\ccMB9ouI.s:1027   .progmem.data:00000000 __c.4105
C:\Users\david\AppData\Local\Temp\ccMB9ouI.s:445    .text.StillImageHost_Task:00000000 StillImageHost_Task
C:\Users\david\AppData\Local\Temp\ccMB9ouI.s:1071   .progmem.data:000000e5 __c.4061
C:\Users\david\AppData\Local\Temp\ccMB9ouI.s:1067   .progmem.data:000000cf __c.4068
C:\Users\david\AppData\Local\Temp\ccMB9ouI.s:1063   .progmem.data:000000c0 __c.4071
C:\Users\david\AppData\Local\Temp\ccMB9ouI.s:1059   .progmem.data:000000a8 __c.4074
C:\Users\david\AppData\Local\Temp\ccMB9ouI.s:1055   .progmem.data:00000099 __c.4076
C:\Users\david\AppData\Local\Temp\ccMB9ouI.s:1051   .progmem.data:0000008a __c.4078
C:\Users\david\AppData\Local\Temp\ccMB9ouI.s:1047   .progmem.data:00000075 __c.4080
C:\Users\david\AppData\Local\Temp\ccMB9ouI.s:1043   .progmem.data:00000060 __c.4083
C:\Users\david\AppData\Local\Temp\ccMB9ouI.s:1039   .progmem.data:00000058 __c.4086
C:\Users\david\AppData\Local\Temp\ccMB9ouI.s:997    .text.main:00000000 main
C:\Users\david\AppData\Local\Temp\ccMB9ouI.s:1117   .progmem.data:0000029a __c.4013

UNDEFINED SYMBOLS
USB_Init
USARTSerialStream
__iob
Serial_putchar
Serial_getchar
puts_P
ProcessConfigurationDescriptor
USB_Host_SetDeviceConfiguration
printf_P
USB_Disable
USB_HostState
PIMA_SendBlock
SImage_SendBlockHeader
SImage_ReceiveBlockHeader
PIMA_ReceivedBlock
SImage_ReadData
USB_USBTask
