   1               		.file	"USBTask.c"
   2               	__SREG__ = 0x3f
   3               	__SP_H__ = 0x3e
   4               	__SP_L__ = 0x3d
   5               	__CCP__ = 0x34
   6               	__tmp_reg__ = 0
   7               	__zero_reg__ = 1
  15               	.Ltext0:
  16               		.section	.text.USB_USBTask,"ax",@progbits
  17               	.global	USB_USBTask
  19               	USB_USBTask:
  20               	.LFB110:
  21               	.LSM0:
  22 0000 1F93      		push r17
  23 0002 CF93      		push r28
  24 0004 DF93      		push r29
  25               	/* prologue: function */
  26               	/* frame size = 0 */
  27               	/* stack size = 3 */
  28               	.L__stack_usage = 3
  29               	.LBB16:
  30               	.LBB17:
  31               	.LBB18:
  32               	.LBB19:
  33               	.LSM1:
  34 0006 C7EA      		ldi r28,lo8(167)
  35 0008 D0E0      		ldi r29,hi8(167)
  36 000a 1881      		ld r17,Y
  37 000c 1770      		andi r17,lo8(7)
  38               	.LVL0:
  39               	.LBE19:
  40               	.LBE18:
  41               	.LBB20:
  42               	.LBB21:
  43               	.LSM2:
  44 000e 1882      		st Y,__zero_reg__
  45               	.LBE21:
  46               	.LBE20:
  47               	.LSM3:
  48 0010 0E94 0000 		call USB_Host_ProcessNextHostState
  49               	.LVL1:
  50               	.LBB22:
  51               	.LBB23:
  52               	.LSM4:
  53 0014 1883      		st Y,r17
  54               	/* epilogue start */
  55               	.LBE23:
  56               	.LBE22:
  57               	.LBE17:
  58               	.LBE16:
  59               	.LSM5:
  60 0016 DF91      		pop r29
  61 0018 CF91      		pop r28
  62 001a 1F91      		pop r17
  63               	.LVL2:
  64 001c 0895      		ret
  65               	.LFE110:
  67               		.comm USB_IsInitialized,1,1
  68               		.comm USB_ControlRequest,8,1
  69               		.comm USB_HostState,1,1
  94               	.Letext0:
DEFINED SYMBOLS
                            *ABS*:00000000 USBTask.c
C:\Users\david\AppData\Local\Temp\ccRaIcyh.s:2      *ABS*:0000003f __SREG__
C:\Users\david\AppData\Local\Temp\ccRaIcyh.s:3      *ABS*:0000003e __SP_H__
C:\Users\david\AppData\Local\Temp\ccRaIcyh.s:4      *ABS*:0000003d __SP_L__
C:\Users\david\AppData\Local\Temp\ccRaIcyh.s:5      *ABS*:00000034 __CCP__
C:\Users\david\AppData\Local\Temp\ccRaIcyh.s:6      *ABS*:00000000 __tmp_reg__
C:\Users\david\AppData\Local\Temp\ccRaIcyh.s:7      *ABS*:00000001 __zero_reg__
C:\Users\david\AppData\Local\Temp\ccRaIcyh.s:19     .text.USB_USBTask:00000000 USB_USBTask
                            *COM*:00000001 USB_IsInitialized
                            *COM*:00000008 USB_ControlRequest
                            *COM*:00000001 USB_HostState

UNDEFINED SYMBOLS
USB_Host_ProcessNextHostState
__do_clear_bss
