   1               		.file	"CDCClassHost.c"
   2               	__SREG__ = 0x3f
   3               	__SP_H__ = 0x3e
   4               	__SP_L__ = 0x3d
   5               	__CCP__ = 0x34
   6               	__tmp_reg__ = 0
   7               	__zero_reg__ = 1
  15               	.Ltext0:
  16               		.section	.text.DCOMP_CDC_Host_NextCDCControlInterface,"ax",@progbits
  18               	DCOMP_CDC_Host_NextCDCControlInterface:
  19               	.LFB130:
  20               	.LSM0:
  21               	.LVL0:
  22               	/* prologue: function */
  23               	/* frame size = 0 */
  24               	/* stack size = 0 */
  25               	.L__stack_usage = 0
  26 0000 FC01      		movw r30,r24
  27               	.LVL1:
  28               	.LSM1:
  29 0002 8181      		ldd r24,Z+1
  30               	.LVL2:
  31 0004 8430      		cpi r24,lo8(4)
  32 0006 01F0      		breq .L8
  33               	.L5:
  34               	.LBB98:
  35               	.LSM2:
  36 0008 82E0      		ldi r24,lo8(2)
  37 000a 0895      		ret
  38               	.L8:
  39               	.LVL3:
  40               	.LSM3:
  41 000c 8581      		ldd r24,Z+5
  42 000e 8230      		cpi r24,lo8(2)
  43 0010 01F4      		brne .L5
  44               	.LSM4:
  45 0012 8681      		ldd r24,Z+6
  46 0014 8230      		cpi r24,lo8(2)
  47 0016 01F4      		brne .L5
  48               	.LSM5:
  49 0018 8781      		ldd r24,Z+7
  50 001a 8130      		cpi r24,lo8(1)
  51 001c 01F4      		brne .L5
  52               	.LSM6:
  53 001e 80E0      		ldi r24,lo8(0)
  54               	.LBE98:
  55               	.LSM7:
  56 0020 0895      		ret
  57               	.LFE130:
  59               		.section	.text.DCOMP_CDC_Host_NextCDCDataInterface,"ax",@progbits
  61               	DCOMP_CDC_Host_NextCDCDataInterface:
  62               	.LFB131:
  63               	.LSM8:
  64               	.LVL4:
  65               	/* prologue: function */
  66               	/* frame size = 0 */
  67               	/* stack size = 0 */
  68               	.L__stack_usage = 0
  69 0000 FC01      		movw r30,r24
  70               	.LVL5:
  71               	.LSM9:
  72 0002 8181      		ldd r24,Z+1
  73               	.LVL6:
  74 0004 8430      		cpi r24,lo8(4)
  75 0006 01F0      		breq .L15
  76               	.LVL7:
  77               	.L13:
  78               	.LBB99:
  79               	.LSM10:
  80 0008 82E0      		ldi r24,lo8(2)
  81 000a 0895      		ret
  82               	.LVL8:
  83               	.L15:
  84               	.LSM11:
  85 000c 8581      		ldd r24,Z+5
  86 000e 8A30      		cpi r24,lo8(10)
  87 0010 01F4      		brne .L13
  88               	.LSM12:
  89 0012 8681      		ldd r24,Z+6
  90 0014 8823      		tst r24
  91 0016 01F4      		brne .L13
  92               	.LSM13:
  93 0018 8781      		ldd r24,Z+7
  94 001a 8823      		tst r24
  95 001c 01F4      		brne .L13
  96               	.LSM14:
  97 001e 80E0      		ldi r24,lo8(0)
  98               	.LBE99:
  99               	.LSM15:
 100 0020 0895      		ret
 101               	.LFE131:
 103               		.section	.text.DCOMP_CDC_Host_NextCDCInterfaceEndpoint,"ax",@progbits
 105               	DCOMP_CDC_Host_NextCDCInterfaceEndpoint:
 106               	.LFB132:
 107               	.LSM16:
 108               	.LVL9:
 109               	/* prologue: function */
 110               	/* frame size = 0 */
 111               	/* stack size = 0 */
 112               	.L__stack_usage = 0
 113 0000 FC01      		movw r30,r24
 114               	.LVL10:
 115               	.LSM17:
 116 0002 8181      		ldd r24,Z+1
 117               	.LVL11:
 118 0004 8530      		cpi r24,lo8(5)
 119 0006 01F0      		breq .L22
 120               	.LSM18:
 121 0008 8430      		cpi r24,lo8(4)
 122 000a 01F0      		breq .L21
 123               	.LVL12:
 124               	.L19:
 125               	.LBB100:
 126               	.LSM19:
 127 000c 82E0      		ldi r24,lo8(2)
 128 000e 0895      		ret
 129               	.LVL13:
 130               	.L22:
 131               	.LSM20:
 132 0010 8381      		ldd r24,Z+3
 133 0012 8370      		andi r24,lo8(3)
 134               	.LSM21:
 135 0014 8250      		subi r24,lo8(-(-2))
 136 0016 8230      		cpi r24,lo8(2)
 137 0018 00F4      		brsh .L19
 138               	.LSM22:
 139 001a 8281      		ldd r24,Z+2
 140 001c 0E94 0000 		call Pipe_IsEndpointBound
 141               	.LVL14:
 142               	.LSM23:
 143 0020 8823      		tst r24
 144 0022 01F4      		brne .L19
 145               	.LSM24:
 146 0024 80E0      		ldi r24,lo8(0)
 147 0026 0895      		ret
 148               	.LVL15:
 149               	.L21:
 150               	.LBE100:
 151               	.LSM25:
 152 0028 81E0      		ldi r24,lo8(1)
 153               	.LSM26:
 154 002a 0895      		ret
 155               	.LFE132:
 157               		.section	.text.CDC_Host_ConfigurePipes,"ax",@progbits
 158               	.global	CDC_Host_ConfigurePipes
 160               	CDC_Host_ConfigurePipes:
 161               	.LFB129:
 162               	.LSM27:
 163               	.LVL16:
 164 0000 4F92      		push r4
 165 0002 5F92      		push r5
 166 0004 6F92      		push r6
 167 0006 7F92      		push r7
 168 0008 8F92      		push r8
 169 000a 9F92      		push r9
 170 000c AF92      		push r10
 171 000e BF92      		push r11
 172 0010 CF92      		push r12
 173 0012 DF92      		push r13
 174 0014 EF92      		push r14
 175 0016 FF92      		push r15
 176 0018 0F93      		push r16
 177 001a 1F93      		push r17
 178 001c DF93      		push r29
 179 001e CF93      		push r28
 180 0020 00D0      		rcall .
 181 0022 00D0      		rcall .
 182 0024 CDB7      		in r28,__SP_L__
 183 0026 DEB7      		in r29,__SP_H__
 184               	/* prologue: function */
 185               	/* frame size = 4 */
 186               	/* stack size = 20 */
 187               	.L__stack_usage = 20
 188 0028 6C01      		movw r12,r24
 189 002a 7A83      		std Y+2,r23
 190 002c 6983      		std Y+1,r22
 191 002e 5C83      		std Y+4,r21
 192 0030 4B83      		std Y+3,r20
 193               	.LVL17:
 194               	.LSM28:
 195 0032 0696      		adiw r24,6
 196               	.LVL18:
 197 0034 FC01      		movw r30,r24
 198 0036 83E1      		ldi r24,lo8(19)
 199 0038 DF01      		movw r26,r30
 200 003a 1D92      		st X+,__zero_reg__
 201 003c 8A95      	        dec r24
 202 003e 01F4      		brne .-6
 203               	.LSM29:
 204 0040 EB81      		ldd r30,Y+3
 205 0042 FC81      		ldd r31,Y+4
 206 0044 8181      		ldd r24,Z+1
 207 0046 8230      		cpi r24,lo8(2)
 208 0048 01F0      		breq .L101
 209               	.LSM30:
 210 004a 81E0      		ldi r24,lo8(1)
 211               	.LVL19:
 212               	.L24:
 213               	/* epilogue start */
 214               	.LSM31:
 215 004c 0F90      		pop __tmp_reg__
 216 004e 0F90      		pop __tmp_reg__
 217 0050 0F90      		pop __tmp_reg__
 218 0052 0F90      		pop __tmp_reg__
 219 0054 CF91      		pop r28
 220 0056 DF91      		pop r29
 221 0058 1F91      		pop r17
 222 005a 0F91      		pop r16
 223 005c FF90      		pop r15
 224 005e EF90      		pop r14
 225 0060 DF90      		pop r13
 226 0062 CF90      		pop r12
 227               	.LVL20:
 228 0064 BF90      		pop r11
 229 0066 AF90      		pop r10
 230 0068 9F90      		pop r9
 231 006a 8F90      		pop r8
 232 006c 7F90      		pop r7
 233 006e 6F90      		pop r6
 234 0070 5F90      		pop r5
 235 0072 4F90      		pop r4
 236 0074 0895      		ret
 237               	.LVL21:
 238               	.L101:
 239               	.LSM32:
 240 0076 6624      		clr r6
 241 0078 7724      		clr r7
 242 007a 8824      		clr r8
 243 007c 9924      		clr r9
 244 007e AA24      		clr r10
 245 0080 BB24      		clr r11
 246 0082 4424      		clr r4
 247 0084 5524      		clr r5
 248 0086 F3E0      		ldi r31,lo8(3)
 249 0088 EF2E      		mov r14,r31
 250 008a F12C      		mov r15,__zero_reg__
 251 008c EC0E      		add r14,r28
 252 008e FD1E      		adc r15,r29
 253 0090 8E01      		movw r16,r28
 254 0092 0F5F      		subi r16,lo8(-(1))
 255 0094 1F4F      		sbci r17,hi8(-(1))
 256               	.LVL22:
 257               	.L90:
 258               	.LBB101:
 259               	.LSM33:
 260 0096 6114      		cp r6,__zero_reg__
 261 0098 7104      		cpc r7,__zero_reg__
 262 009a 01F4      		brne .+2
 263 009c 00C0      		rjmp .L26
 264               	.LSM34:
 265 009e C801      		movw r24,r16
 266 00a0 B701      		movw r22,r14
 267               	.LVL23:
 268 00a2 40E0      		ldi r20,lo8(gs(DCOMP_CDC_Host_NextCDCInterfaceEndpoint))
 269 00a4 50E0      		ldi r21,hi8(gs(DCOMP_CDC_Host_NextCDCInterfaceEndpoint))
 270               	.LVL24:
 271 00a6 0E94 0000 		call USB_GetNextDescriptorComp
 272               	.LSM35:
 273 00aa 8823      		tst r24
 274 00ac 01F0      		breq .+2
 275 00ae 00C0      		rjmp .L26
 276               	.LSM36:
 277 00b0 EB81      		ldd r30,Y+3
 278 00b2 FC81      		ldd r31,Y+4
 279               	.LVL25:
 280               	.LSM37:
 281 00b4 8281      		ldd r24,Z+2
 282 00b6 87FD      		sbrc r24,7
 283 00b8 00C0      		rjmp .L102
 284               	.LSM38:
 285 00ba 5F01      		movw r10,r30
 286               	.LVL26:
 287               	.L30:
 288               	.LBE101:
 289               	.LSM39:
 290 00bc 4114      		cp r4,__zero_reg__
 291 00be 5104      		cpc r5,__zero_reg__
 292 00c0 01F0      		breq .L90
 293               	.LSM40:
 294 00c2 A114      		cp r10,__zero_reg__
 295 00c4 B104      		cpc r11,__zero_reg__
 296 00c6 01F0      		breq .L90
 297               	.LSM41:
 298 00c8 8114      		cp r8,__zero_reg__
 299 00ca 9104      		cpc r9,__zero_reg__
 300 00cc 01F0      		breq .L90
 301               	.LVL27:
 302               	.LBB102:
 303               	.LBB103:
 304               	.LSM42:
 305 00ce F601      		movw r30,r12
 306 00d0 8081      		ld r24,Z
 307 00d2 8130      		cpi r24,lo8(1)
 308 00d4 01F4      		brne .+2
 309 00d6 00C0      		rjmp .L103
 310               	.LSM43:
 311 00d8 D601      		movw r26,r12
 312 00da 1296      		adiw r26,2
 313 00dc 9C91      		ld r25,X
 314 00de 1297      		sbiw r26,2
 315 00e0 9130      		cpi r25,lo8(1)
 316 00e2 01F4      		brne .+2
 317 00e4 00C0      		rjmp .L35
 318               	.LSM44:
 319 00e6 1496      		adiw r26,4
 320 00e8 9C91      		ld r25,X
 321 00ea 1497      		sbiw r26,4
 322 00ec 9130      		cpi r25,lo8(1)
 323 00ee 01F4      		brne .+2
 324 00f0 00C0      		rjmp .L104
 325               	.L34:
 326               	.LVL28:
 327               	.LSM45:
 328 00f2 8230      		cpi r24,lo8(2)
 329 00f4 01F4      		brne .+2
 330 00f6 00C0      		rjmp .L105
 331               	.LSM46:
 332 00f8 D601      		movw r26,r12
 333 00fa 1296      		adiw r26,2
 334 00fc 9C91      		ld r25,X
 335 00fe 1297      		sbiw r26,2
 336 0100 9230      		cpi r25,lo8(2)
 337 0102 01F4      		brne .+2
 338 0104 00C0      		rjmp .L41
 339               	.LSM47:
 340 0106 1496      		adiw r26,4
 341 0108 9C91      		ld r25,X
 342 010a 1497      		sbiw r26,4
 343 010c 9230      		cpi r25,lo8(2)
 344 010e 01F4      		brne .+2
 345 0110 00C0      		rjmp .L106
 346               	.L40:
 347               	.LVL29:
 348               	.LSM48:
 349 0112 8330      		cpi r24,lo8(3)
 350 0114 01F4      		brne .+2
 351 0116 00C0      		rjmp .L107
 352               	.LSM49:
 353 0118 D601      		movw r26,r12
 354 011a 1296      		adiw r26,2
 355 011c 9C91      		ld r25,X
 356 011e 1297      		sbiw r26,2
 357 0120 9330      		cpi r25,lo8(3)
 358 0122 01F4      		brne .+2
 359 0124 00C0      		rjmp .L47
 360               	.LSM50:
 361 0126 1496      		adiw r26,4
 362 0128 9C91      		ld r25,X
 363 012a 1497      		sbiw r26,4
 364 012c 9330      		cpi r25,lo8(3)
 365 012e 01F4      		brne .+2
 366 0130 00C0      		rjmp .L108
 367               	.L46:
 368               	.LVL30:
 369               	.LSM51:
 370 0132 8430      		cpi r24,lo8(4)
 371 0134 01F4      		brne .+2
 372 0136 00C0      		rjmp .L109
 373               	.LSM52:
 374 0138 D601      		movw r26,r12
 375 013a 1296      		adiw r26,2
 376 013c 9C91      		ld r25,X
 377 013e 1297      		sbiw r26,2
 378 0140 9430      		cpi r25,lo8(4)
 379 0142 01F4      		brne .+2
 380 0144 00C0      		rjmp .L53
 381               	.LSM53:
 382 0146 1496      		adiw r26,4
 383 0148 9C91      		ld r25,X
 384 014a 1497      		sbiw r26,4
 385 014c 9430      		cpi r25,lo8(4)
 386 014e 01F4      		brne .+2
 387 0150 00C0      		rjmp .L110
 388               	.L52:
 389               	.LVL31:
 390               	.LSM54:
 391 0152 8530      		cpi r24,lo8(5)
 392 0154 01F4      		brne .+2
 393 0156 00C0      		rjmp .L111
 394               	.LSM55:
 395 0158 D601      		movw r26,r12
 396 015a 1296      		adiw r26,2
 397 015c 9C91      		ld r25,X
 398 015e 1297      		sbiw r26,2
 399 0160 9530      		cpi r25,lo8(5)
 400 0162 01F4      		brne .+2
 401 0164 00C0      		rjmp .L59
 402               	.LSM56:
 403 0166 1496      		adiw r26,4
 404 0168 9C91      		ld r25,X
 405 016a 1497      		sbiw r26,4
 406 016c 9530      		cpi r25,lo8(5)
 407 016e 01F4      		brne .+2
 408 0170 00C0      		rjmp .L112
 409               	.L58:
 410               	.LVL32:
 411               	.LSM57:
 412 0172 8630      		cpi r24,lo8(6)
 413 0174 01F4      		brne .+2
 414 0176 00C0      		rjmp .L113
 415               	.LSM58:
 416 0178 D601      		movw r26,r12
 417 017a 1296      		adiw r26,2
 418 017c 8C91      		ld r24,X
 419 017e 1297      		sbiw r26,2
 420 0180 8630      		cpi r24,lo8(6)
 421 0182 01F4      		brne .+2
 422 0184 00C0      		rjmp .L114
 423               	.LSM59:
 424 0186 D601      		movw r26,r12
 425 0188 1496      		adiw r26,4
 426 018a 8C91      		ld r24,X
 427 018c 1497      		sbiw r26,4
 428 018e 8630      		cpi r24,lo8(6)
 429 0190 01F4      		brne .+2
 430 0192 00C0      		rjmp .L115
 431               	.L64:
 432               	.LVL33:
 433               	.LBE103:
 434               	.LBE102:
 435               	.LSM60:
 436 0194 D301      		movw r26,r6
 437 0196 1296      		adiw r26,2
 438 0198 8C91      		ld r24,X
 439 019a 1297      		sbiw r26,2
 440 019c F601      		movw r30,r12
 441 019e 8783      		std Z+7,r24
 442               	.LSM61:
 443 01a0 83E0      		ldi r24,lo8(3)
 444 01a2 90E0      		ldi r25,hi8(3)
 445 01a4 9787      		std Z+15,r25
 446 01a6 8687      		std Z+14,r24
 447               	.LSM62:
 448 01a8 918B      		std Z+17,r25
 449 01aa 808B      		std Z+16,r24
 450               	.LSM63:
 451 01ac 81E0      		ldi r24,lo8(1)
 452 01ae 8683      		std Z+6,r24
 453               	.LSM64:
 454 01b0 80E0      		ldi r24,lo8(0)
 455 01b2 00C0      		rjmp .L24
 456               	.LVL34:
 457               	.L26:
 458               	.LBB113:
 459               	.LSM65:
 460 01b4 8114      		cp r8,__zero_reg__
 461 01b6 9104      		cpc r9,__zero_reg__
 462 01b8 01F0      		breq .L28
 463               	.LSM66:
 464 01ba C801      		movw r24,r16
 465 01bc B701      		movw r22,r14
 466 01be 40E0      		ldi r20,lo8(gs(DCOMP_CDC_Host_NextCDCDataInterface))
 467 01c0 50E0      		ldi r21,hi8(gs(DCOMP_CDC_Host_NextCDCDataInterface))
 468 01c2 0E94 0000 		call USB_GetNextDescriptorComp
 469 01c6 8823      		tst r24
 470 01c8 01F4      		brne .L68
 471               	.LSM67:
 472 01ca AA24      		clr r10
 473 01cc BB24      		clr r11
 474               	.LSM68:
 475 01ce 4424      		clr r4
 476 01d0 5524      		clr r5
 477 01d2 00C0      		rjmp .L90
 478               	.L68:
 479               	.LSM69:
 480 01d4 82E0      		ldi r24,lo8(2)
 481 01d6 00C0      		rjmp .L24
 482               	.L28:
 483               	.LSM70:
 484 01d8 C801      		movw r24,r16
 485 01da B701      		movw r22,r14
 486 01dc 40E0      		ldi r20,lo8(gs(DCOMP_CDC_Host_NextCDCControlInterface))
 487 01de 50E0      		ldi r21,hi8(gs(DCOMP_CDC_Host_NextCDCControlInterface))
 488 01e0 0E94 0000 		call USB_GetNextDescriptorComp
 489 01e4 8823      		tst r24
 490 01e6 01F4      		brne .L68
 491               	.LSM71:
 492 01e8 6B80      		ldd r6,Y+3
 493 01ea 7C80      		ldd r7,Y+4
 494               	.LVL35:
 495 01ec 00C0      		rjmp .L30
 496               	.LVL36:
 497               	.L102:
 498               	.LSM72:
 499 01ee 8381      		ldd r24,Z+3
 500 01f0 8370      		andi r24,lo8(3)
 501 01f2 8330      		cpi r24,lo8(3)
 502 01f4 01F0      		breq .L116
 503               	.LSM73:
 504 01f6 2F01      		movw r4,r30
 505 01f8 00C0      		rjmp .L30
 506               	.L116:
 507               	.LSM74:
 508 01fa 4F01      		movw r8,r30
 509 01fc 00C0      		rjmp .L30
 510               	.LVL37:
 511               	.L103:
 512               	.LBE113:
 513               	.LBB114:
 514               	.LBB112:
 515               	.LSM75:
 516 01fe D201      		movw r26,r4
 517 0200 1496      		adiw r26,4
 518 0202 0D91      		ld r16,X+
 519 0204 1C91      		ld r17,X
 520 0206 1597      		sbiw r26,4+1
 521               	.LVL38:
 522               	.LSM76:
 523 0208 1296      		adiw r26,2
 524 020a 2C91      		ld r18,X
 525 020c 1297      		sbiw r26,2
 526               	.LVL39:
 527               	.LSM77:
 528 020e F601      		movw r30,r12
 529 0210 8181      		ldd r24,Z+1
 530               	.LVL40:
 531               	.LSM78:
 532 0212 1187      		std Z+9,r17
 533 0214 0087      		std Z+8,r16
 534               	.LSM79:
 535 0216 FF24      		clr r15
 536               	.LSM80:
 537 0218 40E1      		ldi r20,lo8(16)
 538               	.LSM81:
 539 021a 62E0      		ldi r22,lo8(2)
 540               	.LVL41:
 541               	.L36:
 542               	.LSM82:
 543 021c 8823      		tst r24
 544 021e 01F0      		breq .L71
 545 0220 E4E0      		ldi r30,lo8(4)
 546 0222 EE2E      		mov r14,r30
 547               	.L33:
 548 0224 81E0      		ldi r24,lo8(1)
 549               	.LVL42:
 550 0226 0E94 0000 		call Pipe_ConfigurePipe
 551               	.LVL43:
 552 022a 8823      		tst r24
 553 022c 01F4      		brne .+2
 554 022e 00C0      		rjmp .L82
 555               	.LSM83:
 556 0230 FF20      		tst r15
 557 0232 01F0      		breq .+2
 558 0234 00C0      		rjmp .L92
 559 0236 D601      		movw r26,r12
 560 0238 8C91      		ld r24,X
 561 023a 00C0      		rjmp .L34
 562               	.LVL44:
 563               	.L105:
 564               	.LSM84:
 565 023c D201      		movw r26,r4
 566 023e 1496      		adiw r26,4
 567 0240 0D91      		ld r16,X+
 568 0242 1C91      		ld r17,X
 569 0244 1597      		sbiw r26,4+1
 570               	.LVL45:
 571               	.LSM85:
 572 0246 1296      		adiw r26,2
 573 0248 2C91      		ld r18,X
 574 024a 1297      		sbiw r26,2
 575               	.LVL46:
 576               	.LSM86:
 577 024c F601      		movw r30,r12
 578 024e 8181      		ldd r24,Z+1
 579               	.LVL47:
 580               	.LSM87:
 581 0250 1187      		std Z+9,r17
 582 0252 0087      		std Z+8,r16
 583               	.LSM88:
 584 0254 FF24      		clr r15
 585               	.LSM89:
 586 0256 40E1      		ldi r20,lo8(16)
 587               	.LSM90:
 588 0258 62E0      		ldi r22,lo8(2)
 589               	.LVL48:
 590               	.L42:
 591               	.LSM91:
 592 025a 8823      		tst r24
 593 025c 01F0      		breq .L73
 594 025e 74E0      		ldi r23,lo8(4)
 595 0260 E72E      		mov r14,r23
 596               	.L39:
 597 0262 82E0      		ldi r24,lo8(2)
 598               	.LVL49:
 599 0264 0E94 0000 		call Pipe_ConfigurePipe
 600               	.LVL50:
 601 0268 8823      		tst r24
 602 026a 01F4      		brne .+2
 603 026c 00C0      		rjmp .L82
 604               	.LSM92:
 605 026e FF20      		tst r15
 606 0270 01F0      		breq .+2
 607 0272 00C0      		rjmp .L94
 608 0274 D601      		movw r26,r12
 609 0276 8C91      		ld r24,X
 610 0278 00C0      		rjmp .L40
 611               	.LVL51:
 612               	.L71:
 613               	.LSM93:
 614 027a EE24      		clr r14
 615 027c 00C0      		rjmp .L33
 616               	.LVL52:
 617               	.L107:
 618               	.LSM94:
 619 027e D201      		movw r26,r4
 620 0280 1496      		adiw r26,4
 621 0282 0D91      		ld r16,X+
 622 0284 1C91      		ld r17,X
 623 0286 1597      		sbiw r26,4+1
 624               	.LVL53:
 625               	.LSM95:
 626 0288 1296      		adiw r26,2
 627 028a 2C91      		ld r18,X
 628 028c 1297      		sbiw r26,2
 629               	.LVL54:
 630               	.LSM96:
 631 028e F601      		movw r30,r12
 632 0290 8181      		ldd r24,Z+1
 633               	.LVL55:
 634               	.LSM97:
 635 0292 1187      		std Z+9,r17
 636 0294 0087      		std Z+8,r16
 637               	.LSM98:
 638 0296 FF24      		clr r15
 639               	.LSM99:
 640 0298 40E1      		ldi r20,lo8(16)
 641               	.LSM100:
 642 029a 62E0      		ldi r22,lo8(2)
 643               	.LVL56:
 644               	.L48:
 645               	.LSM101:
 646 029c 8823      		tst r24
 647 029e 01F4      		brne .+2
 648 02a0 00C0      		rjmp .L75
 649 02a2 54E0      		ldi r21,lo8(4)
 650 02a4 E52E      		mov r14,r21
 651               	.L45:
 652 02a6 83E0      		ldi r24,lo8(3)
 653               	.LVL57:
 654 02a8 0E94 0000 		call Pipe_ConfigurePipe
 655               	.LVL58:
 656 02ac 8823      		tst r24
 657 02ae 01F4      		brne .+2
 658 02b0 00C0      		rjmp .L82
 659               	.LSM102:
 660 02b2 FF20      		tst r15
 661 02b4 01F0      		breq .+2
 662 02b6 00C0      		rjmp .L96
 663 02b8 D601      		movw r26,r12
 664 02ba 8C91      		ld r24,X
 665 02bc 00C0      		rjmp .L46
 666               	.LVL59:
 667               	.L73:
 668               	.LSM103:
 669 02be EE24      		clr r14
 670 02c0 00C0      		rjmp .L39
 671               	.LVL60:
 672               	.L109:
 673               	.LSM104:
 674 02c2 D201      		movw r26,r4
 675 02c4 1496      		adiw r26,4
 676 02c6 0D91      		ld r16,X+
 677 02c8 1C91      		ld r17,X
 678 02ca 1597      		sbiw r26,4+1
 679               	.LVL61:
 680               	.LSM105:
 681 02cc 1296      		adiw r26,2
 682 02ce 2C91      		ld r18,X
 683 02d0 1297      		sbiw r26,2
 684               	.LVL62:
 685               	.LSM106:
 686 02d2 F601      		movw r30,r12
 687 02d4 8181      		ldd r24,Z+1
 688               	.LVL63:
 689               	.LSM107:
 690 02d6 1187      		std Z+9,r17
 691 02d8 0087      		std Z+8,r16
 692               	.LSM108:
 693 02da FF24      		clr r15
 694               	.LSM109:
 695 02dc 40E1      		ldi r20,lo8(16)
 696               	.LSM110:
 697 02de 62E0      		ldi r22,lo8(2)
 698               	.LVL64:
 699               	.L54:
 700               	.LSM111:
 701 02e0 8823      		tst r24
 702 02e2 01F0      		breq .L77
 703 02e4 34E0      		ldi r19,lo8(4)
 704 02e6 E32E      		mov r14,r19
 705               	.L51:
 706 02e8 84E0      		ldi r24,lo8(4)
 707               	.LVL65:
 708 02ea 0E94 0000 		call Pipe_ConfigurePipe
 709               	.LVL66:
 710 02ee 8823      		tst r24
 711 02f0 01F4      		brne .+2
 712 02f2 00C0      		rjmp .L82
 713               	.LSM112:
 714 02f4 FF20      		tst r15
 715 02f6 01F0      		breq .+2
 716 02f8 00C0      		rjmp .L98
 717 02fa D601      		movw r26,r12
 718 02fc 8C91      		ld r24,X
 719 02fe 00C0      		rjmp .L52
 720               	.LVL67:
 721               	.L92:
 722               	.LBB104:
 723               	.LBB106:
 724               	.LSM113:
 725 0300 F092 AD00 		sts 173,r15
 726 0304 F601      		movw r30,r12
 727 0306 8081      		ld r24,Z
 728 0308 00C0      		rjmp .L34
 729               	.LVL68:
 730               	.L94:
 731 030a F092 AD00 		sts 173,r15
 732 030e F601      		movw r30,r12
 733 0310 8081      		ld r24,Z
 734 0312 00C0      		rjmp .L40
 735               	.LVL69:
 736               	.L111:
 737               	.LBE106:
 738               	.LBE104:
 739               	.LSM114:
 740 0314 D201      		movw r26,r4
 741 0316 1496      		adiw r26,4
 742 0318 0D91      		ld r16,X+
 743 031a 1C91      		ld r17,X
 744 031c 1597      		sbiw r26,4+1
 745               	.LVL70:
 746               	.LSM115:
 747 031e 1296      		adiw r26,2
 748 0320 2C91      		ld r18,X
 749 0322 1297      		sbiw r26,2
 750               	.LVL71:
 751               	.LSM116:
 752 0324 F601      		movw r30,r12
 753 0326 8181      		ldd r24,Z+1
 754               	.LVL72:
 755               	.LSM117:
 756 0328 1187      		std Z+9,r17
 757 032a 0087      		std Z+8,r16
 758               	.LSM118:
 759 032c FF24      		clr r15
 760               	.LSM119:
 761 032e 40E1      		ldi r20,lo8(16)
 762               	.LSM120:
 763 0330 62E0      		ldi r22,lo8(2)
 764               	.LVL73:
 765               	.L60:
 766               	.LSM121:
 767 0332 8823      		tst r24
 768 0334 01F0      		breq .L79
 769 0336 94E0      		ldi r25,lo8(4)
 770 0338 E92E      		mov r14,r25
 771               	.L57:
 772 033a 85E0      		ldi r24,lo8(5)
 773               	.LVL74:
 774 033c 0E94 0000 		call Pipe_ConfigurePipe
 775               	.LVL75:
 776 0340 8823      		tst r24
 777 0342 01F4      		brne .+2
 778 0344 00C0      		rjmp .L82
 779               	.LSM122:
 780 0346 FF20      		tst r15
 781 0348 01F4      		brne .L100
 782 034a D601      		movw r26,r12
 783 034c 8C91      		ld r24,X
 784 034e 00C0      		rjmp .L58
 785               	.LVL76:
 786               	.L75:
 787               	.LSM123:
 788 0350 EE24      		clr r14
 789 0352 00C0      		rjmp .L45
 790               	.LVL77:
 791               	.L77:
 792 0354 EE24      		clr r14
 793 0356 00C0      		rjmp .L51
 794               	.LVL78:
 795               	.L96:
 796               	.LBB109:
 797               	.LBB107:
 798               	.LSM124:
 799 0358 F092 AD00 		sts 173,r15
 800 035c F601      		movw r30,r12
 801 035e 8081      		ld r24,Z
 802 0360 00C0      		rjmp .L46
 803               	.LVL79:
 804               	.L113:
 805               	.LBE107:
 806               	.LBE109:
 807               	.LSM125:
 808 0362 D201      		movw r26,r4
 809 0364 1496      		adiw r26,4
 810 0366 0D91      		ld r16,X+
 811 0368 1C91      		ld r17,X
 812 036a 1597      		sbiw r26,4+1
 813               	.LVL80:
 814               	.LSM126:
 815 036c 1296      		adiw r26,2
 816 036e 2C91      		ld r18,X
 817 0370 1297      		sbiw r26,2
 818               	.LVL81:
 819               	.LSM127:
 820 0372 F601      		movw r30,r12
 821 0374 8181      		ldd r24,Z+1
 822               	.LVL82:
 823               	.LSM128:
 824 0376 1187      		std Z+9,r17
 825 0378 0087      		std Z+8,r16
 826               	.LSM129:
 827 037a FF24      		clr r15
 828               	.LSM130:
 829 037c 40E1      		ldi r20,lo8(16)
 830               	.LSM131:
 831 037e 62E0      		ldi r22,lo8(2)
 832               	.LVL83:
 833               	.L62:
 834               	.LSM132:
 835 0380 8823      		tst r24
 836 0382 01F0      		breq .L81
 837 0384 84E0      		ldi r24,lo8(4)
 838 0386 E82E      		mov r14,r24
 839               	.LVL84:
 840               	.L65:
 841               	.LSM133:
 842 0388 86E0      		ldi r24,lo8(6)
 843 038a 0E94 0000 		call Pipe_ConfigurePipe
 844               	.LVL85:
 845 038e 8823      		tst r24
 846 0390 01F4      		brne .+2
 847 0392 00C0      		rjmp .L82
 848               	.LSM134:
 849 0394 FF20      		tst r15
 850 0396 01F4      		brne .+2
 851 0398 00C0      		rjmp .L64
 852               	.LVL86:
 853               	.LBB110:
 854               	.LBB105:
 855               	.LSM135:
 856 039a F092 AD00 		sts 173,r15
 857 039e 00C0      		rjmp .L64
 858               	.LVL87:
 859               	.L79:
 860               	.LBE105:
 861               	.LBE110:
 862               	.LSM136:
 863 03a0 EE24      		clr r14
 864 03a2 00C0      		rjmp .L57
 865               	.LVL88:
 866               	.L98:
 867               	.LBB111:
 868               	.LBB108:
 869               	.LSM137:
 870 03a4 F092 AD00 		sts 173,r15
 871 03a8 F601      		movw r30,r12
 872 03aa 8081      		ld r24,Z
 873 03ac 00C0      		rjmp .L52
 874               	.LVL89:
 875               	.L100:
 876 03ae F092 AD00 		sts 173,r15
 877 03b2 F601      		movw r30,r12
 878 03b4 8081      		ld r24,Z
 879 03b6 00C0      		rjmp .L58
 880               	.LVL90:
 881               	.L81:
 882               	.LBE108:
 883               	.LBE111:
 884               	.LSM138:
 885 03b8 EE24      		clr r14
 886 03ba 00C0      		rjmp .L65
 887               	.LVL91:
 888               	.L35:
 889               	.LSM139:
 890 03bc D501      		movw r26,r10
 891 03be 1496      		adiw r26,4
 892 03c0 0D91      		ld r16,X+
 893 03c2 1C91      		ld r17,X
 894 03c4 1597      		sbiw r26,4+1
 895               	.LVL92:
 896               	.LSM140:
 897 03c6 1296      		adiw r26,2
 898 03c8 2C91      		ld r18,X
 899 03ca 1297      		sbiw r26,2
 900               	.LVL93:
 901               	.LSM141:
 902 03cc F601      		movw r30,r12
 903 03ce 8381      		ldd r24,Z+3
 904               	.LVL94:
 905               	.LSM142:
 906 03d0 1387      		std Z+11,r17
 907 03d2 0287      		std Z+10,r16
 908               	.LSM143:
 909 03d4 FF24      		clr r15
 910               	.LSM144:
 911 03d6 40E2      		ldi r20,lo8(32)
 912               	.LSM145:
 913 03d8 62E0      		ldi r22,lo8(2)
 914 03da 00C0      		rjmp .L36
 915               	.LVL95:
 916               	.L41:
 917               	.LSM146:
 918 03dc D501      		movw r26,r10
 919 03de 1496      		adiw r26,4
 920 03e0 0D91      		ld r16,X+
 921 03e2 1C91      		ld r17,X
 922 03e4 1597      		sbiw r26,4+1
 923               	.LVL96:
 924               	.LSM147:
 925 03e6 1296      		adiw r26,2
 926 03e8 2C91      		ld r18,X
 927 03ea 1297      		sbiw r26,2
 928               	.LVL97:
 929               	.LSM148:
 930 03ec F601      		movw r30,r12
 931 03ee 8381      		ldd r24,Z+3
 932               	.LVL98:
 933               	.LSM149:
 934 03f0 1387      		std Z+11,r17
 935 03f2 0287      		std Z+10,r16
 936               	.LSM150:
 937 03f4 FF24      		clr r15
 938               	.LSM151:
 939 03f6 40E2      		ldi r20,lo8(32)
 940               	.LSM152:
 941 03f8 62E0      		ldi r22,lo8(2)
 942 03fa 00C0      		rjmp .L42
 943               	.LVL99:
 944               	.L47:
 945               	.LSM153:
 946 03fc D501      		movw r26,r10
 947 03fe 1496      		adiw r26,4
 948 0400 0D91      		ld r16,X+
 949 0402 1C91      		ld r17,X
 950 0404 1597      		sbiw r26,4+1
 951               	.LVL100:
 952               	.LSM154:
 953 0406 1296      		adiw r26,2
 954 0408 2C91      		ld r18,X
 955 040a 1297      		sbiw r26,2
 956               	.LVL101:
 957               	.LSM155:
 958 040c F601      		movw r30,r12
 959 040e 8381      		ldd r24,Z+3
 960               	.LVL102:
 961               	.LSM156:
 962 0410 1387      		std Z+11,r17
 963 0412 0287      		std Z+10,r16
 964               	.LSM157:
 965 0414 FF24      		clr r15
 966               	.LSM158:
 967 0416 40E2      		ldi r20,lo8(32)
 968               	.LSM159:
 969 0418 62E0      		ldi r22,lo8(2)
 970 041a 00C0      		rjmp .L48
 971               	.LVL103:
 972               	.L53:
 973               	.LSM160:
 974 041c D501      		movw r26,r10
 975 041e 1496      		adiw r26,4
 976 0420 0D91      		ld r16,X+
 977 0422 1C91      		ld r17,X
 978 0424 1597      		sbiw r26,4+1
 979               	.LVL104:
 980               	.LSM161:
 981 0426 1296      		adiw r26,2
 982 0428 2C91      		ld r18,X
 983 042a 1297      		sbiw r26,2
 984               	.LVL105:
 985               	.LSM162:
 986 042c F601      		movw r30,r12
 987 042e 8381      		ldd r24,Z+3
 988               	.LVL106:
 989               	.LSM163:
 990 0430 1387      		std Z+11,r17
 991 0432 0287      		std Z+10,r16
 992               	.LSM164:
 993 0434 FF24      		clr r15
 994               	.LSM165:
 995 0436 40E2      		ldi r20,lo8(32)
 996               	.LSM166:
 997 0438 62E0      		ldi r22,lo8(2)
 998 043a 00C0      		rjmp .L54
 999               	.LVL107:
 1000               	.L59:
 1001               	.LSM167:
 1002 043c D501      		movw r26,r10
 1003 043e 1496      		adiw r26,4
 1004 0440 0D91      		ld r16,X+
 1005 0442 1C91      		ld r17,X
 1006 0444 1597      		sbiw r26,4+1
 1007               	.LVL108:
 1008               	.LSM168:
 1009 0446 1296      		adiw r26,2
 1010 0448 2C91      		ld r18,X
 1011 044a 1297      		sbiw r26,2
 1012               	.LVL109:
 1013               	.LSM169:
 1014 044c F601      		movw r30,r12
 1015 044e 8381      		ldd r24,Z+3
 1016               	.LVL110:
 1017               	.LSM170:
 1018 0450 1387      		std Z+11,r17
 1019 0452 0287      		std Z+10,r16
 1020               	.LSM171:
 1021 0454 FF24      		clr r15
 1022               	.LSM172:
 1023 0456 40E2      		ldi r20,lo8(32)
 1024               	.LSM173:
 1025 0458 62E0      		ldi r22,lo8(2)
 1026 045a 00C0      		rjmp .L60
 1027               	.LVL111:
 1028               	.L82:
 1029               	.LSM174:
 1030 045c 83E0      		ldi r24,lo8(3)
 1031 045e 00C0      		rjmp .L24
 1032               	.LVL112:
 1033               	.L114:
 1034               	.LSM175:
 1035 0460 F501      		movw r30,r10
 1036 0462 0481      		ldd r16,Z+4
 1037 0464 1581      		ldd r17,Z+5
 1038               	.LVL113:
 1039               	.LSM176:
 1040 0466 2281      		ldd r18,Z+2
 1041               	.LVL114:
 1042               	.LSM177:
 1043 0468 1396      		adiw r26,3
 1044 046a 8C91      		ld r24,X
 1045 046c 1397      		sbiw r26,3
 1046               	.LVL115:
 1047               	.LSM178:
 1048 046e 1B96      		adiw r26,10+1
 1049 0470 1C93      		st X,r17
 1050 0472 0E93      		st -X,r16
 1051 0474 1A97      		sbiw r26,10
 1052               	.LSM179:
 1053 0476 FF24      		clr r15
 1054               	.LSM180:
 1055 0478 40E2      		ldi r20,lo8(32)
 1056               	.LSM181:
 1057 047a 62E0      		ldi r22,lo8(2)
 1058 047c 00C0      		rjmp .L62
 1059               	.LVL116:
 1060               	.L104:
 1061               	.LSM182:
 1062 047e F401      		movw r30,r8
 1063 0480 0481      		ldd r16,Z+4
 1064 0482 1581      		ldd r17,Z+5
 1065               	.LVL117:
 1066               	.LSM183:
 1067 0484 2281      		ldd r18,Z+2
 1068               	.LVL118:
 1069               	.LSM184:
 1070 0486 1596      		adiw r26,5
 1071 0488 8C91      		ld r24,X
 1072 048a 1597      		sbiw r26,5
 1073               	.LVL119:
 1074               	.LSM185:
 1075 048c F680      		ldd r15,Z+6
 1076               	.LVL120:
 1077               	.LSM186:
 1078 048e 1D96      		adiw r26,12+1
 1079 0490 1C93      		st X,r17
 1080 0492 0E93      		st -X,r16
 1081 0494 1C97      		sbiw r26,12
 1082               	.LSM187:
 1083 0496 40E1      		ldi r20,lo8(16)
 1084               	.LSM188:
 1085 0498 63E0      		ldi r22,lo8(3)
 1086 049a 00C0      		rjmp .L36
 1087               	.LVL121:
 1088               	.L106:
 1089               	.LSM189:
 1090 049c F401      		movw r30,r8
 1091 049e 0481      		ldd r16,Z+4
 1092 04a0 1581      		ldd r17,Z+5
 1093               	.LVL122:
 1094               	.LSM190:
 1095 04a2 2281      		ldd r18,Z+2
 1096               	.LVL123:
 1097               	.LSM191:
 1098 04a4 1596      		adiw r26,5
 1099 04a6 8C91      		ld r24,X
 1100 04a8 1597      		sbiw r26,5
 1101               	.LVL124:
 1102               	.LSM192:
 1103 04aa F680      		ldd r15,Z+6
 1104               	.LVL125:
 1105               	.LSM193:
 1106 04ac 1D96      		adiw r26,12+1
 1107 04ae 1C93      		st X,r17
 1108 04b0 0E93      		st -X,r16
 1109 04b2 1C97      		sbiw r26,12
 1110               	.LSM194:
 1111 04b4 40E1      		ldi r20,lo8(16)
 1112               	.LSM195:
 1113 04b6 63E0      		ldi r22,lo8(3)
 1114 04b8 00C0      		rjmp .L42
 1115               	.LVL126:
 1116               	.L108:
 1117               	.LSM196:
 1118 04ba F401      		movw r30,r8
 1119 04bc 0481      		ldd r16,Z+4
 1120 04be 1581      		ldd r17,Z+5
 1121               	.LVL127:
 1122               	.LSM197:
 1123 04c0 2281      		ldd r18,Z+2
 1124               	.LVL128:
 1125               	.LSM198:
 1126 04c2 1596      		adiw r26,5
 1127 04c4 8C91      		ld r24,X
 1128 04c6 1597      		sbiw r26,5
 1129               	.LVL129:
 1130               	.LSM199:
 1131 04c8 F680      		ldd r15,Z+6
 1132               	.LVL130:
 1133               	.LSM200:
 1134 04ca 1D96      		adiw r26,12+1
 1135 04cc 1C93      		st X,r17
 1136 04ce 0E93      		st -X,r16
 1137 04d0 1C97      		sbiw r26,12
 1138               	.LSM201:
 1139 04d2 40E1      		ldi r20,lo8(16)
 1140               	.LSM202:
 1141 04d4 63E0      		ldi r22,lo8(3)
 1142 04d6 00C0      		rjmp .L48
 1143               	.LVL131:
 1144               	.L110:
 1145               	.LSM203:
 1146 04d8 F401      		movw r30,r8
 1147 04da 0481      		ldd r16,Z+4
 1148 04dc 1581      		ldd r17,Z+5
 1149               	.LVL132:
 1150               	.LSM204:
 1151 04de 2281      		ldd r18,Z+2
 1152               	.LVL133:
 1153               	.LSM205:
 1154 04e0 1596      		adiw r26,5
 1155 04e2 8C91      		ld r24,X
 1156 04e4 1597      		sbiw r26,5
 1157               	.LVL134:
 1158               	.LSM206:
 1159 04e6 F680      		ldd r15,Z+6
 1160               	.LVL135:
 1161               	.LSM207:
 1162 04e8 1D96      		adiw r26,12+1
 1163 04ea 1C93      		st X,r17
 1164 04ec 0E93      		st -X,r16
 1165 04ee 1C97      		sbiw r26,12
 1166               	.LSM208:
 1167 04f0 40E1      		ldi r20,lo8(16)
 1168               	.LSM209:
 1169 04f2 63E0      		ldi r22,lo8(3)
 1170 04f4 00C0      		rjmp .L54
 1171               	.LVL136:
 1172               	.L112:
 1173               	.LSM210:
 1174 04f6 F401      		movw r30,r8
 1175 04f8 0481      		ldd r16,Z+4
 1176 04fa 1581      		ldd r17,Z+5
 1177               	.LVL137:
 1178               	.LSM211:
 1179 04fc 2281      		ldd r18,Z+2
 1180               	.LVL138:
 1181               	.LSM212:
 1182 04fe 1596      		adiw r26,5
 1183 0500 8C91      		ld r24,X
 1184 0502 1597      		sbiw r26,5
 1185               	.LVL139:
 1186               	.LSM213:
 1187 0504 F680      		ldd r15,Z+6
 1188               	.LVL140:
 1189               	.LSM214:
 1190 0506 1D96      		adiw r26,12+1
 1191 0508 1C93      		st X,r17
 1192 050a 0E93      		st -X,r16
 1193 050c 1C97      		sbiw r26,12
 1194               	.LSM215:
 1195 050e 40E1      		ldi r20,lo8(16)
 1196               	.LSM216:
 1197 0510 63E0      		ldi r22,lo8(3)
 1198 0512 00C0      		rjmp .L60
 1199               	.LVL141:
 1200               	.L115:
 1201               	.LSM217:
 1202 0514 F401      		movw r30,r8
 1203 0516 0481      		ldd r16,Z+4
 1204 0518 1581      		ldd r17,Z+5
 1205               	.LVL142:
 1206               	.LSM218:
 1207 051a 2281      		ldd r18,Z+2
 1208               	.LVL143:
 1209               	.LSM219:
 1210 051c 1596      		adiw r26,5
 1211 051e 8C91      		ld r24,X
 1212 0520 1597      		sbiw r26,5
 1213               	.LVL144:
 1214               	.LSM220:
 1215 0522 F680      		ldd r15,Z+6
 1216               	.LVL145:
 1217               	.LSM221:
 1218 0524 1D96      		adiw r26,12+1
 1219 0526 1C93      		st X,r17
 1220 0528 0E93      		st -X,r16
 1221 052a 1C97      		sbiw r26,12
 1222               	.LSM222:
 1223 052c 40E1      		ldi r20,lo8(16)
 1224               	.LSM223:
 1225 052e 63E0      		ldi r22,lo8(3)
 1226 0530 00C0      		rjmp .L62
 1227               	.LBE112:
 1228               	.LBE114:
 1229               	.LFE129:
 1231               		.section	.text.CDC_Host_SetLineEncoding,"ax",@progbits
 1232               	.global	CDC_Host_SetLineEncoding
 1234               	CDC_Host_SetLineEncoding:
 1235               	.LFB134:
 1236               	.LSM224:
 1237               	.LVL146:
 1238               	/* prologue: function */
 1239               	/* frame size = 0 */
 1240               	/* stack size = 0 */
 1241               	.L__stack_usage = 0
 1242               	.LSM225:
 1243 0000 FC01      		movw r30,r24
 1244 0002 2781      		ldd r18,Z+7
 1245 0004 31E2      		ldi r19,lo8(33)
 1246 0006 3093 0000 		sts USB_ControlRequest,r19
 1247 000a 30E2      		ldi r19,lo8(32)
 1248 000c 3093 0000 		sts USB_ControlRequest+1,r19
 1249 0010 1092 0000 		sts USB_ControlRequest+2+1,__zero_reg__
 1250 0014 1092 0000 		sts USB_ControlRequest+2,__zero_reg__
 1251 0018 2093 0000 		sts USB_ControlRequest+4,r18
 1252 001c 1092 0000 		sts USB_ControlRequest+5,__zero_reg__
 1253 0020 27E0      		ldi r18,lo8(7)
 1254 0022 30E0      		ldi r19,hi8(7)
 1255 0024 3093 0000 		sts USB_ControlRequest+6+1,r19
 1256 0028 2093 0000 		sts USB_ControlRequest+6,r18
 1257               	.LVL147:
 1258               	.LBB115:
 1259               	.LBB116:
 1260               	.LSM226:
 1261 002c 1092 A700 		sts 167,__zero_reg__
 1262               	.LBE116:
 1263               	.LBE115:
 1264               	.LSM227:
 1265 0030 4296      		adiw r24,18
 1266               	.LVL148:
 1267 0032 0E94 0000 		call USB_Host_SendControlRequest
 1268               	.LVL149:
 1269               	/* epilogue start */
 1270               	.LSM228:
 1271 0036 0895      		ret
 1272               	.LFE134:
 1274               		.section	.text.CDC_Host_SendControlLineStateChange,"ax",@progbits
 1275               	.global	CDC_Host_SendControlLineStateChange
 1277               	CDC_Host_SendControlLineStateChange:
 1278               	.LFB135:
 1279               	.LSM229:
 1280               	.LVL150:
 1281               	/* prologue: function */
 1282               	/* frame size = 0 */
 1283               	/* stack size = 0 */
 1284               	.L__stack_usage = 0
 1285 0000 FC01      		movw r30,r24
 1286               	.LSM230:
 1287 0002 8685      		ldd r24,Z+14
 1288 0004 9785      		ldd r25,Z+15
 1289               	.LVL151:
 1290               	.LSM231:
 1291 0006 2781      		ldd r18,Z+7
 1292 0008 31E2      		ldi r19,lo8(33)
 1293 000a 3093 0000 		sts USB_ControlRequest,r19
 1294 000e 32E2      		ldi r19,lo8(34)
 1295 0010 3093 0000 		sts USB_ControlRequest+1,r19
 1296 0014 9093 0000 		sts USB_ControlRequest+2+1,r25
 1297 0018 8093 0000 		sts USB_ControlRequest+2,r24
 1298 001c 2093 0000 		sts USB_ControlRequest+4,r18
 1299 0020 1092 0000 		sts USB_ControlRequest+5,__zero_reg__
 1300 0024 1092 0000 		sts USB_ControlRequest+6+1,__zero_reg__
 1301 0028 1092 0000 		sts USB_ControlRequest+6,__zero_reg__
 1302               	.LVL152:
 1303               	.LBB117:
 1304               	.LBB118:
 1305               	.LSM232:
 1306 002c 1092 A700 		sts 167,__zero_reg__
 1307               	.LBE118:
 1308               	.LBE117:
 1309               	.LSM233:
 1310 0030 80E0      		ldi r24,lo8(0)
 1311 0032 90E0      		ldi r25,hi8(0)
 1312 0034 0E94 0000 		call USB_Host_SendControlRequest
 1313               	.LVL153:
 1314               	/* epilogue start */
 1315               	.LSM234:
 1316 0038 0895      		ret
 1317               	.LFE135:
 1319               		.section	.text.CDC_Host_SendBreak,"ax",@progbits
 1320               	.global	CDC_Host_SendBreak
 1322               	CDC_Host_SendBreak:
 1323               	.LFB136:
 1324               	.LSM235:
 1325               	.LVL154:
 1326               	/* prologue: function */
 1327               	/* frame size = 0 */
 1328               	/* stack size = 0 */
 1329               	.L__stack_usage = 0
 1330               	.LSM236:
 1331 0000 FC01      		movw r30,r24
 1332 0002 8781      		ldd r24,Z+7
 1333               	.LVL155:
 1334 0004 E0E0      		ldi r30,lo8(USB_ControlRequest)
 1335 0006 F0E0      		ldi r31,hi8(USB_ControlRequest)
 1336               	.LVL156:
 1337 0008 91E2      		ldi r25,lo8(33)
 1338 000a 9093 0000 		sts USB_ControlRequest,r25
 1339 000e 93E2      		ldi r25,lo8(35)
 1340 0010 9093 0000 		sts USB_ControlRequest+1,r25
 1341 0014 6093 0000 		sts USB_ControlRequest+2,r22
 1342 0018 1382      		std Z+3,__zero_reg__
 1343 001a 8093 0000 		sts USB_ControlRequest+4,r24
 1344 001e 1582      		std Z+5,__zero_reg__
 1345 0020 1092 0000 		sts USB_ControlRequest+6+1,__zero_reg__
 1346 0024 1092 0000 		sts USB_ControlRequest+6,__zero_reg__
 1347               	.LVL157:
 1348               	.LBB119:
 1349               	.LBB120:
 1350               	.LSM237:
 1351 0028 1092 A700 		sts 167,__zero_reg__
 1352               	.LBE120:
 1353               	.LBE119:
 1354               	.LSM238:
 1355 002c 80E0      		ldi r24,lo8(0)
 1356 002e 90E0      		ldi r25,hi8(0)
 1357 0030 0E94 0000 		call USB_Host_SendControlRequest
 1358               	.LVL158:
 1359               	/* epilogue start */
 1360               	.LSM239:
 1361 0034 0895      		ret
 1362               	.LFE136:
 1364               		.section	.text.CDC_Host_SendData,"ax",@progbits
 1365               	.global	CDC_Host_SendData
 1367               	CDC_Host_SendData:
 1368               	.LFB137:
 1369               	.LSM240:
 1370               	.LVL159:
 1371               	/* prologue: function */
 1372               	/* frame size = 0 */
 1373               	/* stack size = 0 */
 1374               	.L__stack_usage = 0
 1375               	.LSM241:
 1376 0000 2091 0000 		lds r18,USB_HostState
 1377 0004 2B30      		cpi r18,lo8(11)
 1378 0006 01F0      		breq .L124
 1379               	.LSM242:
 1380 0008 82E0      		ldi r24,lo8(2)
 1381               	.LVL160:
 1382 000a 0895      		ret
 1383               	.LVL161:
 1384               	.L124:
 1385               	.LSM243:
 1386 000c FC01      		movw r30,r24
 1387 000e 2681      		ldd r18,Z+6
 1388 0010 2223      		tst r18
 1389 0012 01F4      		brne .L125
 1390               	.LSM244:
 1391 0014 82E0      		ldi r24,lo8(2)
 1392               	.LVL162:
 1393               	.LSM245:
 1394 0016 0895      		ret
 1395               	.L125:
 1396               	.LSM246:
 1397 0018 8281      		ldd r24,Z+2
 1398               	.LVL163:
 1399               	.LBB121:
 1400               	.LBB122:
 1401               	.LSM247:
 1402 001a 8093 A700 		sts 167,r24
 1403               	.LBE122:
 1404               	.LBE121:
 1405               	.LBB123:
 1406               	.LBB124:
 1407               	.LSM248:
 1408 001e 8091 A900 		lds r24,169
 1409 0022 8F7B      		andi r24,lo8(-65)
 1410 0024 8093 A900 		sts 169,r24
 1411               	.LBE124:
 1412               	.LBE123:
 1413               	.LSM249:
 1414 0028 CB01      		movw r24,r22
 1415 002a BA01      		movw r22,r20
 1416               	.LVL164:
 1417 002c 40E0      		ldi r20,lo8(0)
 1418 002e 50E0      		ldi r21,hi8(0)
 1419               	.LVL165:
 1420 0030 0E94 0000 		call Pipe_Write_Stream_LE
 1421               	.LVL166:
 1422               	.LBB125:
 1423               	.LBB126:
 1424               	.LSM250:
 1425 0034 9091 A900 		lds r25,169
 1426 0038 9064      		ori r25,lo8(64)
 1427 003a 9093 A900 		sts 169,r25
 1428               	.LBE126:
 1429               	.LBE125:
 1430               	.LSM251:
 1431 003e 0895      		ret
 1432               	.LFE137:
 1434               		.section	.text.CDC_Host_SendString,"ax",@progbits
 1435               	.global	CDC_Host_SendString
 1437               	CDC_Host_SendString:
 1438               	.LFB138:
 1439               	.LSM252:
 1440               	.LVL167:
 1441               	/* prologue: function */
 1442               	/* frame size = 0 */
 1443               	/* stack size = 0 */
 1444               	.L__stack_usage = 0
 1445               	.LSM253:
 1446 0000 2091 0000 		lds r18,USB_HostState
 1447 0004 2B30      		cpi r18,lo8(11)
 1448 0006 01F0      		breq .L130
 1449               	.LSM254:
 1450 0008 82E0      		ldi r24,lo8(2)
 1451               	.LVL168:
 1452 000a 0895      		ret
 1453               	.LVL169:
 1454               	.L130:
 1455               	.LSM255:
 1456 000c FC01      		movw r30,r24
 1457 000e 2681      		ldd r18,Z+6
 1458 0010 2223      		tst r18
 1459 0012 01F4      		brne .L131
 1460               	.LSM256:
 1461 0014 82E0      		ldi r24,lo8(2)
 1462               	.LVL170:
 1463               	.LSM257:
 1464 0016 0895      		ret
 1465               	.L131:
 1466               	.LSM258:
 1467 0018 8281      		ldd r24,Z+2
 1468               	.LVL171:
 1469               	.LBB127:
 1470               	.LBB128:
 1471               	.LSM259:
 1472 001a 8093 A700 		sts 167,r24
 1473               	.LBE128:
 1474               	.LBE127:
 1475               	.LBB129:
 1476               	.LBB130:
 1477               	.LSM260:
 1478 001e 8091 A900 		lds r24,169
 1479 0022 8F7B      		andi r24,lo8(-65)
 1480 0024 8093 A900 		sts 169,r24
 1481               	.LBE130:
 1482               	.LBE129:
 1483               	.LSM261:
 1484 0028 FB01      		movw r30,r22
 1485               	.LVL172:
 1486 002a 0190      		ld __tmp_reg__,Z+
 1487 002c 0020      		tst __tmp_reg__
 1488 002e 01F4      		brne .-6
 1489 0030 3197      		sbiw r30,1
 1490 0032 E61B      		sub r30,r22
 1491 0034 F70B      		sbc r31,r23
 1492 0036 CB01      		movw r24,r22
 1493 0038 BF01      		movw r22,r30
 1494               	.LVL173:
 1495 003a 40E0      		ldi r20,lo8(0)
 1496 003c 50E0      		ldi r21,hi8(0)
 1497 003e 0E94 0000 		call Pipe_Write_Stream_LE
 1498               	.LVL174:
 1499               	.LBB131:
 1500               	.LBB132:
 1501               	.LSM262:
 1502 0042 9091 A900 		lds r25,169
 1503 0046 9064      		ori r25,lo8(64)
 1504 0048 9093 A900 		sts 169,r25
 1505               	.LBE132:
 1506               	.LBE131:
 1507               	.LSM263:
 1508 004c 0895      		ret
 1509               	.LFE138:
 1511               		.section	.text.CDC_Host_SendByte,"ax",@progbits
 1512               	.global	CDC_Host_SendByte
 1514               	CDC_Host_SendByte:
 1515               	.LFB139:
 1516               	.LSM264:
 1517               	.LVL175:
 1518 0000 DF93      		push r29
 1519 0002 CF93      		push r28
 1520 0004 0F92      		push __tmp_reg__
 1521 0006 CDB7      		in r28,__SP_L__
 1522 0008 DEB7      		in r29,__SP_H__
 1523               	/* prologue: function */
 1524               	/* frame size = 1 */
 1525               	/* stack size = 3 */
 1526               	.L__stack_usage = 3
 1527               	.LSM265:
 1528 000a 2091 0000 		lds r18,USB_HostState
 1529 000e 2B30      		cpi r18,lo8(11)
 1530 0010 01F0      		breq .L137
 1531               	.L136:
 1532               	.LSM266:
 1533 0012 82E0      		ldi r24,lo8(2)
 1534               	.LVL176:
 1535               	.L133:
 1536               	/* epilogue start */
 1537               	.LSM267:
 1538 0014 0F90      		pop __tmp_reg__
 1539 0016 CF91      		pop r28
 1540 0018 DF91      		pop r29
 1541 001a 0895      		ret
 1542               	.LVL177:
 1543               	.L137:
 1544               	.LSM268:
 1545 001c FC01      		movw r30,r24
 1546 001e 2681      		ldd r18,Z+6
 1547 0020 2223      		tst r18
 1548 0022 01F0      		breq .L136
 1549               	.LSM269:
 1550 0024 8281      		ldd r24,Z+2
 1551               	.LVL178:
 1552               	.LBB133:
 1553               	.LBB134:
 1554               	.LSM270:
 1555 0026 8093 A700 		sts 167,r24
 1556               	.LBE134:
 1557               	.LBE133:
 1558               	.LBB135:
 1559               	.LBB136:
 1560               	.LSM271:
 1561 002a 8091 A900 		lds r24,169
 1562 002e 8F7B      		andi r24,lo8(-65)
 1563 0030 8093 A900 		sts 169,r24
 1564               	.LBE136:
 1565               	.LBE135:
 1566               	.LBB137:
 1567               	.LBB138:
 1568               	.LSM272:
 1569 0034 8091 A600 		lds r24,166
 1570               	.LBE138:
 1571               	.LBE137:
 1572               	.LSM273:
 1573 0038 85FF      		sbrs r24,5
 1574 003a 00C0      		rjmp .L138
 1575               	.LVL179:
 1576               	.L134:
 1577               	.LBB139:
 1578               	.LBB140:
 1579               	.LSM274:
 1580 003c 6093 AF00 		sts 175,r22
 1581               	.LBE140:
 1582               	.LBE139:
 1583               	.LBB141:
 1584               	.LBB142:
 1585               	.LSM275:
 1586 0040 8091 A900 		lds r24,169
 1587 0044 8064      		ori r24,lo8(64)
 1588 0046 8093 A900 		sts 169,r24
 1589               	.LBE142:
 1590               	.LBE141:
 1591               	.LSM276:
 1592 004a 80E0      		ldi r24,lo8(0)
 1593               	/* epilogue start */
 1594               	.LSM277:
 1595 004c 0F90      		pop __tmp_reg__
 1596 004e CF91      		pop r28
 1597 0050 DF91      		pop r29
 1598 0052 0895      		ret
 1599               	.LVL180:
 1600               	.L138:
 1601               	.LBB143:
 1602               	.LBB144:
 1603               	.LSM278:
 1604 0054 8091 A600 		lds r24,166
 1605 0058 8B77      		andi r24,lo8(123)
 1606 005a 8093 A600 		sts 166,r24
 1607               	.LBE144:
 1608               	.LBE143:
 1609               	.LSM279:
 1610 005e 6983      		std Y+1,r22
 1611 0060 0E94 0000 		call Pipe_WaitUntilReady
 1612               	.LVL181:
 1613 0064 6981      		ldd r22,Y+1
 1614 0066 8823      		tst r24
 1615 0068 01F0      		breq .L134
 1616 006a 00C0      		rjmp .L133
 1617               	.LFE139:
 1619               		.section	.text.CDC_Host_putchar,"ax",@progbits
 1621               	CDC_Host_putchar:
 1622               	.LFB145:
 1623               	.LSM280:
 1624               	.LVL182:
 1625               	/* prologue: function */
 1626               	/* frame size = 0 */
 1627               	/* stack size = 0 */
 1628               	.L__stack_usage = 0
 1629 0000 282F      		mov r18,r24
 1630 0002 FB01      		movw r30,r22
 1631               	.LSM281:
 1632 0004 8485      		ldd r24,Z+12
 1633 0006 9585      		ldd r25,Z+13
 1634               	.LVL183:
 1635 0008 622F      		mov r22,r18
 1636               	.LVL184:
 1637 000a 0E94 0000 		call CDC_Host_SendByte
 1638               	.LVL185:
 1639 000e 8823      		tst r24
 1640 0010 01F4      		brne .L142
 1641 0012 20E0      		ldi r18,lo8(0)
 1642 0014 30E0      		ldi r19,hi8(0)
 1643               	.LSM282:
 1644 0016 C901      		movw r24,r18
 1645               	/* epilogue start */
 1646 0018 0895      		ret
 1647               	.L142:
 1648               	.LSM283:
 1649 001a 2FEF      		ldi r18,lo8(-1)
 1650 001c 3FEF      		ldi r19,hi8(-1)
 1651               	.LSM284:
 1652 001e C901      		movw r24,r18
 1653               	/* epilogue start */
 1654 0020 0895      		ret
 1655               	.LFE145:
 1657               		.section	.text.CDC_Host_BytesReceived,"ax",@progbits
 1658               	.global	CDC_Host_BytesReceived
 1660               	CDC_Host_BytesReceived:
 1661               	.LFB140:
 1662               	.LSM285:
 1663               	.LVL186:
 1664               	/* prologue: function */
 1665               	/* frame size = 0 */
 1666               	/* stack size = 0 */
 1667               	.L__stack_usage = 0
 1668               	.LSM286:
 1669 0000 2091 0000 		lds r18,USB_HostState
 1670 0004 2B30      		cpi r18,lo8(11)
 1671 0006 01F0      		breq .L149
 1672               	.L148:
 1673               	.LSM287:
 1674 0008 20E0      		ldi r18,lo8(0)
 1675 000a 30E0      		ldi r19,hi8(0)
 1676               	.LVL187:
 1677               	.L144:
 1678               	.LSM288:
 1679 000c C901      		movw r24,r18
 1680               	/* epilogue start */
 1681 000e 0895      		ret
 1682               	.LVL188:
 1683               	.L149:
 1684               	.LSM289:
 1685 0010 FC01      		movw r30,r24
 1686 0012 2681      		ldd r18,Z+6
 1687 0014 2223      		tst r18
 1688 0016 01F0      		breq .L148
 1689               	.LSM290:
 1690 0018 8081      		ld r24,Z
 1691               	.LVL189:
 1692               	.LBB145:
 1693               	.LBB146:
 1694               	.LSM291:
 1695 001a 8093 A700 		sts 167,r24
 1696               	.LBE146:
 1697               	.LBE145:
 1698               	.LBB147:
 1699               	.LBB148:
 1700               	.LSM292:
 1701 001e 8091 A900 		lds r24,169
 1702 0022 8F7B      		andi r24,lo8(-65)
 1703 0024 8093 A900 		sts 169,r24
 1704               	.LBE148:
 1705               	.LBE147:
 1706               	.LBB149:
 1707               	.LBB150:
 1708               	.LSM293:
 1709 0028 8091 A600 		lds r24,166
 1710               	.LBE150:
 1711               	.LBE149:
 1712               	.LSM294:
 1713 002c 80FF      		sbrs r24,0
 1714 002e 00C0      		rjmp .L145
 1715               	.LBB151:
 1716               	.LBB152:
 1717               	.LSM295:
 1718 0030 8091 F600 		lds r24,246
 1719 0034 9091 F700 		lds r25,246+1
 1720               	.LBE152:
 1721               	.LBE151:
 1722               	.LSM296:
 1723 0038 0097      		sbiw r24,0
 1724 003a 01F4      		brne .L146
 1725               	.LBB153:
 1726               	.LBB154:
 1727               	.LSM297:
 1728 003c 8091 A600 		lds r24,166
 1729 0040 8E77      		andi r24,lo8(126)
 1730 0042 8093 A600 		sts 166,r24
 1731               	.LBE154:
 1732               	.LBE153:
 1733               	.LBB155:
 1734               	.LBB156:
 1735               	.LSM298:
 1736 0046 8091 A900 		lds r24,169
 1737 004a 8064      		ori r24,lo8(64)
 1738 004c 8093 A900 		sts 169,r24
 1739               	.LBE156:
 1740               	.LBE155:
 1741               	.LSM299:
 1742 0050 20E0      		ldi r18,lo8(0)
 1743 0052 30E0      		ldi r19,hi8(0)
 1744 0054 00C0      		rjmp .L144
 1745               	.L145:
 1746               	.LBB157:
 1747               	.LBB158:
 1748               	.LSM300:
 1749 0056 8091 A900 		lds r24,169
 1750 005a 8064      		ori r24,lo8(64)
 1751 005c 8093 A900 		sts 169,r24
 1752               	.LBE158:
 1753               	.LBE157:
 1754               	.LSM301:
 1755 0060 20E0      		ldi r18,lo8(0)
 1756 0062 30E0      		ldi r19,hi8(0)
 1757               	.LSM302:
 1758 0064 C901      		movw r24,r18
 1759               	/* epilogue start */
 1760 0066 0895      		ret
 1761               	.L146:
 1762               	.LBB159:
 1763               	.LBB160:
 1764               	.LSM303:
 1765 0068 8091 A900 		lds r24,169
 1766 006c 8064      		ori r24,lo8(64)
 1767 006e 8093 A900 		sts 169,r24
 1768               	.LBE160:
 1769               	.LBE159:
 1770               	.LBB161:
 1771               	.LBB162:
 1772               	.LSM304:
 1773 0072 2091 F600 		lds r18,246
 1774 0076 3091 F700 		lds r19,246+1
 1775               	.LBE162:
 1776               	.LBE161:
 1777               	.LSM305:
 1778 007a 00C0      		rjmp .L144
 1779               	.LFE140:
 1781               		.section	.text.CDC_Host_ReceiveByte,"ax",@progbits
 1782               	.global	CDC_Host_ReceiveByte
 1784               	CDC_Host_ReceiveByte:
 1785               	.LFB141:
 1786               	.LSM306:
 1787               	.LVL190:
 1788               	/* prologue: function */
 1789               	/* frame size = 0 */
 1790               	/* stack size = 0 */
 1791               	.L__stack_usage = 0
 1792               	.LSM307:
 1793 0000 2091 0000 		lds r18,USB_HostState
 1794 0004 2B30      		cpi r18,lo8(11)
 1795 0006 01F0      		breq .L158
 1796               	.L155:
 1797               	.LSM308:
 1798 0008 2FEF      		ldi r18,lo8(-1)
 1799 000a 3FEF      		ldi r19,hi8(-1)
 1800               	.LVL191:
 1801               	.L151:
 1802               	.LSM309:
 1803 000c C901      		movw r24,r18
 1804               	/* epilogue start */
 1805 000e 0895      		ret
 1806               	.LVL192:
 1807               	.L158:
 1808               	.LSM310:
 1809 0010 FC01      		movw r30,r24
 1810 0012 2681      		ldd r18,Z+6
 1811 0014 2223      		tst r18
 1812 0016 01F0      		breq .L155
 1813               	.LVL193:
 1814               	.LSM311:
 1815 0018 8081      		ld r24,Z
 1816               	.LVL194:
 1817               	.LBB163:
 1818               	.LBB164:
 1819               	.LSM312:
 1820 001a 8093 A700 		sts 167,r24
 1821               	.LBE164:
 1822               	.LBE163:
 1823               	.LBB165:
 1824               	.LBB166:
 1825               	.LSM313:
 1826 001e 8091 A900 		lds r24,169
 1827 0022 8F7B      		andi r24,lo8(-65)
 1828 0024 8093 A900 		sts 169,r24
 1829               	.LBE166:
 1830               	.LBE165:
 1831               	.LBB167:
 1832               	.LBB168:
 1833               	.LSM314:
 1834 0028 8091 A600 		lds r24,166
 1835               	.LBE168:
 1836               	.LBE167:
 1837               	.LSM315:
 1838 002c 80FF      		sbrs r24,0
 1839 002e 00C0      		rjmp .L156
 1840               	.LBB169:
 1841               	.LBB170:
 1842               	.LSM316:
 1843 0030 8091 F600 		lds r24,246
 1844 0034 9091 F700 		lds r25,246+1
 1845               	.LBE170:
 1846               	.LBE169:
 1847               	.LSM317:
 1848 0038 0097      		sbiw r24,0
 1849 003a 01F0      		breq .L157
 1850               	.LBB171:
 1851               	.LBB172:
 1852               	.LSM318:
 1853 003c 2091 AF00 		lds r18,175
 1854               	.LBE172:
 1855               	.LBE171:
 1856               	.LSM319:
 1857 0040 30E0      		ldi r19,lo8(0)
 1858               	.LVL195:
 1859               	.L153:
 1860               	.LBB173:
 1861               	.LBB174:
 1862               	.LSM320:
 1863 0042 8091 F600 		lds r24,246
 1864 0046 9091 F700 		lds r25,246+1
 1865               	.LBE174:
 1866               	.LBE173:
 1867               	.LSM321:
 1868 004a 0097      		sbiw r24,0
 1869 004c 01F4      		brne .L152
 1870               	.LBB175:
 1871               	.LBB176:
 1872               	.LSM322:
 1873 004e 8091 A600 		lds r24,166
 1874 0052 8E77      		andi r24,lo8(126)
 1875 0054 8093 A600 		sts 166,r24
 1876               	.LVL196:
 1877               	.L152:
 1878               	.LBE176:
 1879               	.LBE175:
 1880               	.LBB177:
 1881               	.LBB178:
 1882               	.LSM323:
 1883 0058 8091 A900 		lds r24,169
 1884 005c 8064      		ori r24,lo8(64)
 1885 005e 8093 A900 		sts 169,r24
 1886               	.LBE178:
 1887               	.LBE177:
 1888               	.LSM324:
 1889 0062 00C0      		rjmp .L151
 1890               	.LVL197:
 1891               	.L156:
 1892               	.LSM325:
 1893 0064 2FEF      		ldi r18,lo8(-1)
 1894 0066 3FEF      		ldi r19,hi8(-1)
 1895 0068 00C0      		rjmp .L152
 1896               	.L157:
 1897 006a 2FEF      		ldi r18,lo8(-1)
 1898 006c 3FEF      		ldi r19,hi8(-1)
 1899 006e 00C0      		rjmp .L153
 1900               	.LFE141:
 1902               		.section	.text.CDC_Host_getchar,"ax",@progbits
 1904               	CDC_Host_getchar:
 1905               	.LFB146:
 1906               	.LSM326:
 1907               	.LVL198:
 1908               	/* prologue: function */
 1909               	/* frame size = 0 */
 1910               	/* stack size = 0 */
 1911               	.L__stack_usage = 0
 1912               	.LSM327:
 1913 0000 FC01      		movw r30,r24
 1914 0002 8485      		ldd r24,Z+12
 1915 0004 9585      		ldd r25,Z+13
 1916               	.LVL199:
 1917 0006 0E94 0000 		call CDC_Host_ReceiveByte
 1918               	.LVL200:
 1919 000a 9C01      		movw r18,r24
 1920               	.LVL201:
 1921               	.LSM328:
 1922 000c 97FD      		sbrc r25,7
 1923 000e 00C0      		rjmp .L161
 1924               	.LSM329:
 1925 0010 C901      		movw r24,r18
 1926               	.LVL202:
 1927               	/* epilogue start */
 1928 0012 0895      		ret
 1929               	.L161:
 1930               	.LSM330:
 1931 0014 2EEF      		ldi r18,lo8(-2)
 1932 0016 3FEF      		ldi r19,hi8(-2)
 1933               	.LVL203:
 1934               	.LSM331:
 1935 0018 C901      		movw r24,r18
 1936               	.LVL204:
 1937               	/* epilogue start */
 1938 001a 0895      		ret
 1939               	.LFE146:
 1941               		.section	.text.CDC_Host_Flush,"ax",@progbits
 1942               	.global	CDC_Host_Flush
 1944               	CDC_Host_Flush:
 1945               	.LFB142:
 1946               	.LSM332:
 1947               	.LVL205:
 1948               	/* prologue: function */
 1949               	/* frame size = 0 */
 1950               	/* stack size = 0 */
 1951               	.L__stack_usage = 0
 1952               	.LSM333:
 1953 0000 2091 0000 		lds r18,USB_HostState
 1954 0004 2B30      		cpi r18,lo8(11)
 1955 0006 01F0      		breq .L168
 1956               	.L166:
 1957               	.LSM334:
 1958 0008 82E0      		ldi r24,lo8(2)
 1959               	.LVL206:
 1960 000a 0895      		ret
 1961               	.LVL207:
 1962               	.L168:
 1963               	.LSM335:
 1964 000c FC01      		movw r30,r24
 1965 000e 2681      		ldd r18,Z+6
 1966 0010 2223      		tst r18
 1967 0012 01F0      		breq .L166
 1968               	.LSM336:
 1969 0014 8281      		ldd r24,Z+2
 1970               	.LVL208:
 1971               	.LBB179:
 1972               	.LBB180:
 1973               	.LSM337:
 1974 0016 8093 A700 		sts 167,r24
 1975               	.LBE180:
 1976               	.LBE179:
 1977               	.LBB181:
 1978               	.LBB182:
 1979               	.LSM338:
 1980 001a 8091 A900 		lds r24,169
 1981 001e 8F7B      		andi r24,lo8(-65)
 1982 0020 8093 A900 		sts 169,r24
 1983               	.LBE182:
 1984               	.LBE181:
 1985               	.LBB183:
 1986               	.LBB184:
 1987               	.LSM339:
 1988 0024 8091 F600 		lds r24,246
 1989 0028 9091 F700 		lds r25,246+1
 1990               	.LBE184:
 1991               	.LBE183:
 1992               	.LSM340:
 1993 002c 0097      		sbiw r24,0
 1994 002e 01F0      		breq .L167
 1995               	.LBB185:
 1996               	.LBB186:
 1997               	.LSM341:
 1998 0030 9091 A600 		lds r25,166
 1999               	.LVL209:
 2000               	.LBE186:
 2001               	.LBE185:
 2002               	.LBB187:
 2003               	.LBB188:
 2004               	.LSM342:
 2005 0034 8091 A600 		lds r24,166
 2006 0038 8B77      		andi r24,lo8(123)
 2007 003a 8093 A600 		sts 166,r24
 2008               	.LBE188:
 2009               	.LBE187:
 2010               	.LSM343:
 2011 003e 95FF      		sbrs r25,5
 2012 0040 00C0      		rjmp .L169
 2013               	.LVL210:
 2014               	.L164:
 2015               	.LBB189:
 2016               	.LBB190:
 2017               	.LSM344:
 2018 0042 8091 A900 		lds r24,169
 2019 0046 8064      		ori r24,lo8(64)
 2020 0048 8093 A900 		sts 169,r24
 2021               	.LBE190:
 2022               	.LBE189:
 2023               	.LSM345:
 2024 004c 80E0      		ldi r24,lo8(0)
 2025 004e 0895      		ret
 2026               	.LVL211:
 2027               	.L167:
 2028               	.LSM346:
 2029 0050 80E0      		ldi r24,lo8(0)
 2030               	.LVL212:
 2031               	.L163:
 2032               	.LSM347:
 2033 0052 0895      		ret
 2034               	.LVL213:
 2035               	.L169:
 2036               	.LSM348:
 2037 0054 0E94 0000 		call Pipe_WaitUntilReady
 2038               	.LVL214:
 2039 0058 8823      		tst r24
 2040 005a 01F4      		brne .L163
 2041               	.LBB191:
 2042               	.LBB192:
 2043               	.LSM349:
 2044 005c 8091 A600 		lds r24,166
 2045               	.LVL215:
 2046 0060 8B77      		andi r24,lo8(123)
 2047 0062 8093 A600 		sts 166,r24
 2048 0066 00C0      		rjmp .L164
 2049               	.LBE192:
 2050               	.LBE191:
 2051               	.LFE142:
 2053               		.section	.text.CDC_Host_USBTask,"ax",@progbits
 2054               	.global	CDC_Host_USBTask
 2056               	CDC_Host_USBTask:
 2057               	.LFB133:
 2058               	.LSM350:
 2059               	.LVL216:
 2060 0000 0F93      		push r16
 2061 0002 1F93      		push r17
 2062 0004 DF93      		push r29
 2063 0006 CF93      		push r28
 2064 0008 CDB7      		in r28,__SP_L__
 2065 000a DEB7      		in r29,__SP_H__
 2066 000c 2897      		sbiw r28,8
 2067 000e 0FB6      		in __tmp_reg__,__SREG__
 2068 0010 F894      		cli
 2069 0012 DEBF      		out __SP_H__,r29
 2070 0014 0FBE      		out __SREG__,__tmp_reg__
 2071 0016 CDBF      		out __SP_L__,r28
 2072               	/* prologue: function */
 2073               	/* frame size = 8 */
 2074               	/* stack size = 12 */
 2075               	.L__stack_usage = 12
 2076 0018 8C01      		movw r16,r24
 2077               	.LSM351:
 2078 001a 8091 0000 		lds r24,USB_HostState
 2079               	.LVL217:
 2080 001e 8B30      		cpi r24,lo8(11)
 2081 0020 01F0      		breq .L174
 2082               	.L170:
 2083               	/* epilogue start */
 2084               	.LSM352:
 2085 0022 2896      		adiw r28,8
 2086 0024 0FB6      		in __tmp_reg__,__SREG__
 2087 0026 F894      		cli
 2088 0028 DEBF      		out __SP_H__,r29
 2089 002a 0FBE      		out __SREG__,__tmp_reg__
 2090 002c CDBF      		out __SP_L__,r28
 2091 002e CF91      		pop r28
 2092 0030 DF91      		pop r29
 2093 0032 1F91      		pop r17
 2094 0034 0F91      		pop r16
 2095               	.LVL218:
 2096 0036 0895      		ret
 2097               	.LVL219:
 2098               	.L174:
 2099               	.LSM353:
 2100 0038 F801      		movw r30,r16
 2101 003a 8681      		ldd r24,Z+6
 2102 003c 8823      		tst r24
 2103 003e 01F0      		breq .L170
 2104               	.LSM354:
 2105 0040 8481      		ldd r24,Z+4
 2106               	.LVL220:
 2107               	.LBB193:
 2108               	.LBB194:
 2109               	.LSM355:
 2110 0042 8093 A700 		sts 167,r24
 2111               	.LBE194:
 2112               	.LBE193:
 2113               	.LBB195:
 2114               	.LBB196:
 2115               	.LSM356:
 2116 0046 8091 A900 		lds r24,169
 2117 004a 8F7B      		andi r24,lo8(-65)
 2118 004c 8093 A900 		sts 169,r24
 2119               	.LBE196:
 2120               	.LBE195:
 2121               	.LBB197:
 2122               	.LBB198:
 2123               	.LSM357:
 2124 0050 8091 A600 		lds r24,166
 2125               	.LBE198:
 2126               	.LBE197:
 2127               	.LSM358:
 2128 0054 80FD      		sbrc r24,0
 2129 0056 00C0      		rjmp .L175
 2130               	.LVL221:
 2131               	.L172:
 2132               	.LBB199:
 2133               	.LBB200:
 2134               	.LSM359:
 2135 0058 8091 A900 		lds r24,169
 2136 005c 8064      		ori r24,lo8(64)
 2137 005e 8093 A900 		sts 169,r24
 2138               	.LBE200:
 2139               	.LBE199:
 2140               	.LSM360:
 2141 0062 C801      		movw r24,r16
 2142 0064 0E94 0000 		call CDC_Host_Flush
 2143 0068 00C0      		rjmp .L170
 2144               	.LVL222:
 2145               	.L175:
 2146               	.LBB201:
 2147               	.LSM361:
 2148 006a CE01      		movw r24,r28
 2149 006c 0196      		adiw r24,1
 2150 006e 68E0      		ldi r22,lo8(8)
 2151 0070 70E0      		ldi r23,hi8(8)
 2152 0072 40E0      		ldi r20,lo8(0)
 2153 0074 50E0      		ldi r21,hi8(0)
 2154 0076 0E94 0000 		call Pipe_Read_Stream_LE
 2155               	.LVL223:
 2156               	.LSM362:
 2157 007a 8A81      		ldd r24,Y+2
 2158 007c 8032      		cpi r24,lo8(32)
 2159 007e 01F0      		breq .L176
 2160               	.L173:
 2161               	.LBB202:
 2162               	.LBB203:
 2163               	.LSM363:
 2164 0080 8091 A600 		lds r24,166
 2165 0084 8E77      		andi r24,lo8(126)
 2166 0086 8093 A600 		sts 166,r24
 2167 008a 00C0      		rjmp .L172
 2168               	.L176:
 2169               	.LBE203:
 2170               	.LBE202:
 2171               	.LSM364:
 2172 008c 8981      		ldd r24,Y+1
 2173 008e 813A      		cpi r24,lo8(-95)
 2174 0090 01F4      		brne .L173
 2175               	.LSM365:
 2176 0092 C801      		movw r24,r16
 2177 0094 4096      		adiw r24,16
 2178 0096 62E0      		ldi r22,lo8(2)
 2179 0098 70E0      		ldi r23,hi8(2)
 2180 009a 40E0      		ldi r20,lo8(0)
 2181 009c 50E0      		ldi r21,hi8(0)
 2182 009e 0E94 0000 		call Pipe_Read_Stream_LE
 2183               	.LBB204:
 2184               	.LBB205:
 2185               	.LSM366:
 2186 00a2 8091 A600 		lds r24,166
 2187 00a6 8E77      		andi r24,lo8(126)
 2188 00a8 8093 A600 		sts 166,r24
 2189               	.LBE205:
 2190               	.LBE204:
 2191               	.LSM367:
 2192 00ac C801      		movw r24,r16
 2193 00ae 0E94 0000 		call EVENT_CDC_Host_ControLineStateChanged
 2194 00b2 00C0      		rjmp .L172
 2195               	.LBE201:
 2196               	.LFE133:
 2198               		.section	.text.CDC_Host_getchar_Blocking,"ax",@progbits
 2200               	CDC_Host_getchar_Blocking:
 2201               	.LFB147:
 2202               	.LSM368:
 2203               	.LVL224:
 2204 0000 CF93      		push r28
 2205 0002 DF93      		push r29
 2206               	/* prologue: function */
 2207               	/* frame size = 0 */
 2208               	/* stack size = 2 */
 2209               	.L__stack_usage = 2
 2210 0004 EC01      		movw r28,r24
 2211               	.LSM369:
 2212 0006 00C0      		rjmp .L178
 2213               	.LVL225:
 2214               	.L180:
 2215               	.LSM370:
 2216 0008 8091 0000 		lds r24,USB_HostState
 2217 000c 8130      		cpi r24,lo8(1)
 2218 000e 01F0      		breq .L181
 2219               	.LSM371:
 2220 0010 8C85      		ldd r24,Y+12
 2221 0012 9D85      		ldd r25,Y+13
 2222 0014 0E94 0000 		call CDC_Host_USBTask
 2223               	.LVL226:
 2224               	.LSM372:
 2225 0018 0E94 0000 		call USB_USBTask
 2226               	.L178:
 2227               	.LSM373:
 2228 001c 8C85      		ldd r24,Y+12
 2229 001e 9D85      		ldd r25,Y+13
 2230 0020 0E94 0000 		call CDC_Host_ReceiveByte
 2231 0024 9C01      		movw r18,r24
 2232               	.LVL227:
 2233 0026 97FD      		sbrc r25,7
 2234 0028 00C0      		rjmp .L180
 2235               	.LSM374:
 2236 002a C901      		movw r24,r18
 2237               	.LVL228:
 2238               	/* epilogue start */
 2239 002c DF91      		pop r29
 2240 002e CF91      		pop r28
 2241               	.LVL229:
 2242 0030 0895      		ret
 2243               	.LVL230:
 2244               	.L181:
 2245               	.LSM375:
 2246 0032 2EEF      		ldi r18,lo8(-2)
 2247 0034 3FEF      		ldi r19,hi8(-2)
 2248               	.LVL231:
 2249               	.LSM376:
 2250 0036 C901      		movw r24,r18
 2251               	/* epilogue start */
 2252 0038 DF91      		pop r29
 2253 003a CF91      		pop r28
 2254               	.LVL232:
 2255 003c 0895      		ret
 2256               	.LFE147:
 2258               		.section	.text.CDC_Host_CreateStream,"ax",@progbits
 2259               	.global	CDC_Host_CreateStream
 2261               	CDC_Host_CreateStream:
 2262               	.LFB143:
 2263               	.LSM377:
 2264               	.LVL233:
 2265               	/* prologue: function */
 2266               	/* frame size = 0 */
 2267               	/* stack size = 0 */
 2268               	.L__stack_usage = 0
 2269 0000 FB01      		movw r30,r22
 2270               	.LSM378:
 2271 0002 2EE0      		ldi r18,lo8(14)
 2272 0004 DB01      		movw r26,r22
 2273 0006 1D92      		st X+,__zero_reg__
 2274 0008 2A95      	        dec r18
 2275 000a 01F4      		brne .-6
 2276 000c 23E0      		ldi r18,lo8(3)
 2277 000e 2383      		std Z+3,r18
 2278 0010 20E0      		ldi r18,lo8(gs(CDC_Host_putchar))
 2279 0012 30E0      		ldi r19,hi8(gs(CDC_Host_putchar))
 2280 0014 3187      		std Z+9,r19
 2281 0016 2087      		std Z+8,r18
 2282 0018 20E0      		ldi r18,lo8(gs(CDC_Host_getchar))
 2283 001a 30E0      		ldi r19,hi8(gs(CDC_Host_getchar))
 2284 001c 3387      		std Z+11,r19
 2285 001e 2287      		std Z+10,r18
 2286               	.LSM379:
 2287 0020 9587      		std Z+13,r25
 2288 0022 8487      		std Z+12,r24
 2289               	/* epilogue start */
 2290               	.LSM380:
 2291 0024 0895      		ret
 2292               	.LFE143:
 2294               		.section	.text.CDC_Host_CreateBlockingStream,"ax",@progbits
 2295               	.global	CDC_Host_CreateBlockingStream
 2297               	CDC_Host_CreateBlockingStream:
 2298               	.LFB144:
 2299               	.LSM381:
 2300               	.LVL234:
 2301               	/* prologue: function */
 2302               	/* frame size = 0 */
 2303               	/* stack size = 0 */
 2304               	.L__stack_usage = 0
 2305 0000 FB01      		movw r30,r22
 2306               	.LSM382:
 2307 0002 2EE0      		ldi r18,lo8(14)
 2308 0004 DB01      		movw r26,r22
 2309 0006 1D92      		st X+,__zero_reg__
 2310 0008 2A95      	        dec r18
 2311 000a 01F4      		brne .-6
 2312 000c 23E0      		ldi r18,lo8(3)
 2313 000e 2383      		std Z+3,r18
 2314 0010 20E0      		ldi r18,lo8(gs(CDC_Host_putchar))
 2315 0012 30E0      		ldi r19,hi8(gs(CDC_Host_putchar))
 2316 0014 3187      		std Z+9,r19
 2317 0016 2087      		std Z+8,r18
 2318 0018 20E0      		ldi r18,lo8(gs(CDC_Host_getchar_Blocking))
 2319 001a 30E0      		ldi r19,hi8(gs(CDC_Host_getchar_Blocking))
 2320 001c 3387      		std Z+11,r19
 2321 001e 2287      		std Z+10,r18
 2322               	.LSM383:
 2323 0020 9587      		std Z+13,r25
 2324 0022 8487      		std Z+12,r24
 2325               	/* epilogue start */
 2326               	.LSM384:
 2327 0024 0895      		ret
 2328               	.LFE144:
 2330               		.section	.text.CDC_Host_Event_Stub,"ax",@progbits
 2331               	.global	CDC_Host_Event_Stub
 2333               	CDC_Host_Event_Stub:
 2334               	.LFB148:
 2335               	.LSM385:
 2336               	/* prologue: function */
 2337               	/* frame size = 0 */
 2338               	/* stack size = 0 */
 2339               	.L__stack_usage = 0
 2340               	/* epilogue start */
 2341               	.LSM386:
 2342 0000 0895      		ret
 2343               	.LFE148:
 2345               		.weak	EVENT_CDC_Host_ControLineStateChanged
 2346               		.set	EVENT_CDC_Host_ControLineStateChanged,CDC_Host_Event_Stub
 2523               	.Letext0:
DEFINED SYMBOLS
                            *ABS*:00000000 CDCClassHost.c
C:\Users\david\AppData\Local\Temp\ccP7MbGN.s:2      *ABS*:0000003f __SREG__
C:\Users\david\AppData\Local\Temp\ccP7MbGN.s:3      *ABS*:0000003e __SP_H__
C:\Users\david\AppData\Local\Temp\ccP7MbGN.s:4      *ABS*:0000003d __SP_L__
C:\Users\david\AppData\Local\Temp\ccP7MbGN.s:5      *ABS*:00000034 __CCP__
C:\Users\david\AppData\Local\Temp\ccP7MbGN.s:6      *ABS*:00000000 __tmp_reg__
C:\Users\david\AppData\Local\Temp\ccP7MbGN.s:7      *ABS*:00000001 __zero_reg__
C:\Users\david\AppData\Local\Temp\ccP7MbGN.s:18     .text.DCOMP_CDC_Host_NextCDCControlInterface:00000000 DCOMP_CDC_Host_NextCDCControlInterface
C:\Users\david\AppData\Local\Temp\ccP7MbGN.s:61     .text.DCOMP_CDC_Host_NextCDCDataInterface:00000000 DCOMP_CDC_Host_NextCDCDataInterface
C:\Users\david\AppData\Local\Temp\ccP7MbGN.s:105    .text.DCOMP_CDC_Host_NextCDCInterfaceEndpoint:00000000 DCOMP_CDC_Host_NextCDCInterfaceEndpoint
C:\Users\david\AppData\Local\Temp\ccP7MbGN.s:160    .text.CDC_Host_ConfigurePipes:00000000 CDC_Host_ConfigurePipes
C:\Users\david\AppData\Local\Temp\ccP7MbGN.s:1234   .text.CDC_Host_SetLineEncoding:00000000 CDC_Host_SetLineEncoding
C:\Users\david\AppData\Local\Temp\ccP7MbGN.s:1277   .text.CDC_Host_SendControlLineStateChange:00000000 CDC_Host_SendControlLineStateChange
C:\Users\david\AppData\Local\Temp\ccP7MbGN.s:1322   .text.CDC_Host_SendBreak:00000000 CDC_Host_SendBreak
C:\Users\david\AppData\Local\Temp\ccP7MbGN.s:1367   .text.CDC_Host_SendData:00000000 CDC_Host_SendData
C:\Users\david\AppData\Local\Temp\ccP7MbGN.s:1437   .text.CDC_Host_SendString:00000000 CDC_Host_SendString
C:\Users\david\AppData\Local\Temp\ccP7MbGN.s:1514   .text.CDC_Host_SendByte:00000000 CDC_Host_SendByte
C:\Users\david\AppData\Local\Temp\ccP7MbGN.s:1621   .text.CDC_Host_putchar:00000000 CDC_Host_putchar
C:\Users\david\AppData\Local\Temp\ccP7MbGN.s:1660   .text.CDC_Host_BytesReceived:00000000 CDC_Host_BytesReceived
C:\Users\david\AppData\Local\Temp\ccP7MbGN.s:1784   .text.CDC_Host_ReceiveByte:00000000 CDC_Host_ReceiveByte
C:\Users\david\AppData\Local\Temp\ccP7MbGN.s:1904   .text.CDC_Host_getchar:00000000 CDC_Host_getchar
C:\Users\david\AppData\Local\Temp\ccP7MbGN.s:1944   .text.CDC_Host_Flush:00000000 CDC_Host_Flush
C:\Users\david\AppData\Local\Temp\ccP7MbGN.s:2056   .text.CDC_Host_USBTask:00000000 CDC_Host_USBTask
C:\Users\david\AppData\Local\Temp\ccP7MbGN.s:2333   .text.CDC_Host_Event_Stub:00000000 EVENT_CDC_Host_ControLineStateChanged
C:\Users\david\AppData\Local\Temp\ccP7MbGN.s:2200   .text.CDC_Host_getchar_Blocking:00000000 CDC_Host_getchar_Blocking
C:\Users\david\AppData\Local\Temp\ccP7MbGN.s:2261   .text.CDC_Host_CreateStream:00000000 CDC_Host_CreateStream
C:\Users\david\AppData\Local\Temp\ccP7MbGN.s:2297   .text.CDC_Host_CreateBlockingStream:00000000 CDC_Host_CreateBlockingStream
C:\Users\david\AppData\Local\Temp\ccP7MbGN.s:2333   .text.CDC_Host_Event_Stub:00000000 CDC_Host_Event_Stub

UNDEFINED SYMBOLS
Pipe_IsEndpointBound
USB_GetNextDescriptorComp
Pipe_ConfigurePipe
USB_ControlRequest
USB_Host_SendControlRequest
USB_HostState
Pipe_Write_Stream_LE
Pipe_WaitUntilReady
Pipe_Read_Stream_LE
USB_USBTask
