   1               		.file	"PrinterClassHost.c"
   2               	__SREG__ = 0x3f
   3               	__SP_H__ = 0x3e
   4               	__SP_L__ = 0x3d
   5               	__CCP__ = 0x34
   6               	__tmp_reg__ = 0
   7               	__zero_reg__ = 1
  15               	.Ltext0:
  16               		.section	.text.DCOMP_PRNT_Host_NextPRNTInterface,"ax",@progbits
  18               	DCOMP_PRNT_Host_NextPRNTInterface:
  19               	.LFB130:
  20               	.LSM0:
  21               	.LVL0:
  22               	/* prologue: function */
  23               	/* frame size = 0 */
  24               	/* stack size = 0 */
  25               	.L__stack_usage = 0
  26 0000 FC01      		movw r30,r24
  27               	.LVL1:
  28               	.LSM1:
  29 0002 8181      		ldd r24,Z+1
  30               	.LVL2:
  31 0004 8430      		cpi r24,lo8(4)
  32 0006 01F0      		breq .L8
  33               	.L5:
  34               	.LBB86:
  35               	.LSM2:
  36 0008 82E0      		ldi r24,lo8(2)
  37 000a 0895      		ret
  38               	.L8:
  39               	.LVL3:
  40               	.LSM3:
  41 000c 8581      		ldd r24,Z+5
  42 000e 8730      		cpi r24,lo8(7)
  43 0010 01F4      		brne .L5
  44               	.LSM4:
  45 0012 8681      		ldd r24,Z+6
  46 0014 8130      		cpi r24,lo8(1)
  47 0016 01F4      		brne .L5
  48               	.LSM5:
  49 0018 8781      		ldd r24,Z+7
  50 001a 8230      		cpi r24,lo8(2)
  51 001c 01F4      		brne .L5
  52               	.LSM6:
  53 001e 80E0      		ldi r24,lo8(0)
  54               	.LBE86:
  55               	.LSM7:
  56 0020 0895      		ret
  57               	.LFE130:
  59               		.section	.text.DCOMP_PRNT_Host_NextPRNTInterfaceEndpoint,"ax",@progbits
  61               	DCOMP_PRNT_Host_NextPRNTInterfaceEndpoint:
  62               	.LFB131:
  63               	.LSM8:
  64               	.LVL4:
  65               	/* prologue: function */
  66               	/* frame size = 0 */
  67               	/* stack size = 0 */
  68               	.L__stack_usage = 0
  69 0000 FC01      		movw r30,r24
  70               	.LVL5:
  71               	.LSM9:
  72 0002 8181      		ldd r24,Z+1
  73               	.LVL6:
  74 0004 8530      		cpi r24,lo8(5)
  75 0006 01F0      		breq .L15
  76               	.LSM10:
  77 0008 8430      		cpi r24,lo8(4)
  78 000a 01F0      		breq .L13
  79               	.LVL7:
  80               	.L14:
  81               	.LSM11:
  82 000c 82E0      		ldi r24,lo8(2)
  83 000e 0895      		ret
  84               	.LVL8:
  85               	.L15:
  86               	.LBB87:
  87               	.LSM12:
  88 0010 8381      		ldd r24,Z+3
  89 0012 8370      		andi r24,lo8(3)
  90               	.LSM13:
  91 0014 8230      		cpi r24,lo8(2)
  92 0016 01F4      		brne .L14
  93               	.LSM14:
  94 0018 80E0      		ldi r24,lo8(0)
  95 001a 0895      		ret
  96               	.LVL9:
  97               	.L13:
  98               	.LBE87:
  99               	.LSM15:
 100 001c 81E0      		ldi r24,lo8(1)
 101               	.LSM16:
 102 001e 0895      		ret
 103               	.LFE131:
 105               		.section	.text.PRNT_Host_ConfigurePipes,"ax",@progbits
 106               	.global	PRNT_Host_ConfigurePipes
 108               	PRNT_Host_ConfigurePipes:
 109               	.LFB129:
 110               	.LSM17:
 111               	.LVL10:
 112 0000 6F92      		push r6
 113 0002 7F92      		push r7
 114 0004 8F92      		push r8
 115 0006 9F92      		push r9
 116 0008 AF92      		push r10
 117 000a BF92      		push r11
 118 000c CF92      		push r12
 119 000e DF92      		push r13
 120 0010 EF92      		push r14
 121 0012 FF92      		push r15
 122 0014 0F93      		push r16
 123 0016 1F93      		push r17
 124 0018 DF93      		push r29
 125 001a CF93      		push r28
 126 001c 00D0      		rcall .
 127 001e 00D0      		rcall .
 128 0020 CDB7      		in r28,__SP_L__
 129 0022 DEB7      		in r29,__SP_H__
 130               	/* prologue: function */
 131               	/* frame size = 4 */
 132               	/* stack size = 18 */
 133               	.L__stack_usage = 18
 134 0024 6C01      		movw r12,r24
 135 0026 7A83      		std Y+2,r23
 136 0028 6983      		std Y+1,r22
 137 002a 5C83      		std Y+4,r21
 138 002c 4B83      		std Y+3,r20
 139               	.LVL11:
 140               	.LSM18:
 141 002e 0496      		adiw r24,4
 142               	.LVL12:
 143 0030 FC01      		movw r30,r24
 144 0032 87E0      		ldi r24,lo8(7)
 145 0034 DF01      		movw r26,r30
 146 0036 1D92      		st X+,__zero_reg__
 147 0038 8A95      	        dec r24
 148 003a 01F4      		brne .-6
 149               	.LSM19:
 150 003c EB81      		ldd r30,Y+3
 151 003e FC81      		ldd r31,Y+4
 152 0040 8181      		ldd r24,Z+1
 153 0042 8230      		cpi r24,lo8(2)
 154 0044 01F0      		breq .L75
 155               	.LSM20:
 156 0046 81E0      		ldi r24,lo8(1)
 157               	.LVL13:
 158               	.L17:
 159               	/* epilogue start */
 160               	.LSM21:
 161 0048 0F90      		pop __tmp_reg__
 162 004a 0F90      		pop __tmp_reg__
 163 004c 0F90      		pop __tmp_reg__
 164 004e 0F90      		pop __tmp_reg__
 165 0050 CF91      		pop r28
 166 0052 DF91      		pop r29
 167 0054 1F91      		pop r17
 168 0056 0F91      		pop r16
 169 0058 FF90      		pop r15
 170 005a EF90      		pop r14
 171 005c DF90      		pop r13
 172 005e CF90      		pop r12
 173               	.LVL14:
 174 0060 BF90      		pop r11
 175 0062 AF90      		pop r10
 176 0064 9F90      		pop r9
 177 0066 8F90      		pop r8
 178 0068 7F90      		pop r7
 179 006a 6F90      		pop r6
 180 006c 0895      		ret
 181               	.LVL15:
 182               	.L75:
 183               	.LSM22:
 184 006e 8824      		clr r8
 185 0070 9924      		clr r9
 186 0072 AA24      		clr r10
 187 0074 BB24      		clr r11
 188 0076 6624      		clr r6
 189 0078 7724      		clr r7
 190 007a E3E0      		ldi r30,lo8(3)
 191 007c EE2E      		mov r14,r30
 192 007e F12C      		mov r15,__zero_reg__
 193 0080 EC0E      		add r14,r28
 194 0082 FD1E      		adc r15,r29
 195 0084 8E01      		movw r16,r28
 196 0086 0F5F      		subi r16,lo8(-(1))
 197 0088 1F4F      		sbci r17,hi8(-(1))
 198               	.LVL16:
 199               	.L69:
 200               	.LBB88:
 201               	.LSM23:
 202 008a 8114      		cp r8,__zero_reg__
 203 008c 9104      		cpc r9,__zero_reg__
 204 008e 01F0      		breq .L19
 205               	.LSM24:
 206 0090 C801      		movw r24,r16
 207 0092 B701      		movw r22,r14
 208               	.LVL17:
 209 0094 40E0      		ldi r20,lo8(gs(DCOMP_PRNT_Host_NextPRNTInterfaceEndpoint))
 210 0096 50E0      		ldi r21,hi8(gs(DCOMP_PRNT_Host_NextPRNTInterfaceEndpoint))
 211               	.LVL18:
 212 0098 0E94 0000 		call USB_GetNextDescriptorComp
 213               	.LSM25:
 214 009c 8823      		tst r24
 215 009e 01F0      		breq .L20
 216               	.L19:
 217               	.LSM26:
 218 00a0 C801      		movw r24,r16
 219 00a2 B701      		movw r22,r14
 220 00a4 40E0      		ldi r20,lo8(gs(DCOMP_PRNT_Host_NextPRNTInterface))
 221 00a6 50E0      		ldi r21,hi8(gs(DCOMP_PRNT_Host_NextPRNTInterface))
 222 00a8 0E94 0000 		call USB_GetNextDescriptorComp
 223 00ac 8823      		tst r24
 224 00ae 01F0      		breq .+2
 225 00b0 00C0      		rjmp .L53
 226               	.LSM27:
 227 00b2 8B80      		ldd r8,Y+3
 228 00b4 9C80      		ldd r9,Y+4
 229               	.LVL19:
 230               	.LSM28:
 231 00b6 AA24      		clr r10
 232 00b8 BB24      		clr r11
 233               	.LSM29:
 234 00ba 6624      		clr r6
 235 00bc 7724      		clr r7
 236               	.LSM30:
 237 00be 8114      		cp r8,__zero_reg__
 238 00c0 9104      		cpc r9,__zero_reg__
 239 00c2 01F0      		breq .L19
 240               	.LSM31:
 241 00c4 C801      		movw r24,r16
 242 00c6 B701      		movw r22,r14
 243 00c8 40E0      		ldi r20,lo8(gs(DCOMP_PRNT_Host_NextPRNTInterfaceEndpoint))
 244 00ca 50E0      		ldi r21,hi8(gs(DCOMP_PRNT_Host_NextPRNTInterfaceEndpoint))
 245 00cc 0E94 0000 		call USB_GetNextDescriptorComp
 246               	.LVL20:
 247               	.LSM32:
 248 00d0 8823      		tst r24
 249 00d2 01F4      		brne .L19
 250               	.LVL21:
 251               	.L20:
 252               	.LSM33:
 253 00d4 EB81      		ldd r30,Y+3
 254 00d6 FC81      		ldd r31,Y+4
 255               	.LVL22:
 256               	.LSM34:
 257 00d8 8281      		ldd r24,Z+2
 258 00da 87FD      		sbrc r24,7
 259 00dc 00C0      		rjmp .L76
 260               	.LSM35:
 261 00de 5F01      		movw r10,r30
 262               	.L22:
 263               	.LVL23:
 264               	.LBE88:
 265               	.LSM36:
 266 00e0 6114      		cp r6,__zero_reg__
 267 00e2 7104      		cpc r7,__zero_reg__
 268 00e4 01F0      		breq .L69
 269               	.LSM37:
 270 00e6 A114      		cp r10,__zero_reg__
 271 00e8 B104      		cpc r11,__zero_reg__
 272 00ea 01F0      		breq .L69
 273               	.LVL24:
 274               	.LBB89:
 275               	.LBB90:
 276               	.LSM38:
 277 00ec F601      		movw r30,r12
 278 00ee 8081      		ld r24,Z
 279 00f0 8130      		cpi r24,lo8(1)
 280 00f2 01F4      		brne .+2
 281 00f4 00C0      		rjmp .L77
 282               	.LSM39:
 283 00f6 F601      		movw r30,r12
 284 00f8 9281      		ldd r25,Z+2
 285 00fa 9130      		cpi r25,lo8(1)
 286 00fc 01F4      		brne .+2
 287 00fe 00C0      		rjmp .L78
 288               	.LVL25:
 289               	.L26:
 290               	.LSM40:
 291 0100 8230      		cpi r24,lo8(2)
 292 0102 01F4      		brne .+2
 293 0104 00C0      		rjmp .L79
 294               	.LSM41:
 295 0106 D601      		movw r26,r12
 296 0108 1296      		adiw r26,2
 297 010a 9C91      		ld r25,X
 298 010c 1297      		sbiw r26,2
 299 010e 9230      		cpi r25,lo8(2)
 300 0110 01F4      		brne .+2
 301 0112 00C0      		rjmp .L80
 302               	.L31:
 303               	.LVL26:
 304               	.LSM42:
 305 0114 8330      		cpi r24,lo8(3)
 306 0116 01F4      		brne .+2
 307 0118 00C0      		rjmp .L81
 308               	.LSM43:
 309 011a F601      		movw r30,r12
 310 011c 9281      		ldd r25,Z+2
 311 011e 9330      		cpi r25,lo8(3)
 312 0120 01F4      		brne .+2
 313 0122 00C0      		rjmp .L82
 314               	.L36:
 315               	.LVL27:
 316               	.LSM44:
 317 0124 8430      		cpi r24,lo8(4)
 318 0126 01F4      		brne .+2
 319 0128 00C0      		rjmp .L83
 320               	.LSM45:
 321 012a D601      		movw r26,r12
 322 012c 1296      		adiw r26,2
 323 012e 9C91      		ld r25,X
 324 0130 1297      		sbiw r26,2
 325 0132 9430      		cpi r25,lo8(4)
 326 0134 01F4      		brne .+2
 327 0136 00C0      		rjmp .L84
 328               	.L41:
 329               	.LVL28:
 330               	.LSM46:
 331 0138 8530      		cpi r24,lo8(5)
 332 013a 01F4      		brne .+2
 333 013c 00C0      		rjmp .L85
 334               	.LSM47:
 335 013e F601      		movw r30,r12
 336 0140 9281      		ldd r25,Z+2
 337 0142 9530      		cpi r25,lo8(5)
 338 0144 01F4      		brne .+2
 339 0146 00C0      		rjmp .L86
 340               	.L46:
 341               	.LVL29:
 342               	.LSM48:
 343 0148 8630      		cpi r24,lo8(6)
 344 014a 01F4      		brne .+2
 345 014c 00C0      		rjmp .L87
 346               	.LSM49:
 347 014e F601      		movw r30,r12
 348 0150 8281      		ldd r24,Z+2
 349 0152 8630      		cpi r24,lo8(6)
 350 0154 01F4      		brne .+2
 351 0156 00C0      		rjmp .L88
 352               	.L50:
 353               	.LVL30:
 354               	.LBE90:
 355               	.LBE89:
 356               	.LSM50:
 357 0158 F401      		movw r30,r8
 358 015a 8281      		ldd r24,Z+2
 359 015c D601      		movw r26,r12
 360 015e 1596      		adiw r26,5
 361 0160 8C93      		st X,r24
 362 0162 1597      		sbiw r26,5
 363               	.LSM51:
 364 0164 8381      		ldd r24,Z+3
 365 0166 1696      		adiw r26,6
 366 0168 8C93      		st X,r24
 367 016a 1697      		sbiw r26,6
 368               	.LSM52:
 369 016c 81E0      		ldi r24,lo8(1)
 370 016e 1496      		adiw r26,4
 371 0170 8C93      		st X,r24
 372 0172 1497      		sbiw r26,4
 373               	.LSM53:
 374 0174 80E0      		ldi r24,lo8(0)
 375 0176 00C0      		rjmp .L17
 376               	.LVL31:
 377               	.L53:
 378               	.LBB92:
 379               	.LSM54:
 380 0178 82E0      		ldi r24,lo8(2)
 381 017a 00C0      		rjmp .L17
 382               	.LVL32:
 383               	.L76:
 384               	.LSM55:
 385 017c 3F01      		movw r6,r30
 386 017e 00C0      		rjmp .L22
 387               	.LVL33:
 388               	.L77:
 389               	.LBE92:
 390               	.LBB93:
 391               	.LBB91:
 392               	.LSM56:
 393 0180 F301      		movw r30,r6
 394 0182 0481      		ldd r16,Z+4
 395 0184 1581      		ldd r17,Z+5
 396               	.LVL34:
 397               	.LSM57:
 398 0186 2281      		ldd r18,Z+2
 399               	.LVL35:
 400               	.LSM58:
 401 0188 D601      		movw r26,r12
 402 018a 1196      		adiw r26,1
 403 018c 8C91      		ld r24,X
 404 018e 1197      		sbiw r26,1
 405               	.LVL36:
 406               	.LSM59:
 407 0190 1896      		adiw r26,7+1
 408 0192 1C93      		st X,r17
 409 0194 0E93      		st -X,r16
 410 0196 1797      		sbiw r26,7
 411               	.LSM60:
 412 0198 40E1      		ldi r20,lo8(16)
 413               	.LVL37:
 414               	.L27:
 415               	.LSM61:
 416 019a 8823      		tst r24
 417 019c 01F4      		brne .+2
 418 019e 00C0      		rjmp .L55
 419 01a0 74E0      		ldi r23,lo8(4)
 420 01a2 E72E      		mov r14,r23
 421               	.L25:
 422 01a4 81E0      		ldi r24,lo8(1)
 423               	.LVL38:
 424 01a6 62E0      		ldi r22,lo8(2)
 425 01a8 0E94 0000 		call Pipe_ConfigurePipe
 426               	.LVL39:
 427 01ac 8823      		tst r24
 428 01ae 01F4      		brne .+2
 429 01b0 00C0      		rjmp .L66
 430 01b2 D601      		movw r26,r12
 431 01b4 8C91      		ld r24,X
 432 01b6 00C0      		rjmp .L26
 433               	.LVL40:
 434               	.L79:
 435               	.LSM62:
 436 01b8 D301      		movw r26,r6
 437 01ba 1496      		adiw r26,4
 438 01bc 0D91      		ld r16,X+
 439 01be 1C91      		ld r17,X
 440 01c0 1597      		sbiw r26,4+1
 441               	.LVL41:
 442               	.LSM63:
 443 01c2 1296      		adiw r26,2
 444 01c4 2C91      		ld r18,X
 445 01c6 1297      		sbiw r26,2
 446               	.LVL42:
 447               	.LSM64:
 448 01c8 F601      		movw r30,r12
 449 01ca 8181      		ldd r24,Z+1
 450               	.LVL43:
 451               	.LSM65:
 452 01cc 1087      		std Z+8,r17
 453 01ce 0783      		std Z+7,r16
 454               	.LSM66:
 455 01d0 40E1      		ldi r20,lo8(16)
 456               	.LVL44:
 457               	.L32:
 458               	.LSM67:
 459 01d2 8823      		tst r24
 460 01d4 01F4      		brne .+2
 461 01d6 00C0      		rjmp .L57
 462 01d8 64E0      		ldi r22,lo8(4)
 463 01da E62E      		mov r14,r22
 464               	.L30:
 465 01dc 82E0      		ldi r24,lo8(2)
 466               	.LVL45:
 467 01de 62E0      		ldi r22,lo8(2)
 468 01e0 0E94 0000 		call Pipe_ConfigurePipe
 469               	.LVL46:
 470 01e4 8823      		tst r24
 471 01e6 01F4      		brne .+2
 472 01e8 00C0      		rjmp .L66
 473 01ea F601      		movw r30,r12
 474 01ec 8081      		ld r24,Z
 475 01ee 00C0      		rjmp .L31
 476               	.LVL47:
 477               	.L81:
 478               	.LSM68:
 479 01f0 F301      		movw r30,r6
 480 01f2 0481      		ldd r16,Z+4
 481 01f4 1581      		ldd r17,Z+5
 482               	.LVL48:
 483               	.LSM69:
 484 01f6 2281      		ldd r18,Z+2
 485               	.LVL49:
 486               	.LSM70:
 487 01f8 D601      		movw r26,r12
 488 01fa 1196      		adiw r26,1
 489 01fc 8C91      		ld r24,X
 490 01fe 1197      		sbiw r26,1
 491               	.LVL50:
 492               	.LSM71:
 493 0200 1896      		adiw r26,7+1
 494 0202 1C93      		st X,r17
 495 0204 0E93      		st -X,r16
 496 0206 1797      		sbiw r26,7
 497               	.LSM72:
 498 0208 40E1      		ldi r20,lo8(16)
 499               	.LVL51:
 500               	.L37:
 501               	.LSM73:
 502 020a 8823      		tst r24
 503 020c 01F4      		brne .+2
 504 020e 00C0      		rjmp .L59
 505 0210 54E0      		ldi r21,lo8(4)
 506 0212 E52E      		mov r14,r21
 507               	.L35:
 508 0214 83E0      		ldi r24,lo8(3)
 509               	.LVL52:
 510 0216 62E0      		ldi r22,lo8(2)
 511 0218 0E94 0000 		call Pipe_ConfigurePipe
 512               	.LVL53:
 513 021c 8823      		tst r24
 514 021e 01F4      		brne .+2
 515 0220 00C0      		rjmp .L66
 516 0222 D601      		movw r26,r12
 517 0224 8C91      		ld r24,X
 518 0226 00C0      		rjmp .L36
 519               	.LVL54:
 520               	.L83:
 521               	.LSM74:
 522 0228 D301      		movw r26,r6
 523 022a 1496      		adiw r26,4
 524 022c 0D91      		ld r16,X+
 525 022e 1C91      		ld r17,X
 526 0230 1597      		sbiw r26,4+1
 527               	.LVL55:
 528               	.LSM75:
 529 0232 1296      		adiw r26,2
 530 0234 2C91      		ld r18,X
 531 0236 1297      		sbiw r26,2
 532               	.LVL56:
 533               	.LSM76:
 534 0238 F601      		movw r30,r12
 535 023a 8181      		ldd r24,Z+1
 536               	.LVL57:
 537               	.LSM77:
 538 023c 1087      		std Z+8,r17
 539 023e 0783      		std Z+7,r16
 540               	.LSM78:
 541 0240 40E1      		ldi r20,lo8(16)
 542               	.LVL58:
 543               	.L42:
 544               	.LSM79:
 545 0242 8823      		tst r24
 546 0244 01F4      		brne .+2
 547 0246 00C0      		rjmp .L61
 548 0248 34E0      		ldi r19,lo8(4)
 549 024a E32E      		mov r14,r19
 550               	.L40:
 551 024c 84E0      		ldi r24,lo8(4)
 552               	.LVL59:
 553 024e 62E0      		ldi r22,lo8(2)
 554 0250 0E94 0000 		call Pipe_ConfigurePipe
 555               	.LVL60:
 556 0254 8823      		tst r24
 557 0256 01F0      		breq .L66
 558 0258 F601      		movw r30,r12
 559 025a 8081      		ld r24,Z
 560 025c 00C0      		rjmp .L41
 561               	.LVL61:
 562               	.L85:
 563               	.LSM80:
 564 025e F301      		movw r30,r6
 565 0260 0481      		ldd r16,Z+4
 566 0262 1581      		ldd r17,Z+5
 567               	.LVL62:
 568               	.LSM81:
 569 0264 2281      		ldd r18,Z+2
 570               	.LVL63:
 571               	.LSM82:
 572 0266 D601      		movw r26,r12
 573 0268 1196      		adiw r26,1
 574 026a 8C91      		ld r24,X
 575 026c 1197      		sbiw r26,1
 576               	.LVL64:
 577               	.LSM83:
 578 026e 1896      		adiw r26,7+1
 579 0270 1C93      		st X,r17
 580 0272 0E93      		st -X,r16
 581 0274 1797      		sbiw r26,7
 582               	.LSM84:
 583 0276 40E1      		ldi r20,lo8(16)
 584               	.LVL65:
 585               	.L47:
 586               	.LSM85:
 587 0278 8823      		tst r24
 588 027a 01F0      		breq .L63
 589 027c 94E0      		ldi r25,lo8(4)
 590 027e E92E      		mov r14,r25
 591               	.L45:
 592 0280 85E0      		ldi r24,lo8(5)
 593               	.LVL66:
 594 0282 62E0      		ldi r22,lo8(2)
 595 0284 0E94 0000 		call Pipe_ConfigurePipe
 596               	.LVL67:
 597 0288 8823      		tst r24
 598 028a 01F0      		breq .L66
 599 028c D601      		movw r26,r12
 600 028e 8C91      		ld r24,X
 601 0290 00C0      		rjmp .L46
 602               	.LVL68:
 603               	.L87:
 604               	.LSM86:
 605 0292 F301      		movw r30,r6
 606 0294 0481      		ldd r16,Z+4
 607 0296 1581      		ldd r17,Z+5
 608               	.LVL69:
 609               	.LSM87:
 610 0298 2281      		ldd r18,Z+2
 611               	.LVL70:
 612               	.LSM88:
 613 029a D601      		movw r26,r12
 614 029c 1196      		adiw r26,1
 615 029e 8C91      		ld r24,X
 616 02a0 1197      		sbiw r26,1
 617               	.LVL71:
 618               	.LSM89:
 619 02a2 1896      		adiw r26,7+1
 620 02a4 1C93      		st X,r17
 621 02a6 0E93      		st -X,r16
 622 02a8 1797      		sbiw r26,7
 623               	.LSM90:
 624 02aa 40E1      		ldi r20,lo8(16)
 625               	.LVL72:
 626               	.L49:
 627               	.LSM91:
 628 02ac 8823      		tst r24
 629 02ae 01F0      		breq .L65
 630 02b0 84E0      		ldi r24,lo8(4)
 631 02b2 E82E      		mov r14,r24
 632               	.LVL73:
 633               	.L51:
 634               	.LSM92:
 635 02b4 86E0      		ldi r24,lo8(6)
 636 02b6 62E0      		ldi r22,lo8(2)
 637 02b8 0E94 0000 		call Pipe_ConfigurePipe
 638               	.LVL74:
 639 02bc 8823      		tst r24
 640 02be 01F0      		breq .+2
 641 02c0 00C0      		rjmp .L50
 642               	.LVL75:
 643               	.L66:
 644               	.LSM93:
 645 02c2 83E0      		ldi r24,lo8(3)
 646 02c4 00C0      		rjmp .L17
 647               	.LVL76:
 648               	.L55:
 649               	.LSM94:
 650 02c6 EE24      		clr r14
 651 02c8 00C0      		rjmp .L25
 652               	.LVL77:
 653               	.L57:
 654 02ca EE24      		clr r14
 655 02cc 00C0      		rjmp .L30
 656               	.LVL78:
 657               	.L59:
 658 02ce EE24      		clr r14
 659 02d0 00C0      		rjmp .L35
 660               	.LVL79:
 661               	.L61:
 662 02d2 EE24      		clr r14
 663 02d4 00C0      		rjmp .L40
 664               	.LVL80:
 665               	.L63:
 666 02d6 EE24      		clr r14
 667 02d8 00C0      		rjmp .L45
 668               	.LVL81:
 669               	.L65:
 670 02da EE24      		clr r14
 671 02dc 00C0      		rjmp .L51
 672               	.LVL82:
 673               	.L78:
 674               	.LSM95:
 675 02de D501      		movw r26,r10
 676 02e0 1496      		adiw r26,4
 677 02e2 0D91      		ld r16,X+
 678 02e4 1C91      		ld r17,X
 679 02e6 1597      		sbiw r26,4+1
 680               	.LVL83:
 681               	.LSM96:
 682 02e8 1296      		adiw r26,2
 683 02ea 2C91      		ld r18,X
 684 02ec 1297      		sbiw r26,2
 685               	.LVL84:
 686               	.LSM97:
 687 02ee 8381      		ldd r24,Z+3
 688               	.LVL85:
 689               	.LSM98:
 690 02f0 1287      		std Z+10,r17
 691 02f2 0187      		std Z+9,r16
 692               	.LSM99:
 693 02f4 40E2      		ldi r20,lo8(32)
 694 02f6 00C0      		rjmp .L27
 695               	.LVL86:
 696               	.L80:
 697               	.LSM100:
 698 02f8 F501      		movw r30,r10
 699 02fa 0481      		ldd r16,Z+4
 700 02fc 1581      		ldd r17,Z+5
 701               	.LVL87:
 702               	.LSM101:
 703 02fe 2281      		ldd r18,Z+2
 704               	.LVL88:
 705               	.LSM102:
 706 0300 1396      		adiw r26,3
 707 0302 8C91      		ld r24,X
 708 0304 1397      		sbiw r26,3
 709               	.LVL89:
 710               	.LSM103:
 711 0306 1A96      		adiw r26,9+1
 712 0308 1C93      		st X,r17
 713 030a 0E93      		st -X,r16
 714 030c 1997      		sbiw r26,9
 715               	.LSM104:
 716 030e 40E2      		ldi r20,lo8(32)
 717 0310 00C0      		rjmp .L32
 718               	.LVL90:
 719               	.L82:
 720               	.LSM105:
 721 0312 D501      		movw r26,r10
 722 0314 1496      		adiw r26,4
 723 0316 0D91      		ld r16,X+
 724 0318 1C91      		ld r17,X
 725 031a 1597      		sbiw r26,4+1
 726               	.LVL91:
 727               	.LSM106:
 728 031c 1296      		adiw r26,2
 729 031e 2C91      		ld r18,X
 730 0320 1297      		sbiw r26,2
 731               	.LVL92:
 732               	.LSM107:
 733 0322 8381      		ldd r24,Z+3
 734               	.LVL93:
 735               	.LSM108:
 736 0324 1287      		std Z+10,r17
 737 0326 0187      		std Z+9,r16
 738               	.LSM109:
 739 0328 40E2      		ldi r20,lo8(32)
 740 032a 00C0      		rjmp .L37
 741               	.LVL94:
 742               	.L84:
 743               	.LSM110:
 744 032c F501      		movw r30,r10
 745 032e 0481      		ldd r16,Z+4
 746 0330 1581      		ldd r17,Z+5
 747               	.LVL95:
 748               	.LSM111:
 749 0332 2281      		ldd r18,Z+2
 750               	.LVL96:
 751               	.LSM112:
 752 0334 1396      		adiw r26,3
 753 0336 8C91      		ld r24,X
 754 0338 1397      		sbiw r26,3
 755               	.LVL97:
 756               	.LSM113:
 757 033a 1A96      		adiw r26,9+1
 758 033c 1C93      		st X,r17
 759 033e 0E93      		st -X,r16
 760 0340 1997      		sbiw r26,9
 761               	.LSM114:
 762 0342 40E2      		ldi r20,lo8(32)
 763 0344 00C0      		rjmp .L42
 764               	.LVL98:
 765               	.L86:
 766               	.LSM115:
 767 0346 D501      		movw r26,r10
 768 0348 1496      		adiw r26,4
 769 034a 0D91      		ld r16,X+
 770 034c 1C91      		ld r17,X
 771 034e 1597      		sbiw r26,4+1
 772               	.LVL99:
 773               	.LSM116:
 774 0350 1296      		adiw r26,2
 775 0352 2C91      		ld r18,X
 776 0354 1297      		sbiw r26,2
 777               	.LVL100:
 778               	.LSM117:
 779 0356 8381      		ldd r24,Z+3
 780               	.LVL101:
 781               	.LSM118:
 782 0358 1287      		std Z+10,r17
 783 035a 0187      		std Z+9,r16
 784               	.LSM119:
 785 035c 40E2      		ldi r20,lo8(32)
 786 035e 00C0      		rjmp .L47
 787               	.LVL102:
 788               	.L88:
 789               	.LSM120:
 790 0360 D501      		movw r26,r10
 791 0362 1496      		adiw r26,4
 792 0364 0D91      		ld r16,X+
 793 0366 1C91      		ld r17,X
 794 0368 1597      		sbiw r26,4+1
 795               	.LVL103:
 796               	.LSM121:
 797 036a 1296      		adiw r26,2
 798 036c 2C91      		ld r18,X
 799 036e 1297      		sbiw r26,2
 800               	.LVL104:
 801               	.LSM122:
 802 0370 8381      		ldd r24,Z+3
 803               	.LVL105:
 804               	.LSM123:
 805 0372 1287      		std Z+10,r17
 806 0374 0187      		std Z+9,r16
 807               	.LSM124:
 808 0376 40E2      		ldi r20,lo8(32)
 809 0378 00C0      		rjmp .L49
 810               	.LBE91:
 811               	.LBE93:
 812               	.LFE129:
 814               		.section	.text.PRNT_Host_SetBidirectionalMode,"ax",@progbits
 815               	.global	PRNT_Host_SetBidirectionalMode
 817               	PRNT_Host_SetBidirectionalMode:
 818               	.LFB133:
 819               	.LSM125:
 820               	.LVL106:
 821               	/* prologue: function */
 822               	/* frame size = 0 */
 823               	/* stack size = 0 */
 824               	.L__stack_usage = 0
 825 0000 FC01      		movw r30,r24
 826               	.LSM126:
 827 0002 6681      		ldd r22,Z+6
 828 0004 6623      		tst r22
 829 0006 01F4      		brne .L92
 830               	.LSM127:
 831 0008 80E0      		ldi r24,lo8(0)
 832               	.LVL107:
 833               	.LSM128:
 834 000a 0895      		ret
 835               	.L92:
 836               	.LBB94:
 837               	.LSM129:
 838 000c 8581      		ldd r24,Z+5
 839 000e 0E94 0000 		call USB_Host_SetInterfaceAltSetting
 840               	.LVL108:
 841 0012 0895      		ret
 842               	.LBE94:
 843               	.LFE133:
 845               		.section	.text.PRNT_Host_GetPortStatus,"ax",@progbits
 846               	.global	PRNT_Host_GetPortStatus
 848               	PRNT_Host_GetPortStatus:
 849               	.LFB134:
 850               	.LSM130:
 851               	.LVL109:
 852               	/* prologue: function */
 853               	/* frame size = 0 */
 854               	/* stack size = 0 */
 855               	.L__stack_usage = 0
 856               	.LSM131:
 857 0000 FC01      		movw r30,r24
 858 0002 8581      		ldd r24,Z+5
 859               	.LVL110:
 860 0004 91EA      		ldi r25,lo8(-95)
 861 0006 9093 0000 		sts USB_ControlRequest,r25
 862 000a 91E0      		ldi r25,lo8(1)
 863 000c 9093 0000 		sts USB_ControlRequest+1,r25
 864 0010 1092 0000 		sts USB_ControlRequest+2+1,__zero_reg__
 865 0014 1092 0000 		sts USB_ControlRequest+2,__zero_reg__
 866 0018 8093 0000 		sts USB_ControlRequest+4,r24
 867 001c 1092 0000 		sts USB_ControlRequest+5,__zero_reg__
 868 0020 81E0      		ldi r24,lo8(1)
 869 0022 90E0      		ldi r25,hi8(1)
 870 0024 9093 0000 		sts USB_ControlRequest+6+1,r25
 871 0028 8093 0000 		sts USB_ControlRequest+6,r24
 872               	.LVL111:
 873               	.LBB95:
 874               	.LBB96:
 875               	.LSM132:
 876 002c 1092 A700 		sts 167,__zero_reg__
 877               	.LBE96:
 878               	.LBE95:
 879               	.LSM133:
 880 0030 CB01      		movw r24,r22
 881 0032 0E94 0000 		call USB_Host_SendControlRequest
 882               	.LVL112:
 883               	/* epilogue start */
 884               	.LSM134:
 885 0036 0895      		ret
 886               	.LFE134:
 888               		.section	.text.PRNT_Host_SoftReset,"ax",@progbits
 889               	.global	PRNT_Host_SoftReset
 891               	PRNT_Host_SoftReset:
 892               	.LFB135:
 893               	.LSM135:
 894               	.LVL113:
 895               	/* prologue: function */
 896               	/* frame size = 0 */
 897               	/* stack size = 0 */
 898               	.L__stack_usage = 0
 899               	.LSM136:
 900 0000 FC01      		movw r30,r24
 901 0002 8581      		ldd r24,Z+5
 902               	.LVL114:
 903 0004 91E2      		ldi r25,lo8(33)
 904 0006 9093 0000 		sts USB_ControlRequest,r25
 905 000a 92E0      		ldi r25,lo8(2)
 906 000c 9093 0000 		sts USB_ControlRequest+1,r25
 907 0010 1092 0000 		sts USB_ControlRequest+2+1,__zero_reg__
 908 0014 1092 0000 		sts USB_ControlRequest+2,__zero_reg__
 909 0018 8093 0000 		sts USB_ControlRequest+4,r24
 910 001c 1092 0000 		sts USB_ControlRequest+5,__zero_reg__
 911 0020 1092 0000 		sts USB_ControlRequest+6+1,__zero_reg__
 912 0024 1092 0000 		sts USB_ControlRequest+6,__zero_reg__
 913               	.LVL115:
 914               	.LBB97:
 915               	.LBB98:
 916               	.LSM137:
 917 0028 1092 A700 		sts 167,__zero_reg__
 918               	.LBE98:
 919               	.LBE97:
 920               	.LSM138:
 921 002c 80E0      		ldi r24,lo8(0)
 922 002e 90E0      		ldi r25,hi8(0)
 923 0030 0E94 0000 		call USB_Host_SendControlRequest
 924               	.LVL116:
 925               	/* epilogue start */
 926               	.LSM139:
 927 0034 0895      		ret
 928               	.LFE135:
 930               		.section	.text.PRNT_Host_Flush,"ax",@progbits
 931               	.global	PRNT_Host_Flush
 933               	PRNT_Host_Flush:
 934               	.LFB136:
 935               	.LSM140:
 936               	.LVL117:
 937               	/* prologue: function */
 938               	/* frame size = 0 */
 939               	/* stack size = 0 */
 940               	.L__stack_usage = 0
 941               	.LSM141:
 942 0000 2091 0000 		lds r18,USB_HostState
 943 0004 2B30      		cpi r18,lo8(11)
 944 0006 01F0      		breq .L101
 945               	.L99:
 946               	.LSM142:
 947 0008 82E0      		ldi r24,lo8(2)
 948               	.LVL118:
 949 000a 0895      		ret
 950               	.LVL119:
 951               	.L101:
 952               	.LSM143:
 953 000c FC01      		movw r30,r24
 954 000e 2481      		ldd r18,Z+4
 955 0010 2223      		tst r18
 956 0012 01F0      		breq .L99
 957               	.LSM144:
 958 0014 8281      		ldd r24,Z+2
 959               	.LVL120:
 960               	.LBB99:
 961               	.LBB100:
 962               	.LSM145:
 963 0016 8093 A700 		sts 167,r24
 964               	.LBE100:
 965               	.LBE99:
 966               	.LBB101:
 967               	.LBB102:
 968               	.LSM146:
 969 001a 8091 A900 		lds r24,169
 970 001e 8F7B      		andi r24,lo8(-65)
 971 0020 8093 A900 		sts 169,r24
 972               	.LBE102:
 973               	.LBE101:
 974               	.LBB103:
 975               	.LBB104:
 976               	.LSM147:
 977 0024 8091 F600 		lds r24,246
 978 0028 9091 F700 		lds r25,246+1
 979               	.LBE104:
 980               	.LBE103:
 981               	.LSM148:
 982 002c 0097      		sbiw r24,0
 983 002e 01F0      		breq .L100
 984               	.LBB105:
 985               	.LBB106:
 986               	.LSM149:
 987 0030 9091 A600 		lds r25,166
 988               	.LVL121:
 989               	.LBE106:
 990               	.LBE105:
 991               	.LBB107:
 992               	.LBB108:
 993               	.LSM150:
 994 0034 8091 A600 		lds r24,166
 995 0038 8B77      		andi r24,lo8(123)
 996 003a 8093 A600 		sts 166,r24
 997               	.LBE108:
 998               	.LBE107:
 999               	.LSM151:
 1000 003e 95FF      		sbrs r25,5
 1001 0040 00C0      		rjmp .L102
 1002               	.LVL122:
 1003               	.L97:
 1004               	.LBB109:
 1005               	.LBB110:
 1006               	.LSM152:
 1007 0042 8091 A900 		lds r24,169
 1008 0046 8064      		ori r24,lo8(64)
 1009 0048 8093 A900 		sts 169,r24
 1010               	.LBE110:
 1011               	.LBE109:
 1012               	.LSM153:
 1013 004c 80E0      		ldi r24,lo8(0)
 1014 004e 0895      		ret
 1015               	.LVL123:
 1016               	.L100:
 1017               	.LSM154:
 1018 0050 80E0      		ldi r24,lo8(0)
 1019               	.LVL124:
 1020               	.L96:
 1021               	.LSM155:
 1022 0052 0895      		ret
 1023               	.LVL125:
 1024               	.L102:
 1025               	.LSM156:
 1026 0054 0E94 0000 		call Pipe_WaitUntilReady
 1027               	.LVL126:
 1028 0058 8823      		tst r24
 1029 005a 01F4      		brne .L96
 1030               	.LBB111:
 1031               	.LBB112:
 1032               	.LSM157:
 1033 005c 8091 A600 		lds r24,166
 1034               	.LVL127:
 1035 0060 8B77      		andi r24,lo8(123)
 1036 0062 8093 A600 		sts 166,r24
 1037 0066 00C0      		rjmp .L97
 1038               	.LBE112:
 1039               	.LBE111:
 1040               	.LFE136:
 1042               		.section	.text.PRNT_Host_USBTask,"ax",@progbits
 1043               	.global	PRNT_Host_USBTask
 1045               	PRNT_Host_USBTask:
 1046               	.LFB132:
 1047               	.LSM158:
 1048               	.LVL128:
 1049               	/* prologue: function */
 1050               	/* frame size = 0 */
 1051               	/* stack size = 0 */
 1052               	.L__stack_usage = 0
 1053               	.LSM159:
 1054 0000 2091 0000 		lds r18,USB_HostState
 1055 0004 2B30      		cpi r18,lo8(11)
 1056 0006 01F0      		breq .L105
 1057               	.L103:
 1058 0008 0895      		ret
 1059               	.L105:
 1060               	.LSM160:
 1061 000a FC01      		movw r30,r24
 1062 000c 2481      		ldd r18,Z+4
 1063 000e 2223      		tst r18
 1064 0010 01F0      		breq .L103
 1065               	.LSM161:
 1066 0012 0E94 0000 		call PRNT_Host_Flush
 1067               	.LVL129:
 1068 0016 0895      		ret
 1069               	.LFE132:
 1071               		.section	.text.PRNT_Host_SendByte,"ax",@progbits
 1072               	.global	PRNT_Host_SendByte
 1074               	PRNT_Host_SendByte:
 1075               	.LFB137:
 1076               	.LSM162:
 1077               	.LVL130:
 1078 0000 DF93      		push r29
 1079 0002 CF93      		push r28
 1080 0004 0F92      		push __tmp_reg__
 1081 0006 CDB7      		in r28,__SP_L__
 1082 0008 DEB7      		in r29,__SP_H__
 1083               	/* prologue: function */
 1084               	/* frame size = 1 */
 1085               	/* stack size = 3 */
 1086               	.L__stack_usage = 3
 1087               	.LSM163:
 1088 000a 2091 0000 		lds r18,USB_HostState
 1089 000e 2B30      		cpi r18,lo8(11)
 1090 0010 01F0      		breq .L111
 1091               	.L110:
 1092               	.LSM164:
 1093 0012 82E0      		ldi r24,lo8(2)
 1094               	.LVL131:
 1095               	.L107:
 1096               	/* epilogue start */
 1097               	.LSM165:
 1098 0014 0F90      		pop __tmp_reg__
 1099 0016 CF91      		pop r28
 1100 0018 DF91      		pop r29
 1101 001a 0895      		ret
 1102               	.LVL132:
 1103               	.L111:
 1104               	.LSM166:
 1105 001c FC01      		movw r30,r24
 1106 001e 2481      		ldd r18,Z+4
 1107 0020 2223      		tst r18
 1108 0022 01F0      		breq .L110
 1109               	.LSM167:
 1110 0024 8281      		ldd r24,Z+2
 1111               	.LVL133:
 1112               	.LBB113:
 1113               	.LBB114:
 1114               	.LSM168:
 1115 0026 8093 A700 		sts 167,r24
 1116               	.LBE114:
 1117               	.LBE113:
 1118               	.LBB115:
 1119               	.LBB116:
 1120               	.LSM169:
 1121 002a 8091 A900 		lds r24,169
 1122 002e 8F7B      		andi r24,lo8(-65)
 1123 0030 8093 A900 		sts 169,r24
 1124               	.LBE116:
 1125               	.LBE115:
 1126               	.LBB117:
 1127               	.LBB118:
 1128               	.LSM170:
 1129 0034 8091 A600 		lds r24,166
 1130               	.LBE118:
 1131               	.LBE117:
 1132               	.LSM171:
 1133 0038 85FF      		sbrs r24,5
 1134 003a 00C0      		rjmp .L112
 1135               	.LVL134:
 1136               	.L108:
 1137               	.LBB119:
 1138               	.LBB120:
 1139               	.LSM172:
 1140 003c 6093 AF00 		sts 175,r22
 1141               	.LBE120:
 1142               	.LBE119:
 1143               	.LBB121:
 1144               	.LBB122:
 1145               	.LSM173:
 1146 0040 8091 A900 		lds r24,169
 1147 0044 8064      		ori r24,lo8(64)
 1148 0046 8093 A900 		sts 169,r24
 1149               	.LBE122:
 1150               	.LBE121:
 1151               	.LSM174:
 1152 004a 80E0      		ldi r24,lo8(0)
 1153               	/* epilogue start */
 1154               	.LSM175:
 1155 004c 0F90      		pop __tmp_reg__
 1156 004e CF91      		pop r28
 1157 0050 DF91      		pop r29
 1158 0052 0895      		ret
 1159               	.LVL135:
 1160               	.L112:
 1161               	.LBB123:
 1162               	.LBB124:
 1163               	.LSM176:
 1164 0054 8091 A600 		lds r24,166
 1165 0058 8B77      		andi r24,lo8(123)
 1166 005a 8093 A600 		sts 166,r24
 1167               	.LBE124:
 1168               	.LBE123:
 1169               	.LSM177:
 1170 005e 6983      		std Y+1,r22
 1171 0060 0E94 0000 		call Pipe_WaitUntilReady
 1172               	.LVL136:
 1173 0064 6981      		ldd r22,Y+1
 1174 0066 8823      		tst r24
 1175 0068 01F0      		breq .L108
 1176 006a 00C0      		rjmp .L107
 1177               	.LFE137:
 1179               		.section	.text.PRNT_Host_SendString,"ax",@progbits
 1180               	.global	PRNT_Host_SendString
 1182               	PRNT_Host_SendString:
 1183               	.LFB138:
 1184               	.LSM178:
 1185               	.LVL137:
 1186               	/* prologue: function */
 1187               	/* frame size = 0 */
 1188               	/* stack size = 0 */
 1189               	.L__stack_usage = 0
 1190               	.LSM179:
 1191 0000 2091 0000 		lds r18,USB_HostState
 1192 0004 2B30      		cpi r18,lo8(11)
 1193 0006 01F0      		breq .L117
 1194               	.LSM180:
 1195 0008 82E0      		ldi r24,lo8(2)
 1196               	.LVL138:
 1197 000a 0895      		ret
 1198               	.LVL139:
 1199               	.L117:
 1200               	.LSM181:
 1201 000c FC01      		movw r30,r24
 1202 000e 2481      		ldd r18,Z+4
 1203 0010 2223      		tst r18
 1204 0012 01F4      		brne .L118
 1205               	.LSM182:
 1206 0014 82E0      		ldi r24,lo8(2)
 1207               	.LVL140:
 1208               	.L114:
 1209               	.LSM183:
 1210 0016 0895      		ret
 1211               	.LVL141:
 1212               	.L118:
 1213               	.LSM184:
 1214 0018 8281      		ldd r24,Z+2
 1215               	.LVL142:
 1216               	.LBB125:
 1217               	.LBB126:
 1218               	.LSM185:
 1219 001a 8093 A700 		sts 167,r24
 1220               	.LBE126:
 1221               	.LBE125:
 1222               	.LBB127:
 1223               	.LBB128:
 1224               	.LSM186:
 1225 001e 8091 A900 		lds r24,169
 1226 0022 8F7B      		andi r24,lo8(-65)
 1227 0024 8093 A900 		sts 169,r24
 1228               	.LBE128:
 1229               	.LBE127:
 1230               	.LSM187:
 1231 0028 FB01      		movw r30,r22
 1232               	.LVL143:
 1233 002a 0190      		ld __tmp_reg__,Z+
 1234 002c 0020      		tst __tmp_reg__
 1235 002e 01F4      		brne .-6
 1236 0030 3197      		sbiw r30,1
 1237 0032 E61B      		sub r30,r22
 1238 0034 F70B      		sbc r31,r23
 1239 0036 CB01      		movw r24,r22
 1240 0038 BF01      		movw r22,r30
 1241               	.LVL144:
 1242 003a 40E0      		ldi r20,lo8(0)
 1243 003c 50E0      		ldi r21,hi8(0)
 1244 003e 0E94 0000 		call Pipe_Write_Stream_LE
 1245               	.LVL145:
 1246 0042 8823      		tst r24
 1247 0044 01F4      		brne .L114
 1248               	.LBB129:
 1249               	.LBB130:
 1250               	.LSM188:
 1251 0046 8091 A600 		lds r24,166
 1252               	.LVL146:
 1253 004a 8B77      		andi r24,lo8(123)
 1254 004c 8093 A600 		sts 166,r24
 1255               	.LBE130:
 1256               	.LBE129:
 1257               	.LSM189:
 1258 0050 0E94 0000 		call Pipe_WaitUntilReady
 1259               	.LVL147:
 1260               	.LBB131:
 1261               	.LBB132:
 1262               	.LSM190:
 1263 0054 9091 A900 		lds r25,169
 1264 0058 9064      		ori r25,lo8(64)
 1265 005a 9093 A900 		sts 169,r25
 1266               	.LBE132:
 1267               	.LBE131:
 1268               	.LSM191:
 1269 005e 0895      		ret
 1270               	.LFE138:
 1272               		.section	.text.PRNT_Host_SendData,"ax",@progbits
 1273               	.global	PRNT_Host_SendData
 1275               	PRNT_Host_SendData:
 1276               	.LFB139:
 1277               	.LSM192:
 1278               	.LVL148:
 1279               	/* prologue: function */
 1280               	/* frame size = 0 */
 1281               	/* stack size = 0 */
 1282               	.L__stack_usage = 0
 1283               	.LSM193:
 1284 0000 2091 0000 		lds r18,USB_HostState
 1285 0004 2B30      		cpi r18,lo8(11)
 1286 0006 01F0      		breq .L123
 1287               	.LSM194:
 1288 0008 82E0      		ldi r24,lo8(2)
 1289               	.LVL149:
 1290 000a 0895      		ret
 1291               	.LVL150:
 1292               	.L123:
 1293               	.LSM195:
 1294 000c FC01      		movw r30,r24
 1295 000e 2481      		ldd r18,Z+4
 1296 0010 2223      		tst r18
 1297 0012 01F4      		brne .L124
 1298               	.LSM196:
 1299 0014 82E0      		ldi r24,lo8(2)
 1300               	.LVL151:
 1301               	.L120:
 1302               	.LSM197:
 1303 0016 0895      		ret
 1304               	.LVL152:
 1305               	.L124:
 1306               	.LSM198:
 1307 0018 8281      		ldd r24,Z+2
 1308               	.LVL153:
 1309               	.LBB133:
 1310               	.LBB134:
 1311               	.LSM199:
 1312 001a 8093 A700 		sts 167,r24
 1313               	.LBE134:
 1314               	.LBE133:
 1315               	.LBB135:
 1316               	.LBB136:
 1317               	.LSM200:
 1318 001e 8091 A900 		lds r24,169
 1319 0022 8F7B      		andi r24,lo8(-65)
 1320 0024 8093 A900 		sts 169,r24
 1321               	.LBE136:
 1322               	.LBE135:
 1323               	.LSM201:
 1324 0028 CB01      		movw r24,r22
 1325 002a BA01      		movw r22,r20
 1326               	.LVL154:
 1327 002c 40E0      		ldi r20,lo8(0)
 1328 002e 50E0      		ldi r21,hi8(0)
 1329               	.LVL155:
 1330 0030 0E94 0000 		call Pipe_Write_Stream_LE
 1331               	.LVL156:
 1332 0034 8823      		tst r24
 1333 0036 01F4      		brne .L120
 1334               	.LBB137:
 1335               	.LBB138:
 1336               	.LSM202:
 1337 0038 8091 A600 		lds r24,166
 1338               	.LVL157:
 1339 003c 8B77      		andi r24,lo8(123)
 1340 003e 8093 A600 		sts 166,r24
 1341               	.LBE138:
 1342               	.LBE137:
 1343               	.LSM203:
 1344 0042 0E94 0000 		call Pipe_WaitUntilReady
 1345               	.LVL158:
 1346               	.LBB139:
 1347               	.LBB140:
 1348               	.LSM204:
 1349 0046 9091 A900 		lds r25,169
 1350 004a 9064      		ori r25,lo8(64)
 1351 004c 9093 A900 		sts 169,r25
 1352               	.LBE140:
 1353               	.LBE139:
 1354               	.LSM205:
 1355 0050 0895      		ret
 1356               	.LFE139:
 1358               		.section	.text.PRNT_Host_BytesReceived,"ax",@progbits
 1359               	.global	PRNT_Host_BytesReceived
 1361               	PRNT_Host_BytesReceived:
 1362               	.LFB140:
 1363               	.LSM206:
 1364               	.LVL159:
 1365               	/* prologue: function */
 1366               	/* frame size = 0 */
 1367               	/* stack size = 0 */
 1368               	.L__stack_usage = 0
 1369               	.LSM207:
 1370 0000 2091 0000 		lds r18,USB_HostState
 1371 0004 2B30      		cpi r18,lo8(11)
 1372 0006 01F0      		breq .L131
 1373               	.L130:
 1374               	.LSM208:
 1375 0008 20E0      		ldi r18,lo8(0)
 1376 000a 30E0      		ldi r19,hi8(0)
 1377               	.LVL160:
 1378               	.L126:
 1379               	.LSM209:
 1380 000c C901      		movw r24,r18
 1381               	/* epilogue start */
 1382 000e 0895      		ret
 1383               	.LVL161:
 1384               	.L131:
 1385               	.LSM210:
 1386 0010 FC01      		movw r30,r24
 1387 0012 2481      		ldd r18,Z+4
 1388 0014 2223      		tst r18
 1389 0016 01F0      		breq .L130
 1390               	.LSM211:
 1391 0018 8081      		ld r24,Z
 1392               	.LVL162:
 1393               	.LBB141:
 1394               	.LBB142:
 1395               	.LSM212:
 1396 001a 8093 A700 		sts 167,r24
 1397               	.LBE142:
 1398               	.LBE141:
 1399               	.LBB143:
 1400               	.LBB144:
 1401               	.LSM213:
 1402 001e 8091 A900 		lds r24,169
 1403 0022 8F7B      		andi r24,lo8(-65)
 1404 0024 8093 A900 		sts 169,r24
 1405               	.LBE144:
 1406               	.LBE143:
 1407               	.LBB145:
 1408               	.LBB146:
 1409               	.LSM214:
 1410 0028 8091 A600 		lds r24,166
 1411               	.LBE146:
 1412               	.LBE145:
 1413               	.LSM215:
 1414 002c 80FF      		sbrs r24,0
 1415 002e 00C0      		rjmp .L127
 1416               	.LBB147:
 1417               	.LBB148:
 1418               	.LSM216:
 1419 0030 8091 F600 		lds r24,246
 1420 0034 9091 F700 		lds r25,246+1
 1421               	.LBE148:
 1422               	.LBE147:
 1423               	.LSM217:
 1424 0038 0097      		sbiw r24,0
 1425 003a 01F4      		brne .L128
 1426               	.LBB149:
 1427               	.LBB150:
 1428               	.LSM218:
 1429 003c 8091 A600 		lds r24,166
 1430 0040 8E77      		andi r24,lo8(126)
 1431 0042 8093 A600 		sts 166,r24
 1432               	.LBE150:
 1433               	.LBE149:
 1434               	.LBB151:
 1435               	.LBB152:
 1436               	.LSM219:
 1437 0046 8091 A900 		lds r24,169
 1438 004a 8064      		ori r24,lo8(64)
 1439 004c 8093 A900 		sts 169,r24
 1440               	.LBE152:
 1441               	.LBE151:
 1442               	.LSM220:
 1443 0050 20E0      		ldi r18,lo8(0)
 1444 0052 30E0      		ldi r19,hi8(0)
 1445 0054 00C0      		rjmp .L126
 1446               	.L127:
 1447               	.LBB153:
 1448               	.LBB154:
 1449               	.LSM221:
 1450 0056 8091 A900 		lds r24,169
 1451 005a 8064      		ori r24,lo8(64)
 1452 005c 8093 A900 		sts 169,r24
 1453               	.LBE154:
 1454               	.LBE153:
 1455               	.LSM222:
 1456 0060 20E0      		ldi r18,lo8(0)
 1457 0062 30E0      		ldi r19,hi8(0)
 1458               	.LSM223:
 1459 0064 C901      		movw r24,r18
 1460               	/* epilogue start */
 1461 0066 0895      		ret
 1462               	.L128:
 1463               	.LBB155:
 1464               	.LBB156:
 1465               	.LSM224:
 1466 0068 8091 A900 		lds r24,169
 1467 006c 8064      		ori r24,lo8(64)
 1468 006e 8093 A900 		sts 169,r24
 1469               	.LBE156:
 1470               	.LBE155:
 1471               	.LBB157:
 1472               	.LBB158:
 1473               	.LSM225:
 1474 0072 2091 F600 		lds r18,246
 1475 0076 3091 F700 		lds r19,246+1
 1476               	.LBE158:
 1477               	.LBE157:
 1478               	.LSM226:
 1479 007a 00C0      		rjmp .L126
 1480               	.LFE140:
 1482               		.section	.text.PRNT_Host_ReceiveByte,"ax",@progbits
 1483               	.global	PRNT_Host_ReceiveByte
 1485               	PRNT_Host_ReceiveByte:
 1486               	.LFB141:
 1487               	.LSM227:
 1488               	.LVL163:
 1489               	/* prologue: function */
 1490               	/* frame size = 0 */
 1491               	/* stack size = 0 */
 1492               	.L__stack_usage = 0
 1493               	.LSM228:
 1494 0000 2091 0000 		lds r18,USB_HostState
 1495 0004 2B30      		cpi r18,lo8(11)
 1496 0006 01F0      		breq .L140
 1497               	.L137:
 1498               	.LSM229:
 1499 0008 22E0      		ldi r18,lo8(2)
 1500 000a 30E0      		ldi r19,hi8(2)
 1501               	.LSM230:
 1502 000c C901      		movw r24,r18
 1503               	.LVL164:
 1504               	/* epilogue start */
 1505 000e 0895      		ret
 1506               	.LVL165:
 1507               	.L140:
 1508               	.LSM231:
 1509 0010 FC01      		movw r30,r24
 1510 0012 2481      		ldd r18,Z+4
 1511 0014 2223      		tst r18
 1512 0016 01F0      		breq .L137
 1513               	.LVL166:
 1514               	.LSM232:
 1515 0018 8081      		ld r24,Z
 1516               	.LVL167:
 1517               	.LBB159:
 1518               	.LBB160:
 1519               	.LSM233:
 1520 001a 8093 A700 		sts 167,r24
 1521               	.LBE160:
 1522               	.LBE159:
 1523               	.LBB161:
 1524               	.LBB162:
 1525               	.LSM234:
 1526 001e 8091 A900 		lds r24,169
 1527 0022 8F7B      		andi r24,lo8(-65)
 1528 0024 8093 A900 		sts 169,r24
 1529               	.LBE162:
 1530               	.LBE161:
 1531               	.LBB163:
 1532               	.LBB164:
 1533               	.LSM235:
 1534 0028 8091 A600 		lds r24,166
 1535               	.LBE164:
 1536               	.LBE163:
 1537               	.LSM236:
 1538 002c 80FF      		sbrs r24,0
 1539 002e 00C0      		rjmp .L138
 1540               	.LBB165:
 1541               	.LBB166:
 1542               	.LSM237:
 1543 0030 8091 F600 		lds r24,246
 1544 0034 9091 F700 		lds r25,246+1
 1545               	.LBE166:
 1546               	.LBE165:
 1547               	.LSM238:
 1548 0038 0097      		sbiw r24,0
 1549 003a 01F0      		breq .L139
 1550               	.LBB167:
 1551               	.LBB168:
 1552               	.LSM239:
 1553 003c 2091 AF00 		lds r18,175
 1554               	.LBE168:
 1555               	.LBE167:
 1556               	.LSM240:
 1557 0040 30E0      		ldi r19,lo8(0)
 1558               	.LVL168:
 1559               	.L135:
 1560               	.LBB169:
 1561               	.LBB170:
 1562               	.LSM241:
 1563 0042 8091 F600 		lds r24,246
 1564 0046 9091 F700 		lds r25,246+1
 1565               	.LBE170:
 1566               	.LBE169:
 1567               	.LSM242:
 1568 004a 0097      		sbiw r24,0
 1569 004c 01F4      		brne .L134
 1570               	.LBB171:
 1571               	.LBB172:
 1572               	.LSM243:
 1573 004e 8091 A600 		lds r24,166
 1574 0052 8E77      		andi r24,lo8(126)
 1575 0054 8093 A600 		sts 166,r24
 1576 0058 00C0      		rjmp .L134
 1577               	.LVL169:
 1578               	.L138:
 1579               	.LBE172:
 1580               	.LBE171:
 1581               	.LSM244:
 1582 005a 2FEF      		ldi r18,lo8(-1)
 1583 005c 3FEF      		ldi r19,hi8(-1)
 1584               	.LVL170:
 1585               	.L134:
 1586               	.LBB173:
 1587               	.LBB174:
 1588               	.LSM245:
 1589 005e 8091 A900 		lds r24,169
 1590 0062 8064      		ori r24,lo8(64)
 1591 0064 8093 A900 		sts 169,r24
 1592               	.LBE174:
 1593               	.LBE173:
 1594               	.LSM246:
 1595 0068 C901      		movw r24,r18
 1596               	/* epilogue start */
 1597 006a 0895      		ret
 1598               	.LVL171:
 1599               	.L139:
 1600               	.LSM247:
 1601 006c 2FEF      		ldi r18,lo8(-1)
 1602 006e 3FEF      		ldi r19,hi8(-1)
 1603 0070 00C0      		rjmp .L135
 1604               	.LFE141:
 1606               		.section	.text.PRNT_Host_GetDeviceID,"ax",@progbits
 1607               	.global	PRNT_Host_GetDeviceID
 1609               	PRNT_Host_GetDeviceID:
 1610               	.LFB142:
 1611               	.LSM248:
 1612               	.LVL172:
 1613 0000 DF92      		push r13
 1614 0002 EF92      		push r14
 1615 0004 FF92      		push r15
 1616 0006 0F93      		push r16
 1617 0008 1F93      		push r17
 1618 000a DF93      		push r29
 1619 000c CF93      		push r28
 1620 000e 00D0      		rcall .
 1621 0010 CDB7      		in r28,__SP_L__
 1622 0012 DEB7      		in r29,__SP_H__
 1623               	/* prologue: function */
 1624               	/* frame size = 2 */
 1625               	/* stack size = 9 */
 1626               	.L__stack_usage = 9
 1627 0014 8B01      		movw r16,r22
 1628 0016 7A01      		movw r14,r20
 1629               	.LSM249:
 1630 0018 1A82      		std Y+2,__zero_reg__
 1631 001a 1982      		std Y+1,__zero_reg__
 1632               	.LVL173:
 1633               	.LSM250:
 1634 001c FC01      		movw r30,r24
 1635 001e 8581      		ldd r24,Z+5
 1636               	.LVL174:
 1637 0020 91EA      		ldi r25,lo8(-95)
 1638 0022 9093 0000 		sts USB_ControlRequest,r25
 1639 0026 1092 0000 		sts USB_ControlRequest+1,__zero_reg__
 1640 002a 1092 0000 		sts USB_ControlRequest+2+1,__zero_reg__
 1641 002e 1092 0000 		sts USB_ControlRequest+2,__zero_reg__
 1642 0032 8093 0000 		sts USB_ControlRequest+4,r24
 1643 0036 1092 0000 		sts USB_ControlRequest+5,__zero_reg__
 1644 003a 82E0      		ldi r24,lo8(2)
 1645 003c 90E0      		ldi r25,hi8(2)
 1646 003e 9093 0000 		sts USB_ControlRequest+6+1,r25
 1647 0042 8093 0000 		sts USB_ControlRequest+6,r24
 1648               	.LVL175:
 1649               	.LBB175:
 1650               	.LBB176:
 1651               	.LSM251:
 1652 0046 1092 A700 		sts 167,__zero_reg__
 1653               	.LBE176:
 1654               	.LBE175:
 1655               	.LSM252:
 1656 004a CE01      		movw r24,r28
 1657 004c 0196      		adiw r24,1
 1658 004e 0E94 0000 		call USB_Host_SendControlRequest
 1659               	.LVL176:
 1660 0052 D82E      		mov r13,r24
 1661               	.LVL177:
 1662 0054 8823      		tst r24
 1663 0056 01F4      		brne .L142
 1664               	.LSM253:
 1665 0058 8981      		ldd r24,Y+1
 1666 005a 9A81      		ldd r25,Y+2
 1667               	.LVL178:
 1668 005c 0097      		sbiw r24,0
 1669 005e 01F0      		breq .L145
 1670               	.LVL179:
 1671               	.LBB177:
 1672               	.LBB178:
 1673               	.LSM254:
 1674 0060 9C01      		movw r18,r24
 1675 0062 832F      		mov r24,r19
 1676 0064 922F      		mov r25,r18
 1677               	.LBE178:
 1678               	.LBE177:
 1679               	.LSM255:
 1680 0066 9A83      		std Y+2,r25
 1681 0068 8983      		std Y+1,r24
 1682               	.LSM256:
 1683 006a E816      		cp r14,r24
 1684 006c F906      		cpc r15,r25
 1685 006e 00F4      		brsh .L144
 1686               	.LSM257:
 1687 0070 FA82      		std Y+2,r15
 1688 0072 E982      		std Y+1,r14
 1689 0074 C701      		movw r24,r14
 1690               	.L144:
 1691               	.LSM258:
 1692 0076 9093 0000 		sts USB_ControlRequest+6+1,r25
 1693 007a 8093 0000 		sts USB_ControlRequest+6,r24
 1694               	.LSM259:
 1695 007e C801      		movw r24,r16
 1696 0080 0E94 0000 		call USB_Host_SendControlRequest
 1697               	.LVL180:
 1698 0084 D82E      		mov r13,r24
 1699               	.LVL181:
 1700 0086 8823      		tst r24
 1701 0088 01F0      		breq .L146
 1702               	.LVL182:
 1703               	.L142:
 1704               	.LSM260:
 1705 008a 8D2D      		mov r24,r13
 1706               	/* epilogue start */
 1707 008c 0F90      		pop __tmp_reg__
 1708 008e 0F90      		pop __tmp_reg__
 1709 0090 CF91      		pop r28
 1710 0092 DF91      		pop r29
 1711 0094 1F91      		pop r17
 1712 0096 0F91      		pop r16
 1713 0098 FF90      		pop r15
 1714 009a EF90      		pop r14
 1715 009c DF90      		pop r13
 1716               	.LVL183:
 1717 009e 0895      		ret
 1718               	.LVL184:
 1719               	.L146:
 1720               	.LSM261:
 1721 00a0 E980      		ldd r14,Y+1
 1722 00a2 FA80      		ldd r15,Y+2
 1723               	.LVL185:
 1724 00a4 B801      		movw r22,r16
 1725 00a6 6E5F      		subi r22,lo8(-(2))
 1726 00a8 7F4F      		sbci r23,hi8(-(2))
 1727 00aa A701      		movw r20,r14
 1728 00ac 4250      		subi r20,lo8(-(-2))
 1729 00ae 5040      		sbci r21,hi8(-(-2))
 1730 00b0 C801      		movw r24,r16
 1731 00b2 0E94 0000 		call memmove
 1732               	.LSM262:
 1733 00b6 0E0D      		add r16,r14
 1734 00b8 1F1D      		adc r17,r15
 1735               	.LVL186:
 1736 00ba 0250      		subi r16,lo8(-(-2))
 1737 00bc 1040      		sbci r17,hi8(-(-2))
 1738               	.L145:
 1739 00be F801      		movw r30,r16
 1740 00c0 1082      		st Z,__zero_reg__
 1741               	.LSM263:
 1742 00c2 00C0      		rjmp .L142
 1743               	.LFE142:
 1873               	.Letext0:
DEFINED SYMBOLS
                            *ABS*:00000000 PrinterClassHost.c
C:\Users\david\AppData\Local\Temp\ccRoBOHd.s:2      *ABS*:0000003f __SREG__
C:\Users\david\AppData\Local\Temp\ccRoBOHd.s:3      *ABS*:0000003e __SP_H__
C:\Users\david\AppData\Local\Temp\ccRoBOHd.s:4      *ABS*:0000003d __SP_L__
C:\Users\david\AppData\Local\Temp\ccRoBOHd.s:5      *ABS*:00000034 __CCP__
C:\Users\david\AppData\Local\Temp\ccRoBOHd.s:6      *ABS*:00000000 __tmp_reg__
C:\Users\david\AppData\Local\Temp\ccRoBOHd.s:7      *ABS*:00000001 __zero_reg__
C:\Users\david\AppData\Local\Temp\ccRoBOHd.s:18     .text.DCOMP_PRNT_Host_NextPRNTInterface:00000000 DCOMP_PRNT_Host_NextPRNTInterface
C:\Users\david\AppData\Local\Temp\ccRoBOHd.s:61     .text.DCOMP_PRNT_Host_NextPRNTInterfaceEndpoint:00000000 DCOMP_PRNT_Host_NextPRNTInterfaceEndpoint
C:\Users\david\AppData\Local\Temp\ccRoBOHd.s:108    .text.PRNT_Host_ConfigurePipes:00000000 PRNT_Host_ConfigurePipes
C:\Users\david\AppData\Local\Temp\ccRoBOHd.s:817    .text.PRNT_Host_SetBidirectionalMode:00000000 PRNT_Host_SetBidirectionalMode
C:\Users\david\AppData\Local\Temp\ccRoBOHd.s:848    .text.PRNT_Host_GetPortStatus:00000000 PRNT_Host_GetPortStatus
C:\Users\david\AppData\Local\Temp\ccRoBOHd.s:891    .text.PRNT_Host_SoftReset:00000000 PRNT_Host_SoftReset
C:\Users\david\AppData\Local\Temp\ccRoBOHd.s:933    .text.PRNT_Host_Flush:00000000 PRNT_Host_Flush
C:\Users\david\AppData\Local\Temp\ccRoBOHd.s:1045   .text.PRNT_Host_USBTask:00000000 PRNT_Host_USBTask
C:\Users\david\AppData\Local\Temp\ccRoBOHd.s:1074   .text.PRNT_Host_SendByte:00000000 PRNT_Host_SendByte
C:\Users\david\AppData\Local\Temp\ccRoBOHd.s:1182   .text.PRNT_Host_SendString:00000000 PRNT_Host_SendString
C:\Users\david\AppData\Local\Temp\ccRoBOHd.s:1275   .text.PRNT_Host_SendData:00000000 PRNT_Host_SendData
C:\Users\david\AppData\Local\Temp\ccRoBOHd.s:1361   .text.PRNT_Host_BytesReceived:00000000 PRNT_Host_BytesReceived
C:\Users\david\AppData\Local\Temp\ccRoBOHd.s:1485   .text.PRNT_Host_ReceiveByte:00000000 PRNT_Host_ReceiveByte
C:\Users\david\AppData\Local\Temp\ccRoBOHd.s:1609   .text.PRNT_Host_GetDeviceID:00000000 PRNT_Host_GetDeviceID

UNDEFINED SYMBOLS
USB_GetNextDescriptorComp
Pipe_ConfigurePipe
USB_Host_SetInterfaceAltSetting
USB_ControlRequest
USB_Host_SendControlRequest
USB_HostState
Pipe_WaitUntilReady
Pipe_Write_Stream_LE
memmove
